<?xml version="1.0" encoding="UTF-8"?>
<!-- Generated by org.testng.reporters.JUnitXMLReporter -->
<testsuite hostname="BLRPRGGWN20723" ignored="10" name="Create Farmer Profile" tests="3" failures="0" timestamp="08 Jan 2019 08:08:46 GMT" time="70.075" errors="0">
  <testcase name="navigateToFarmerLandSection1" time="39.017" classname="com.seedbank.common.tests.FarmerLandTest"/>
  <testcase name="checkWhetherSurveyNoIsMandatory" time="13.872" classname="com.seedbank.common.tests.FarmerLandTest"/>
  <testcase name="checkWhetherTotalLandHoldingAreaIsMandatory" time="17.171" classname="com.seedbank.common.tests.FarmerLandTest"/>
  <testcase name="enterSurveyNumber" time="0.0" classname="com.seedbank.common.tests.FarmerLandTest">
    <ignored/>
  </testcase> <!-- enterSurveyNumber -->
  <testcase name="enterIrrigatedLand" time="0.0" classname="com.seedbank.common.tests.FarmerLandTest">
    <ignored/>
  </testcase> <!-- enterIrrigatedLand -->
  <testcase name="navigateToFarmerLandSection" time="0.0" classname="com.seedbank.common.tests.FarmerLandTest">
    <ignored/>
  </testcase> <!-- navigateToFarmerLandSection -->
  <testcase name="enterLandName" time="0.0" classname="com.seedbank.common.tests.FarmerLandTest">
    <ignored/>
  </testcase> <!-- enterLandName -->
  <testcase name="checkTotalLandHoldingArea" time="0.0" classname="com.seedbank.common.tests.FarmerLandTest">
    <ignored/>
  </testcase> <!-- checkTotalLandHoldingArea -->
  <testcase name="saveLandDetails" time="0.0" classname="com.seedbank.common.tests.FarmerLandTest">
    <ignored/>
  </testcase> <!-- saveLandDetails -->
  <testcase name="selectSourceOfIrrigation" time="0.0" classname="com.seedbank.common.tests.FarmerLandTest">
    <ignored/>
  </testcase> <!-- selectSourceOfIrrigation -->
  <testcase name="enterTotalLeased" time="0.0" classname="com.seedbank.common.tests.FarmerLandTest">
    <ignored/>
  </testcase> <!-- enterTotalLeased -->
  <testcase name="selectSoilType" time="0.0" classname="com.seedbank.common.tests.FarmerLandTest">
    <ignored/>
  </testcase> <!-- selectSoilType -->
  <testcase name="enterTotalLandOwn" time="0.0" classname="com.seedbank.common.tests.FarmerLandTest">
    <ignored/>
  </testcase> <!-- enterTotalLandOwn -->
</testsuite> <!-- Create Farmer Profile -->
