<?xml version="1.0" encoding="UTF-8"?>
<!-- Generated by org.testng.reporters.JUnitXMLReporter -->
<testsuite hostname="BLRPRGGWN20723" ignored="0" name="Create Crop Pattern" tests="7" failures="2" timestamp="03 Jan 2019 05:24:13 GMT" time="206.481" errors="0">
  <testcase name="navigateToFarmerCroppingPatternSection" time="72.123" classname="com.seedbank.common.tests.FarmerCroppingPatternTest"/>
  <testcase name="selectSurveyNo" time="6.723" classname="com.seedbank.common.tests.FarmerCroppingPatternTest"/>
  <testcase name="enterFieldName" time="2.527" classname="com.seedbank.common.tests.FarmerCroppingPatternTest"/>
  <testcase name="selectCropType" time="2.526" classname="com.seedbank.common.tests.FarmerCroppingPatternTest"/>
  <testcase name="selectSeasonCropYear" time="1.06" classname="com.seedbank.common.tests.FarmerCroppingPatternTest"/>
  <testcase name="enterSizeInAcres" time="60.239" classname="com.seedbank.common.tests.FarmerCroppingPatternTest">
    <failure type="org.openqa.selenium.NoSuchElementException" message="An element could not be located on the page using the given search parameters. (WARNING: The server did not provide any stacktrace information)
Command duration or timeout: 60.24 seconds
For documentation on this error, please visit: http://seleniumhq.org/exceptions/no_such_element.html
Build info: version: &amp;apos;2.46.0&amp;apos;, revision: &amp;apos;87c69e2&amp;apos;, time: &amp;apos;2015-06-04 16:17:10&amp;apos;
System info: host: &amp;apos;BLRPRGGWN20723&amp;apos;, ip: &amp;apos;10.6.141.53&amp;apos;, os.name: &amp;apos;Windows 10&amp;apos;, os.arch: &amp;apos;amd64&amp;apos;, os.version: &amp;apos;10.0&amp;apos;, java.version: &amp;apos;1.8.0_151&amp;apos;
Driver info: io.appium.java_client.android.AndroidDriver
Capabilities [{appPackage=com.itc.seedbankqa, statBarHeight=72, noReset=false, viewportRect={top=72, left=0, width=1080, height=1848}, deviceName=330073a8508cb423, platform=LINUX, deviceUDID=330073a8508cb423, desired={app=D:\Sneha\SeedBank Test Framework\resources\SeedBankV1.0.0.32.apk, appPackage=com.itc.seedbankqa, appActivity=md570a67b0d01c415d5dec6503f08b2f877.SplashScreen, noReset=false, newCommandTimeout=400, platformVersion=7.0, automationName=UiAutomator2, browserName=, autoGrantPermissions=true, platformName=Android, deviceName=330073a8508cb423, autoAcceptAlerts=true}, newCommandTimeout=400, platformVersion=7.0, webStorageEnabled=false, automationName=UiAutomator2, takesScreenshot=true, browserName=, javascriptEnabled=true, platformName=Android, deviceManufacturer=samsung, deviceApiLevel=24, app=D:\Sneha\SeedBank Test Framework\resources\SeedBankV1.0.0.32.apk, deviceScreenSize=1080x1920, networkConnectionEnabled=true, warnings={}, databaseEnabled=false, appActivity=md570a67b0d01c415d5dec6503f08b2f877.SplashScreen, pixelRatio=3, locationContextEnabled=false, autoGrantPermissions=true, deviceScreenDensity=480, deviceModel=SM-G610F, autoAcceptAlerts=true}]
Session ID: 2bdcff68-4657-45c0-b015-a823495ca8a6
*** Element info: {Using=id, value=com.itc.seedbankqa:id/edit_size}">
      <![CDATA[org.openqa.selenium.NoSuchElementException: An element could not be located on the page using the given search parameters. (WARNING: The server did not provide any stacktrace information)
Command duration or timeout: 60.24 seconds
For documentation on this error, please visit: http://seleniumhq.org/exceptions/no_such_element.html
Build info: version: '2.46.0', revision: '87c69e2', time: '2015-06-04 16:17:10'
System info: host: 'BLRPRGGWN20723', ip: '10.6.141.53', os.name: 'Windows 10', os.arch: 'amd64', os.version: '10.0', java.version: '1.8.0_151'
Driver info: io.appium.java_client.android.AndroidDriver
Capabilities [{appPackage=com.itc.seedbankqa, statBarHeight=72, noReset=false, viewportRect={top=72, left=0, width=1080, height=1848}, deviceName=330073a8508cb423, platform=LINUX, deviceUDID=330073a8508cb423, desired={app=D:\Sneha\SeedBank Test Framework\resources\SeedBankV1.0.0.32.apk, appPackage=com.itc.seedbankqa, appActivity=md570a67b0d01c415d5dec6503f08b2f877.SplashScreen, noReset=false, newCommandTimeout=400, platformVersion=7.0, automationName=UiAutomator2, browserName=, autoGrantPermissions=true, platformName=Android, deviceName=330073a8508cb423, autoAcceptAlerts=true}, newCommandTimeout=400, platformVersion=7.0, webStorageEnabled=false, automationName=UiAutomator2, takesScreenshot=true, browserName=, javascriptEnabled=true, platformName=Android, deviceManufacturer=samsung, deviceApiLevel=24, app=D:\Sneha\SeedBank Test Framework\resources\SeedBankV1.0.0.32.apk, deviceScreenSize=1080x1920, networkConnectionEnabled=true, warnings={}, databaseEnabled=false, appActivity=md570a67b0d01c415d5dec6503f08b2f877.SplashScreen, pixelRatio=3, locationContextEnabled=false, autoGrantPermissions=true, deviceScreenDensity=480, deviceModel=SM-G610F, autoAcceptAlerts=true}]
Session ID: 2bdcff68-4657-45c0-b015-a823495ca8a6
*** Element info: {Using=id, value=com.itc.seedbankqa:id/edit_size}
at org.openqa.selenium.remote.ErrorHandler.createThrowable(ErrorHandler.java:204)
at org.openqa.selenium.remote.ErrorHandler.throwIfResponseFailed(ErrorHandler.java:156)
at org.openqa.selenium.remote.RemoteWebDriver.execute(RemoteWebDriver.java:605)
at io.appium.java_client.DefaultGenericMobileDriver.execute(DefaultGenericMobileDriver.java:27)
at io.appium.java_client.AppiumDriver.execute(AppiumDriver.java:1)
at io.appium.java_client.android.AndroidDriver.execute(AndroidDriver.java:1)
at org.openqa.selenium.remote.RemoteWebDriver.findElement(RemoteWebDriver.java:358)
at org.openqa.selenium.remote.RemoteWebDriver.findElementById(RemoteWebDriver.java:399)
at io.appium.java_client.DefaultGenericMobileDriver.findElementById(DefaultGenericMobileDriver.java:47)
at io.appium.java_client.AppiumDriver.findElementById(AppiumDriver.java:1)
at io.appium.java_client.android.AndroidDriver.findElementById(AndroidDriver.java:1)
at org.openqa.selenium.By$ById.findElement(By.java:215)
at org.openqa.selenium.remote.RemoteWebDriver.findElement(RemoteWebDriver.java:350)
at io.appium.java_client.DefaultGenericMobileDriver.findElement(DefaultGenericMobileDriver.java:37)
at io.appium.java_client.AppiumDriver.findElement(AppiumDriver.java:1)
at io.appium.java_client.android.AndroidDriver.findElement(AndroidDriver.java:1)
at com.seedbank.common.utils.Action.clear(Action.java:235)
at com.seedbank.common.utils.Action.sendKeys(Action.java:47)
at com.seedbank.common.tests.pageobjects.Farmer_CroppingPattern.enterSize(Farmer_CroppingPattern.java:58)
at com.seedbank.common.tests.FarmerCroppingPatternTest.enterSizeInAcres(FarmerCroppingPatternTest.java:81)
... Removed 29 stack frames]]>
    </failure>
  </testcase> <!-- enterSizeInAcres -->
  <testcase name="saveCropDetails" time="60.198" classname="com.seedbank.common.tests.FarmerCroppingPatternTest">
    <failure type="org.openqa.selenium.NoSuchElementException" message="An element could not be located on the page using the given search parameters. (WARNING: The server did not provide any stacktrace information)
Command duration or timeout: 60.20 seconds
For documentation on this error, please visit: http://seleniumhq.org/exceptions/no_such_element.html
Build info: version: &amp;apos;2.46.0&amp;apos;, revision: &amp;apos;87c69e2&amp;apos;, time: &amp;apos;2015-06-04 16:17:10&amp;apos;
System info: host: &amp;apos;BLRPRGGWN20723&amp;apos;, ip: &amp;apos;10.6.141.53&amp;apos;, os.name: &amp;apos;Windows 10&amp;apos;, os.arch: &amp;apos;amd64&amp;apos;, os.version: &amp;apos;10.0&amp;apos;, java.version: &amp;apos;1.8.0_151&amp;apos;
Driver info: io.appium.java_client.android.AndroidDriver
Capabilities [{appPackage=com.itc.seedbankqa, statBarHeight=72, noReset=false, viewportRect={top=72, left=0, width=1080, height=1848}, deviceName=330073a8508cb423, platform=LINUX, deviceUDID=330073a8508cb423, desired={app=D:\Sneha\SeedBank Test Framework\resources\SeedBankV1.0.0.32.apk, appPackage=com.itc.seedbankqa, appActivity=md570a67b0d01c415d5dec6503f08b2f877.SplashScreen, noReset=false, newCommandTimeout=400, platformVersion=7.0, automationName=UiAutomator2, browserName=, autoGrantPermissions=true, platformName=Android, deviceName=330073a8508cb423, autoAcceptAlerts=true}, newCommandTimeout=400, platformVersion=7.0, webStorageEnabled=false, automationName=UiAutomator2, takesScreenshot=true, browserName=, javascriptEnabled=true, platformName=Android, deviceManufacturer=samsung, deviceApiLevel=24, app=D:\Sneha\SeedBank Test Framework\resources\SeedBankV1.0.0.32.apk, deviceScreenSize=1080x1920, networkConnectionEnabled=true, warnings={}, databaseEnabled=false, appActivity=md570a67b0d01c415d5dec6503f08b2f877.SplashScreen, pixelRatio=3, locationContextEnabled=false, autoGrantPermissions=true, deviceScreenDensity=480, deviceModel=SM-G610F, autoAcceptAlerts=true}]
Session ID: 2bdcff68-4657-45c0-b015-a823495ca8a6
*** Element info: {Using=id, value=com.itc.seedbankqa:id/button_save}">
      <![CDATA[org.openqa.selenium.NoSuchElementException: An element could not be located on the page using the given search parameters. (WARNING: The server did not provide any stacktrace information)
Command duration or timeout: 60.20 seconds
For documentation on this error, please visit: http://seleniumhq.org/exceptions/no_such_element.html
Build info: version: '2.46.0', revision: '87c69e2', time: '2015-06-04 16:17:10'
System info: host: 'BLRPRGGWN20723', ip: '10.6.141.53', os.name: 'Windows 10', os.arch: 'amd64', os.version: '10.0', java.version: '1.8.0_151'
Driver info: io.appium.java_client.android.AndroidDriver
Capabilities [{appPackage=com.itc.seedbankqa, statBarHeight=72, noReset=false, viewportRect={top=72, left=0, width=1080, height=1848}, deviceName=330073a8508cb423, platform=LINUX, deviceUDID=330073a8508cb423, desired={app=D:\Sneha\SeedBank Test Framework\resources\SeedBankV1.0.0.32.apk, appPackage=com.itc.seedbankqa, appActivity=md570a67b0d01c415d5dec6503f08b2f877.SplashScreen, noReset=false, newCommandTimeout=400, platformVersion=7.0, automationName=UiAutomator2, browserName=, autoGrantPermissions=true, platformName=Android, deviceName=330073a8508cb423, autoAcceptAlerts=true}, newCommandTimeout=400, platformVersion=7.0, webStorageEnabled=false, automationName=UiAutomator2, takesScreenshot=true, browserName=, javascriptEnabled=true, platformName=Android, deviceManufacturer=samsung, deviceApiLevel=24, app=D:\Sneha\SeedBank Test Framework\resources\SeedBankV1.0.0.32.apk, deviceScreenSize=1080x1920, networkConnectionEnabled=true, warnings={}, databaseEnabled=false, appActivity=md570a67b0d01c415d5dec6503f08b2f877.SplashScreen, pixelRatio=3, locationContextEnabled=false, autoGrantPermissions=true, deviceScreenDensity=480, deviceModel=SM-G610F, autoAcceptAlerts=true}]
Session ID: 2bdcff68-4657-45c0-b015-a823495ca8a6
*** Element info: {Using=id, value=com.itc.seedbankqa:id/button_save}
at org.openqa.selenium.remote.ErrorHandler.createThrowable(ErrorHandler.java:204)
at org.openqa.selenium.remote.ErrorHandler.throwIfResponseFailed(ErrorHandler.java:156)
at org.openqa.selenium.remote.RemoteWebDriver.execute(RemoteWebDriver.java:605)
at io.appium.java_client.DefaultGenericMobileDriver.execute(DefaultGenericMobileDriver.java:27)
at io.appium.java_client.AppiumDriver.execute(AppiumDriver.java:1)
at io.appium.java_client.android.AndroidDriver.execute(AndroidDriver.java:1)
at org.openqa.selenium.remote.RemoteWebDriver.findElement(RemoteWebDriver.java:358)
at org.openqa.selenium.remote.RemoteWebDriver.findElementById(RemoteWebDriver.java:399)
at io.appium.java_client.DefaultGenericMobileDriver.findElementById(DefaultGenericMobileDriver.java:47)
at io.appium.java_client.AppiumDriver.findElementById(AppiumDriver.java:1)
at io.appium.java_client.android.AndroidDriver.findElementById(AndroidDriver.java:1)
at org.openqa.selenium.By$ById.findElement(By.java:215)
at org.openqa.selenium.remote.RemoteWebDriver.findElement(RemoteWebDriver.java:350)
at io.appium.java_client.DefaultGenericMobileDriver.findElement(DefaultGenericMobileDriver.java:37)
at io.appium.java_client.AppiumDriver.findElement(AppiumDriver.java:1)
at io.appium.java_client.android.AndroidDriver.findElement(AndroidDriver.java:1)
at com.seedbank.common.utils.Action.click(Action.java:37)
at com.seedbank.common.tests.pageobjects.Farmer_CroppingPattern.clickOnSaveButton(Farmer_CroppingPattern.java:63)
at com.seedbank.common.tests.FarmerCroppingPatternTest.saveCropDetails(FarmerCroppingPatternTest.java:89)
... Removed 29 stack frames]]>
    </failure>
  </testcase> <!-- saveCropDetails -->
</testsuite> <!-- Create Crop Pattern -->
