<?xml version="1.0" encoding="UTF-8"?>
<!-- Generated by org.testng.reporters.JUnitXMLReporter -->
<testsuite hostname="BLRPRGGWN20723" ignored="0" name="Create Farmer Land" tests="5" failures="2" timestamp="03 Jan 2019 05:37:44 GMT" time="91.909" errors="0">
  <testcase name="navigateToFarmerLandSection" time="83.039" classname="com.seedbank.common.tests.FarmerLandTest"/>
  <testcase name="enterSurveyNumber" time="2.8" classname="com.seedbank.common.tests.FarmerLandTest"/>
  <testcase name="enterLandName" time="2.821" classname="com.seedbank.common.tests.FarmerLandTest"/>
  <testcase name="selectSoilType" time="3.156" classname="com.seedbank.common.tests.FarmerLandTest">
    <failure type="org.openqa.selenium.WebDriverException" message="An unknown server-side error occurred while processing the command. Original error: Could not proxy command to remote server. Original error: Error: read ECONNRESET (WARNING: The server did not provide any stacktrace information)
Command duration or timeout: 31 milliseconds
Build info: version: &amp;apos;2.46.0&amp;apos;, revision: &amp;apos;87c69e2&amp;apos;, time: &amp;apos;2015-06-04 16:17:10&amp;apos;
System info: host: &amp;apos;BLRPRGGWN20723&amp;apos;, ip: &amp;apos;10.6.141.53&amp;apos;, os.name: &amp;apos;Windows 10&amp;apos;, os.arch: &amp;apos;amd64&amp;apos;, os.version: &amp;apos;10.0&amp;apos;, java.version: &amp;apos;1.8.0_151&amp;apos;
Driver info: io.appium.java_client.android.AndroidDriver
Capabilities [{appPackage=com.itc.seedbankqa, statBarHeight=72, noReset=false, viewportRect={top=72, left=0, width=1080, height=1848}, deviceName=330073a8508cb423, platform=LINUX, deviceUDID=330073a8508cb423, desired={app=D:\Sneha\SeedBank Test Framework\resources\SeedBankV1.0.0.32.apk, appPackage=com.itc.seedbankqa, appActivity=md570a67b0d01c415d5dec6503f08b2f877.SplashScreen, noReset=false, newCommandTimeout=400, platformVersion=7.0, automationName=UiAutomator2, browserName=, autoGrantPermissions=true, platformName=Android, deviceName=330073a8508cb423, autoAcceptAlerts=true}, newCommandTimeout=400, platformVersion=7.0, webStorageEnabled=false, automationName=UiAutomator2, takesScreenshot=true, browserName=, javascriptEnabled=true, platformName=Android, deviceManufacturer=samsung, deviceApiLevel=24, app=D:\Sneha\SeedBank Test Framework\resources\SeedBankV1.0.0.32.apk, deviceScreenSize=1080x1920, networkConnectionEnabled=true, warnings={}, databaseEnabled=false, appActivity=md570a67b0d01c415d5dec6503f08b2f877.SplashScreen, pixelRatio=3, locationContextEnabled=false, autoGrantPermissions=true, deviceScreenDensity=480, deviceModel=SM-G610F, autoAcceptAlerts=true}]
Session ID: 2555705c-173f-4565-a1c0-f203ae275bbf
*** Element info: {Using=xpath, value=//android.widget.TextView[@resource-id=&amp;apos;com.itc.seedbankqa:id/text_spinner&amp;apos;]}">
      <![CDATA[org.openqa.selenium.WebDriverException: An unknown server-side error occurred while processing the command. Original error: Could not proxy command to remote server. Original error: Error: read ECONNRESET (WARNING: The server did not provide any stacktrace information)
Command duration or timeout: 31 milliseconds
Build info: version: '2.46.0', revision: '87c69e2', time: '2015-06-04 16:17:10'
System info: host: 'BLRPRGGWN20723', ip: '10.6.141.53', os.name: 'Windows 10', os.arch: 'amd64', os.version: '10.0', java.version: '1.8.0_151'
Driver info: io.appium.java_client.android.AndroidDriver
Capabilities [{appPackage=com.itc.seedbankqa, statBarHeight=72, noReset=false, viewportRect={top=72, left=0, width=1080, height=1848}, deviceName=330073a8508cb423, platform=LINUX, deviceUDID=330073a8508cb423, desired={app=D:\Sneha\SeedBank Test Framework\resources\SeedBankV1.0.0.32.apk, appPackage=com.itc.seedbankqa, appActivity=md570a67b0d01c415d5dec6503f08b2f877.SplashScreen, noReset=false, newCommandTimeout=400, platformVersion=7.0, automationName=UiAutomator2, browserName=, autoGrantPermissions=true, platformName=Android, deviceName=330073a8508cb423, autoAcceptAlerts=true}, newCommandTimeout=400, platformVersion=7.0, webStorageEnabled=false, automationName=UiAutomator2, takesScreenshot=true, browserName=, javascriptEnabled=true, platformName=Android, deviceManufacturer=samsung, deviceApiLevel=24, app=D:\Sneha\SeedBank Test Framework\resources\SeedBankV1.0.0.32.apk, deviceScreenSize=1080x1920, networkConnectionEnabled=true, warnings={}, databaseEnabled=false, appActivity=md570a67b0d01c415d5dec6503f08b2f877.SplashScreen, pixelRatio=3, locationContextEnabled=false, autoGrantPermissions=true, deviceScreenDensity=480, deviceModel=SM-G610F, autoAcceptAlerts=true}]
Session ID: 2555705c-173f-4565-a1c0-f203ae275bbf
*** Element info: {Using=xpath, value=//android.widget.TextView[@resource-id='com.itc.seedbankqa:id/text_spinner']}
at org.openqa.selenium.remote.ErrorHandler.createThrowable(ErrorHandler.java:204)
at org.openqa.selenium.remote.ErrorHandler.throwIfResponseFailed(ErrorHandler.java:156)
at org.openqa.selenium.remote.RemoteWebDriver.execute(RemoteWebDriver.java:605)
at io.appium.java_client.DefaultGenericMobileDriver.execute(DefaultGenericMobileDriver.java:27)
at io.appium.java_client.AppiumDriver.execute(AppiumDriver.java:1)
at io.appium.java_client.android.AndroidDriver.execute(AndroidDriver.java:1)
at org.openqa.selenium.remote.RemoteWebDriver.findElements(RemoteWebDriver.java:383)
at org.openqa.selenium.remote.RemoteWebDriver.findElementsByXPath(RemoteWebDriver.java:459)
at io.appium.java_client.DefaultGenericMobileDriver.findElementsByXPath(DefaultGenericMobileDriver.java:103)
at io.appium.java_client.AppiumDriver.findElementsByXPath(AppiumDriver.java:159)
at org.openqa.selenium.By$ByXPath.findElements(By.java:353)
at org.openqa.selenium.remote.RemoteWebDriver.findElements(RemoteWebDriver.java:346)
at io.appium.java_client.DefaultGenericMobileDriver.findElements(DefaultGenericMobileDriver.java:32)
at io.appium.java_client.AppiumDriver.findElements(AppiumDriver.java:126)
at com.seedbank.common.utils.Action.findElements(Action.java:170)
at com.seedbank.common.tests.pageobjects.GenericPageElements.selectValueFromList(GenericPageElements.java:39)
at com.seedbank.common.tests.pageobjects.Farmer_Land.selectSoilType(Farmer_Land.java:54)
at com.seedbank.common.tests.FarmerLandTest.selectSoilType(FarmerLandTest.java:64)
... Removed 29 stack frames]]>
    </failure>
  </testcase> <!-- selectSoilType -->
  <testcase name="selectSoilType" time="3.181" classname="com.seedbank.common.tests.FarmerLandTest">
    <failure type="org.openqa.selenium.WebDriverException" message="An unknown server-side error occurred while processing the command. Original error: Could not proxy command to remote server. Original error: Error: read ECONNRESET (WARNING: The server did not provide any stacktrace information)
Command duration or timeout: 17 milliseconds
Build info: version: &amp;apos;2.46.0&amp;apos;, revision: &amp;apos;87c69e2&amp;apos;, time: &amp;apos;2015-06-04 16:17:10&amp;apos;
System info: host: &amp;apos;BLRPRGGWN20723&amp;apos;, ip: &amp;apos;10.6.141.53&amp;apos;, os.name: &amp;apos;Windows 10&amp;apos;, os.arch: &amp;apos;amd64&amp;apos;, os.version: &amp;apos;10.0&amp;apos;, java.version: &amp;apos;1.8.0_151&amp;apos;
Driver info: io.appium.java_client.android.AndroidDriver
Capabilities [{appPackage=com.itc.seedbankqa, statBarHeight=72, noReset=false, viewportRect={top=72, left=0, width=1080, height=1848}, deviceName=330073a8508cb423, platform=LINUX, deviceUDID=330073a8508cb423, desired={app=D:\Sneha\SeedBank Test Framework\resources\SeedBankV1.0.0.32.apk, appPackage=com.itc.seedbankqa, appActivity=md570a67b0d01c415d5dec6503f08b2f877.SplashScreen, noReset=false, newCommandTimeout=400, platformVersion=7.0, automationName=UiAutomator2, browserName=, autoGrantPermissions=true, platformName=Android, deviceName=330073a8508cb423, autoAcceptAlerts=true}, newCommandTimeout=400, platformVersion=7.0, webStorageEnabled=false, automationName=UiAutomator2, takesScreenshot=true, browserName=, javascriptEnabled=true, platformName=Android, deviceManufacturer=samsung, deviceApiLevel=24, app=D:\Sneha\SeedBank Test Framework\resources\SeedBankV1.0.0.32.apk, deviceScreenSize=1080x1920, networkConnectionEnabled=true, warnings={}, databaseEnabled=false, appActivity=md570a67b0d01c415d5dec6503f08b2f877.SplashScreen, pixelRatio=3, locationContextEnabled=false, autoGrantPermissions=true, deviceScreenDensity=480, deviceModel=SM-G610F, autoAcceptAlerts=true}]
Session ID: 2555705c-173f-4565-a1c0-f203ae275bbf">
      <![CDATA[org.openqa.selenium.WebDriverException: An unknown server-side error occurred while processing the command. Original error: Could not proxy command to remote server. Original error: Error: read ECONNRESET (WARNING: The server did not provide any stacktrace information)
Command duration or timeout: 17 milliseconds
Build info: version: '2.46.0', revision: '87c69e2', time: '2015-06-04 16:17:10'
System info: host: 'BLRPRGGWN20723', ip: '10.6.141.53', os.name: 'Windows 10', os.arch: 'amd64', os.version: '10.0', java.version: '1.8.0_151'
Driver info: io.appium.java_client.android.AndroidDriver
Capabilities [{appPackage=com.itc.seedbankqa, statBarHeight=72, noReset=false, viewportRect={top=72, left=0, width=1080, height=1848}, deviceName=330073a8508cb423, platform=LINUX, deviceUDID=330073a8508cb423, desired={app=D:\Sneha\SeedBank Test Framework\resources\SeedBankV1.0.0.32.apk, appPackage=com.itc.seedbankqa, appActivity=md570a67b0d01c415d5dec6503f08b2f877.SplashScreen, noReset=false, newCommandTimeout=400, platformVersion=7.0, automationName=UiAutomator2, browserName=, autoGrantPermissions=true, platformName=Android, deviceName=330073a8508cb423, autoAcceptAlerts=true}, newCommandTimeout=400, platformVersion=7.0, webStorageEnabled=false, automationName=UiAutomator2, takesScreenshot=true, browserName=, javascriptEnabled=true, platformName=Android, deviceManufacturer=samsung, deviceApiLevel=24, app=D:\Sneha\SeedBank Test Framework\resources\SeedBankV1.0.0.32.apk, deviceScreenSize=1080x1920, networkConnectionEnabled=true, warnings={}, databaseEnabled=false, appActivity=md570a67b0d01c415d5dec6503f08b2f877.SplashScreen, pixelRatio=3, locationContextEnabled=false, autoGrantPermissions=true, deviceScreenDensity=480, deviceModel=SM-G610F, autoAcceptAlerts=true}]
Session ID: 2555705c-173f-4565-a1c0-f203ae275bbf
at org.openqa.selenium.remote.ErrorHandler.createThrowable(ErrorHandler.java:204)
at org.openqa.selenium.remote.ErrorHandler.throwIfResponseFailed(ErrorHandler.java:156)
at org.openqa.selenium.remote.RemoteWebDriver.execute(RemoteWebDriver.java:605)
at io.appium.java_client.DefaultGenericMobileDriver.execute(DefaultGenericMobileDriver.java:27)
at io.appium.java_client.AppiumDriver.execute(AppiumDriver.java:272)
at org.openqa.selenium.remote.RemoteWebDriver.getScreenshotAs(RemoteWebDriver.java:330)
at com.seedbank.common.reporting.Reporter.takeScreenShot(Reporter.java:136)
at com.seedbank.common.reporting.Reporter.report(Reporter.java:101)
at com.seedbank.common.reporting.CustomListener.onTestFailure(CustomListener.java:27)
... Removed 26 stack frames]]>
    </failure>
  </testcase> <!-- selectSoilType -->
</testsuite> <!-- Create Farmer Land -->
