<?xml version="1.0" encoding="UTF-8"?>
<!-- Generated by org.testng.reporters.JUnitXMLReporter -->
<testsuite hostname="BLRPRGGWN20723" ignored="0" name="EndToEndScenarios" tests="1" failures="0" timestamp="26 Nov 2018 11:12:24 GMT" time="0.044" errors="0">
  <testcase name="@BeforeClass initializeTestBaseSetup" time="0.0" classname="com.dunelm.base.TestCaseBase">
    <failure type="org.testng.TestNGException" message="
Method initializeTestBaseSetup requires 3 parameters but 2 were supplied in the BeforeClass annotation.">
      <![CDATA[org.testng.TestNGException: 
Method initializeTestBaseSetup requires 3 parameters but 2 were supplied in the BeforeClass annotation.
... Removed 23 stack frames]]>
    </failure>
  </testcase> <!-- @BeforeClass initializeTestBaseSetup -->
  <testcase name="navigateToTheHomepage" time="0.0" classname="com.dunelm.common.tests.SiteLandingTest">
    <skipped/>
  </testcase> <!-- navigateToTheHomepage -->
</testsuite> <!-- EndToEndScenarios -->
