<?xml version="1.0" encoding="UTF-8"?>
<!-- Generated by org.testng.reporters.JUnitXMLReporter -->
<testsuite hostname="BLRPRGGWN20723" ignored="0" name="Monitor a crop" tests="25" failures="1" timestamp="20 Dec 2018 10:54:25 GMT" time="172.542" errors="0">
  <testcase name="navigateToCropMonitoringPageFromDashboard" time="71.76" classname="com.seedbank.common.tests.MonitorCropTest"/>
  <testcase name="addACropToMonitor" time="11.459" classname="com.seedbank.common.tests.MonitorCropTest"/>
  <testcase name="addStagePreSowing" time="9.015" classname="com.seedbank.common.tests.MonitorCropTest"/>
  <testcase name="enterDeepPloughingDetails" time="3.853" classname="com.seedbank.common.tests.MonitorCropTest"/>
  <testcase name="enterCultivatorDetails" time="6.158" classname="com.seedbank.common.tests.MonitorCropTest"/>
  <testcase name="enterLevellingDetails" time="4.311" classname="com.seedbank.common.tests.MonitorCropTest"/>
  <testcase name="enterPreSowingCost" time="1.194" classname="com.seedbank.common.tests.MonitorCropTest"/>
  <testcase name="submitPreSowingStage" time="5.642" classname="com.seedbank.common.tests.MonitorCropTest"/>
  <testcase name="addStageSowing" time="5.194" classname="com.seedbank.common.tests.MonitorCropTest"/>
  <testcase name="addSeedTreatmentDetails" time="0.002" classname="com.seedbank.common.tests.MonitorCropTest"/>
  <testcase name="selectCropVariety" time="5.974" classname="com.seedbank.common.tests.MonitorCropTest"/>
  <testcase name="selectSeedType" time="4.16" classname="com.seedbank.common.tests.MonitorCropTest"/>
  <testcase name="enterDateOfSowing" time="0.783" classname="com.seedbank.common.tests.MonitorCropTest"/>
  <testcase name="enterSeedQuantity" time="1.209" classname="com.seedbank.common.tests.MonitorCropTest"/>
  <testcase name="selectMethodOfSowing" time="4.447" classname="com.seedbank.common.tests.MonitorCropTest"/>
  <testcase name="enterRowToRow" time="0.757" classname="com.seedbank.common.tests.MonitorCropTest"/>
  <testcase name="enterPlantToPlant" time="7.048" classname="com.seedbank.common.tests.MonitorCropTest"/>
  <testcase name="enterCost" time="1.448" classname="com.seedbank.common.tests.MonitorCropTest">
    <failure type="org.openqa.selenium.WebDriverException" message="An unknown server-side error occurred while processing the command. Original error: Could not proxy command to remote server. Original error: Error: socket hang up (WARNING: The server did not provide any stacktrace information)
Command duration or timeout: 385 milliseconds
Build info: version: &amp;apos;2.46.0&amp;apos;, revision: &amp;apos;87c69e2&amp;apos;, time: &amp;apos;2015-06-04 16:17:10&amp;apos;
System info: host: &amp;apos;BLRPRGGWN20723&amp;apos;, ip: &amp;apos;10.6.137.230&amp;apos;, os.name: &amp;apos;Windows 10&amp;apos;, os.arch: &amp;apos;amd64&amp;apos;, os.version: &amp;apos;10.0&amp;apos;, java.version: &amp;apos;1.8.0_151&amp;apos;
Driver info: io.appium.java_client.android.AndroidDriver
Capabilities [{appPackage=com.itc.seedbankqa, statBarHeight=72, noReset=false, viewportRect={top=72, left=0, width=1080, height=1848}, deviceName=330073a8508cb423, platform=LINUX, deviceUDID=330073a8508cb423, desired={app=D:\Sneha\SeedBank Test Framework\resources\SeedBankV1.0.0.32.apk, appPackage=com.itc.seedbankqa, appActivity=md570a67b0d01c415d5dec6503f08b2f877.SplashScreen, noReset=false, newCommandTimeout=400, platformVersion=7.0, automationName=UiAutomator2, browserName=, autoGrantPermissions=true, platformName=Android, deviceName=330073a8508cb423, autoAcceptAlerts=true}, newCommandTimeout=400, platformVersion=7.0, webStorageEnabled=false, automationName=UiAutomator2, takesScreenshot=true, browserName=, javascriptEnabled=true, platformName=Android, deviceManufacturer=samsung, deviceApiLevel=24, app=D:\Sneha\SeedBank Test Framework\resources\SeedBankV1.0.0.32.apk, deviceScreenSize=1080x1920, networkConnectionEnabled=true, warnings={}, databaseEnabled=false, appActivity=md570a67b0d01c415d5dec6503f08b2f877.SplashScreen, pixelRatio=3, locationContextEnabled=false, autoGrantPermissions=true, deviceScreenDensity=480, deviceModel=SM-G610F, autoAcceptAlerts=true}]
Session ID: cb74f34a-af6d-4928-99b1-9908a7b8d326
*** Element info: {Using=id, value=com.itc.seedbankqa:id/edit_coc}">
      <![CDATA[org.openqa.selenium.WebDriverException: An unknown server-side error occurred while processing the command. Original error: Could not proxy command to remote server. Original error: Error: socket hang up (WARNING: The server did not provide any stacktrace information)
Command duration or timeout: 385 milliseconds
Build info: version: '2.46.0', revision: '87c69e2', time: '2015-06-04 16:17:10'
System info: host: 'BLRPRGGWN20723', ip: '10.6.137.230', os.name: 'Windows 10', os.arch: 'amd64', os.version: '10.0', java.version: '1.8.0_151'
Driver info: io.appium.java_client.android.AndroidDriver
Capabilities [{appPackage=com.itc.seedbankqa, statBarHeight=72, noReset=false, viewportRect={top=72, left=0, width=1080, height=1848}, deviceName=330073a8508cb423, platform=LINUX, deviceUDID=330073a8508cb423, desired={app=D:\Sneha\SeedBank Test Framework\resources\SeedBankV1.0.0.32.apk, appPackage=com.itc.seedbankqa, appActivity=md570a67b0d01c415d5dec6503f08b2f877.SplashScreen, noReset=false, newCommandTimeout=400, platformVersion=7.0, automationName=UiAutomator2, browserName=, autoGrantPermissions=true, platformName=Android, deviceName=330073a8508cb423, autoAcceptAlerts=true}, newCommandTimeout=400, platformVersion=7.0, webStorageEnabled=false, automationName=UiAutomator2, takesScreenshot=true, browserName=, javascriptEnabled=true, platformName=Android, deviceManufacturer=samsung, deviceApiLevel=24, app=D:\Sneha\SeedBank Test Framework\resources\SeedBankV1.0.0.32.apk, deviceScreenSize=1080x1920, networkConnectionEnabled=true, warnings={}, databaseEnabled=false, appActivity=md570a67b0d01c415d5dec6503f08b2f877.SplashScreen, pixelRatio=3, locationContextEnabled=false, autoGrantPermissions=true, deviceScreenDensity=480, deviceModel=SM-G610F, autoAcceptAlerts=true}]
Session ID: cb74f34a-af6d-4928-99b1-9908a7b8d326
*** Element info: {Using=id, value=com.itc.seedbankqa:id/edit_coc}
at org.openqa.selenium.remote.ErrorHandler.createThrowable(ErrorHandler.java:204)
at org.openqa.selenium.remote.ErrorHandler.throwIfResponseFailed(ErrorHandler.java:156)
at org.openqa.selenium.remote.RemoteWebDriver.execute(RemoteWebDriver.java:605)
at io.appium.java_client.DefaultGenericMobileDriver.execute(DefaultGenericMobileDriver.java:27)
at io.appium.java_client.AppiumDriver.execute(AppiumDriver.java:1)
at io.appium.java_client.android.AndroidDriver.execute(AndroidDriver.java:1)
at org.openqa.selenium.remote.RemoteWebDriver.findElement(RemoteWebDriver.java:358)
at org.openqa.selenium.remote.RemoteWebDriver.findElementById(RemoteWebDriver.java:399)
at io.appium.java_client.DefaultGenericMobileDriver.findElementById(DefaultGenericMobileDriver.java:47)
at io.appium.java_client.AppiumDriver.findElementById(AppiumDriver.java:1)
at io.appium.java_client.android.AndroidDriver.findElementById(AndroidDriver.java:1)
at org.openqa.selenium.By$ById.findElement(By.java:215)
at org.openqa.selenium.remote.RemoteWebDriver.findElement(RemoteWebDriver.java:350)
at io.appium.java_client.DefaultGenericMobileDriver.findElement(DefaultGenericMobileDriver.java:37)
at io.appium.java_client.AppiumDriver.findElement(AppiumDriver.java:1)
at io.appium.java_client.android.AndroidDriver.findElement(AndroidDriver.java:1)
at com.seedbank.common.utils.Action.sendKeys(Action.java:50)
at com.seedbank.common.tests.pageobjects.CropMonitoring_Stage_Sowing.enterCost(CropMonitoring_Stage_Sowing.java:96)
at com.seedbank.common.tests.MonitorCropTest.enterCost(MonitorCropTest.java:180)
... Removed 29 stack frames]]>
    </failure>
  </testcase> <!-- enterCost -->
  <testcase name="submitSowingStage" time="0.162" classname="com.seedbank.common.tests.MonitorCropTest"/>
  <testcase name="addStageHarvesting" time="9.236" classname="com.seedbank.common.tests.MonitorCropTest"/>
  <testcase name="enterDateOfHarvesting" time="0.714" classname="com.seedbank.common.tests.MonitorCropTest"/>
  <testcase name="enterYieldQuantity" time="3.198" classname="com.seedbank.common.tests.MonitorCropTest"/>
  <testcase name="enterDateOfThreshing" time="2.716" classname="com.seedbank.common.tests.MonitorCropTest"/>
  <testcase name="enterCostOfHarvesting" time="2.725" classname="com.seedbank.common.tests.MonitorCropTest"/>
  <testcase name="submitHarvestingStage" time="8.181" classname="com.seedbank.common.tests.MonitorCropTest"/>
</testsuite> <!-- Monitor a crop -->
