<?xml version="1.0" encoding="UTF-8"?>
<!-- Generated by org.testng.reporters.JUnitXMLReporter -->
<testsuite hostname="BLRPRGGWN20723" ignored="10" name="Registration" tests="1" failures="0" timestamp="08 Jan 2019 08:07:36 GMT" time="80.876" errors="0">
  <testcase name="loginAsExistingUser" time="27.74" classname="com.seedbank.common.tests.Registration"/>
  <testcase name="checkForInvalidOTP_SpecialChar" time="0.0" classname="com.seedbank.common.tests.Registration">
    <ignored/>
  </testcase> <!-- checkForInvalidOTP_SpecialChar -->
  <testcase name="registerWithAlreadyRegisteredNumber" time="0.0" classname="com.seedbank.common.tests.Registration">
    <ignored/>
  </testcase> <!-- registerWithAlreadyRegisteredNumber -->
  <testcase name="checkForInvalidMobileNumber_Alphabetic" time="0.0" classname="com.seedbank.common.tests.Registration">
    <ignored/>
  </testcase> <!-- checkForInvalidMobileNumber_Alphabetic -->
  <testcase name="checkForInvalidOTP_Alphabetic" time="0.0" classname="com.seedbank.common.tests.Registration">
    <ignored/>
  </testcase> <!-- checkForInvalidOTP_Alphabetic -->
  <testcase name="checkForInvalidMobileNumber_SpecialChar" time="0.0" classname="com.seedbank.common.tests.Registration">
    <ignored/>
  </testcase> <!-- checkForInvalidMobileNumber_SpecialChar -->
  <testcase name="checkForInvalidMobileNumber_AlphaNumeric" time="0.0" classname="com.seedbank.common.tests.Registration">
    <ignored/>
  </testcase> <!-- checkForInvalidMobileNumber_AlphaNumeric -->
  <testcase name="checkWhetherDashboardIsPresent" time="0.0" classname="com.seedbank.common.tests.Registration">
    <ignored/>
  </testcase> <!-- checkWhetherDashboardIsPresent -->
  <testcase name="checkForInvalidMobileNumber_checkMobileNumberLength" time="0.0" classname="com.seedbank.common.tests.Registration">
    <ignored/>
  </testcase> <!-- checkForInvalidMobileNumber_checkMobileNumberLength -->
  <testcase name="registerAsNewUser" time="0.0" classname="com.seedbank.common.tests.Registration">
    <ignored/>
  </testcase> <!-- registerAsNewUser -->
  <testcase name="checkForInvalidOTP_AlphaNumeric" time="0.0" classname="com.seedbank.common.tests.Registration">
    <ignored/>
  </testcase> <!-- checkForInvalidOTP_AlphaNumeric -->
</testsuite> <!-- Registration -->
