<?xml version="1.0" encoding="UTF-8"?>
<!-- Generated by org.testng.reporters.JUnitXMLReporter -->
<testsuite hostname="BLRPRGGWN20723" ignored="33" name="Farmer Validation" tests="10" failures="1" timestamp="08 Jan 2019 13:29:57 GMT" time="327.775" errors="0">
  <testcase name="loginAsExistingUser" time="18.231" classname="com.seedbank.common.tests.Registration"/>
  <testcase name="navigateToFarmerProfileSection1" time="40.138" classname="com.seedbank.common.tests.FarmerProfileTest"/>
  <testcase name="checkMandatoryFieldsWhileCreatingFarmerProfile" time="11.969" classname="com.seedbank.common.tests.FarmerProfileTest"/>
  <testcase name="enterMandatoryFieldsAndSaveProfile" time="34.916" classname="com.seedbank.common.tests.FarmerProfileTest"/>
  <testcase name="validatePANNumber" time="14.178" classname="com.seedbank.common.tests.FarmerProfileTest"/>
  <testcase name="validateAadharNumber" time="18.017" classname="com.seedbank.common.tests.FarmerProfileTest"/>
  <testcase name="navigateToFarmerLandSection1" time="21.621" classname="com.seedbank.common.tests.FarmerLandTest"/>
  <testcase name="checkWhetherSurveyNoIsMandatory" time="12.622" classname="com.seedbank.common.tests.FarmerLandTest"/>
  <testcase name="checkWhetherTotalLandHoldingAreaIsMandatory" time="23.031" classname="com.seedbank.common.tests.FarmerLandTest"/>
  <testcase name="checkWhetherIrrigatedLandIsGreaterThanTotalLandHoldingArea" time="82.324" classname="com.seedbank.common.tests.FarmerLandTest">
    <failure type="org.openqa.selenium.NoSuchElementException" message="An element could not be located on the page using the given search parameters. (WARNING: The server did not provide any stacktrace information)
Command duration or timeout: 60.61 seconds
For documentation on this error, please visit: http://seleniumhq.org/exceptions/no_such_element.html
Build info: version: &amp;apos;2.46.0&amp;apos;, revision: &amp;apos;87c69e2&amp;apos;, time: &amp;apos;2015-06-04 16:17:10&amp;apos;
System info: host: &amp;apos;BLRPRGGWN20723&amp;apos;, ip: &amp;apos;10.6.139.77&amp;apos;, os.name: &amp;apos;Windows 10&amp;apos;, os.arch: &amp;apos;amd64&amp;apos;, os.version: &amp;apos;10.0&amp;apos;, java.version: &amp;apos;1.8.0_151&amp;apos;
Driver info: io.appium.java_client.android.AndroidDriver
Capabilities [{appPackage=com.itc.seedbankqa, statBarHeight=72, noReset=false, viewportRect={top=72, left=0, width=1080, height=1848}, deviceName=330073a8508cb423, platform=LINUX, deviceUDID=330073a8508cb423, desired={app=D:\Sneha\SeedBank Test Framework\resources\SeedBankV1.0.0.32.apk, appPackage=com.itc.seedbankqa, appActivity=md570a67b0d01c415d5dec6503f08b2f877.SplashScreen, noReset=false, newCommandTimeout=400, platformVersion=7.0, automationName=UiAutomator2, browserName=, autoGrantPermissions=true, platformName=Android, deviceName=330073a8508cb423, autoAcceptAlerts=true}, newCommandTimeout=400, platformVersion=7.0, webStorageEnabled=false, automationName=UiAutomator2, takesScreenshot=true, browserName=, javascriptEnabled=true, platformName=Android, deviceManufacturer=samsung, deviceApiLevel=24, app=D:\Sneha\SeedBank Test Framework\resources\SeedBankV1.0.0.32.apk, deviceScreenSize=1080x1920, networkConnectionEnabled=true, warnings={}, databaseEnabled=false, appActivity=md570a67b0d01c415d5dec6503f08b2f877.SplashScreen, pixelRatio=3, locationContextEnabled=false, autoGrantPermissions=true, deviceScreenDensity=480, deviceModel=SM-G610F, autoAcceptAlerts=true}]
Session ID: 8bdacdcb-3c54-4436-b0a8-e7b2e2d0bad1
*** Element info: {Using=xpath, value=//android.widget.TextView[@resource-id=&amp;apos;android:id/message&amp;apos;]}">
      <![CDATA[org.openqa.selenium.NoSuchElementException: An element could not be located on the page using the given search parameters. (WARNING: The server did not provide any stacktrace information)
Command duration or timeout: 60.61 seconds
For documentation on this error, please visit: http://seleniumhq.org/exceptions/no_such_element.html
Build info: version: '2.46.0', revision: '87c69e2', time: '2015-06-04 16:17:10'
System info: host: 'BLRPRGGWN20723', ip: '10.6.139.77', os.name: 'Windows 10', os.arch: 'amd64', os.version: '10.0', java.version: '1.8.0_151'
Driver info: io.appium.java_client.android.AndroidDriver
Capabilities [{appPackage=com.itc.seedbankqa, statBarHeight=72, noReset=false, viewportRect={top=72, left=0, width=1080, height=1848}, deviceName=330073a8508cb423, platform=LINUX, deviceUDID=330073a8508cb423, desired={app=D:\Sneha\SeedBank Test Framework\resources\SeedBankV1.0.0.32.apk, appPackage=com.itc.seedbankqa, appActivity=md570a67b0d01c415d5dec6503f08b2f877.SplashScreen, noReset=false, newCommandTimeout=400, platformVersion=7.0, automationName=UiAutomator2, browserName=, autoGrantPermissions=true, platformName=Android, deviceName=330073a8508cb423, autoAcceptAlerts=true}, newCommandTimeout=400, platformVersion=7.0, webStorageEnabled=false, automationName=UiAutomator2, takesScreenshot=true, browserName=, javascriptEnabled=true, platformName=Android, deviceManufacturer=samsung, deviceApiLevel=24, app=D:\Sneha\SeedBank Test Framework\resources\SeedBankV1.0.0.32.apk, deviceScreenSize=1080x1920, networkConnectionEnabled=true, warnings={}, databaseEnabled=false, appActivity=md570a67b0d01c415d5dec6503f08b2f877.SplashScreen, pixelRatio=3, locationContextEnabled=false, autoGrantPermissions=true, deviceScreenDensity=480, deviceModel=SM-G610F, autoAcceptAlerts=true}]
Session ID: 8bdacdcb-3c54-4436-b0a8-e7b2e2d0bad1
*** Element info: {Using=xpath, value=//android.widget.TextView[@resource-id='android:id/message']}
at org.openqa.selenium.remote.ErrorHandler.createThrowable(ErrorHandler.java:204)
at org.openqa.selenium.remote.ErrorHandler.throwIfResponseFailed(ErrorHandler.java:156)
at org.openqa.selenium.remote.RemoteWebDriver.execute(RemoteWebDriver.java:605)
at io.appium.java_client.DefaultGenericMobileDriver.execute(DefaultGenericMobileDriver.java:27)
at io.appium.java_client.AppiumDriver.execute(AppiumDriver.java:1)
at io.appium.java_client.android.AndroidDriver.execute(AndroidDriver.java:1)
at org.openqa.selenium.remote.RemoteWebDriver.findElement(RemoteWebDriver.java:358)
at org.openqa.selenium.remote.RemoteWebDriver.findElementByXPath(RemoteWebDriver.java:455)
at io.appium.java_client.DefaultGenericMobileDriver.findElementByXPath(DefaultGenericMobileDriver.java:99)
at io.appium.java_client.AppiumDriver.findElementByXPath(AppiumDriver.java:1)
at io.appium.java_client.android.AndroidDriver.findElementByXPath(AndroidDriver.java:1)
at org.openqa.selenium.By$ByXPath.findElement(By.java:358)
at org.openqa.selenium.remote.RemoteWebDriver.findElement(RemoteWebDriver.java:350)
at io.appium.java_client.DefaultGenericMobileDriver.findElement(DefaultGenericMobileDriver.java:37)
at io.appium.java_client.AppiumDriver.findElement(AppiumDriver.java:1)
at io.appium.java_client.android.AndroidDriver.findElement(AndroidDriver.java:1)
at com.seedbank.common.utils.Action.getText(Action.java:123)
at com.seedbank.common.tests.pageobjects.GenericPageElements.getTextFromPopup(GenericPageElements.java:62)
at com.seedbank.common.tests.FarmerLandTest.checkWhetherIrrigatedLandIsGreaterThanTotalLandHoldingArea(FarmerLandTest.java:80)
... Removed 29 stack frames]]>
    </failure>
  </testcase> <!-- checkWhetherIrrigatedLandIsGreaterThanTotalLandHoldingArea -->
  <testcase name="checkForInvalidOTP_SpecialChar" time="0.0" classname="com.seedbank.common.tests.Registration">
    <ignored/>
  </testcase> <!-- checkForInvalidOTP_SpecialChar -->
  <testcase name="enterSurveyNumber" time="0.0" classname="com.seedbank.common.tests.FarmerLandTest">
    <ignored/>
  </testcase> <!-- enterSurveyNumber -->
  <testcase name="navigateToFarmerLandSection" time="0.0" classname="com.seedbank.common.tests.FarmerLandTest">
    <ignored/>
  </testcase> <!-- navigateToFarmerLandSection -->
  <testcase name="enterLandName" time="0.0" classname="com.seedbank.common.tests.FarmerLandTest">
    <ignored/>
  </testcase> <!-- enterLandName -->
  <testcase name="checkTotalLandHoldingArea" time="0.0" classname="com.seedbank.common.tests.FarmerLandTest">
    <ignored/>
  </testcase> <!-- checkTotalLandHoldingArea -->
  <testcase name="checkForInvalidMobileNumber_AlphaNumeric" time="0.0" classname="com.seedbank.common.tests.Registration">
    <ignored/>
  </testcase> <!-- checkForInvalidMobileNumber_AlphaNumeric -->
  <testcase name="checkWhetherDashboardIsPresent" time="0.0" classname="com.seedbank.common.tests.Registration">
    <ignored/>
  </testcase> <!-- checkWhetherDashboardIsPresent -->
  <testcase name="enterFatherName" time="0.0" classname="com.seedbank.common.tests.FarmerProfileTest">
    <ignored/>
  </testcase> <!-- enterFatherName -->
  <testcase name="checkForInvalidOTP_AlphaNumeric" time="0.0" classname="com.seedbank.common.tests.Registration">
    <ignored/>
  </testcase> <!-- checkForInvalidOTP_AlphaNumeric -->
  <testcase name="clickSaveButton" time="0.0" classname="com.seedbank.common.tests.FarmerProfileTest">
    <ignored/>
  </testcase> <!-- clickSaveButton -->
  <testcase name="enterVillage" time="0.0" classname="com.seedbank.common.tests.FarmerProfileTest">
    <ignored/>
  </testcase> <!-- enterVillage -->
  <testcase name="checkForInvalidOTP_Alphabetic" time="0.0" classname="com.seedbank.common.tests.Registration">
    <ignored/>
  </testcase> <!-- checkForInvalidOTP_Alphabetic -->
  <testcase name="enterTotalLeased" time="0.0" classname="com.seedbank.common.tests.FarmerLandTest">
    <ignored/>
  </testcase> <!-- enterTotalLeased -->
  <testcase name="enterTotalLandOwn" time="0.0" classname="com.seedbank.common.tests.FarmerLandTest">
    <ignored/>
  </testcase> <!-- enterTotalLandOwn -->
  <testcase name="enterPanNumber" time="0.0" classname="com.seedbank.common.tests.FarmerProfileTest">
    <ignored/>
  </testcase> <!-- enterPanNumber -->
  <testcase name="checkForInvalidMobileNumber_SpecialChar" time="0.0" classname="com.seedbank.common.tests.Registration">
    <ignored/>
  </testcase> <!-- checkForInvalidMobileNumber_SpecialChar -->
  <testcase name="enterHouseNumber" time="0.0" classname="com.seedbank.common.tests.FarmerProfileTest">
    <ignored/>
  </testcase> <!-- enterHouseNumber -->
  <testcase name="saveLandDetails" time="0.0" classname="com.seedbank.common.tests.FarmerLandTest">
    <ignored/>
  </testcase> <!-- saveLandDetails -->
  <testcase name="registerAsNewUser" time="0.0" classname="com.seedbank.common.tests.Registration">
    <ignored/>
  </testcase> <!-- registerAsNewUser -->
  <testcase name="selectSourceOfIrrigation" time="0.0" classname="com.seedbank.common.tests.FarmerLandTest">
    <ignored/>
  </testcase> <!-- selectSourceOfIrrigation -->
  <testcase name="enterDateOfBirth" time="0.0" classname="com.seedbank.common.tests.FarmerProfileTest">
    <ignored/>
  </testcase> <!-- enterDateOfBirth -->
  <testcase name="enterFirstName" time="0.0" classname="com.seedbank.common.tests.FarmerProfileTest">
    <ignored/>
  </testcase> <!-- enterFirstName -->
  <testcase name="registerWithAlreadyRegisteredNumber" time="0.0" classname="com.seedbank.common.tests.Registration">
    <ignored/>
  </testcase> <!-- registerWithAlreadyRegisteredNumber -->
  <testcase name="checkForInvalidMobileNumber_Alphabetic" time="0.0" classname="com.seedbank.common.tests.Registration">
    <ignored/>
  </testcase> <!-- checkForInvalidMobileNumber_Alphabetic -->
  <testcase name="enterIrrigatedLand" time="0.0" classname="com.seedbank.common.tests.FarmerLandTest">
    <ignored/>
  </testcase> <!-- enterIrrigatedLand -->
  <testcase name="enterLastName" time="0.0" classname="com.seedbank.common.tests.FarmerProfileTest">
    <ignored/>
  </testcase> <!-- enterLastName -->
  <testcase name="enterPincode" time="0.0" classname="com.seedbank.common.tests.FarmerProfileTest">
    <ignored/>
  </testcase> <!-- enterPincode -->
  <testcase name="enterSpouseName" time="0.0" classname="com.seedbank.common.tests.FarmerProfileTest">
    <ignored/>
  </testcase> <!-- enterSpouseName -->
  <testcase name="checkForInvalidMobileNumber_checkMobileNumberLength" time="0.0" classname="com.seedbank.common.tests.Registration">
    <ignored/>
  </testcase> <!-- checkForInvalidMobileNumber_checkMobileNumberLength -->
  <testcase name="enterDateOfAnniversary" time="0.0" classname="com.seedbank.common.tests.FarmerProfileTest">
    <ignored/>
  </testcase> <!-- enterDateOfAnniversary -->
  <testcase name="navigateToFarmerProfileSection" time="0.0" classname="com.seedbank.common.tests.FarmerProfileTest">
    <ignored/>
  </testcase> <!-- navigateToFarmerProfileSection -->
  <testcase name="selectEducation" time="0.0" classname="com.seedbank.common.tests.FarmerProfileTest">
    <ignored/>
  </testcase> <!-- selectEducation -->
  <testcase name="selectSoilType" time="0.0" classname="com.seedbank.common.tests.FarmerLandTest">
    <ignored/>
  </testcase> <!-- selectSoilType -->
</testsuite> <!-- Farmer Validation -->
