<html>
<head>
<title>TestNG:  Farmer Validations</title>
<link href="../testng.css" rel="stylesheet" type="text/css" />
<link href="../my-testng.css" rel="stylesheet" type="text/css" />

<style type="text/css">
.log { display: none;} 
.stack-trace { display: none;} 
</style>
<script type="text/javascript">
<!--
function flip(e) {
  current = e.style.display;
  if (current == 'block') {
    e.style.display = 'none';
    return 0;
  }
  else {
    e.style.display = 'block';
    return 1;
  }
}

function toggleBox(szDivId, elem, msg1, msg2)
{
  var res = -1;  if (document.getElementById) {
    res = flip(document.getElementById(szDivId));
  }
  else if (document.all) {
    // this is the way old msie versions work
    res = flip(document.all[szDivId]);
  }
  if(elem) {
    if(res == 0) elem.innerHTML = msg1; else elem.innerHTML = msg2;
  }

}

function toggleAllBoxes() {
  if (document.getElementsByTagName) {
    d = document.getElementsByTagName('div');
    for (i = 0; i < d.length; i++) {
      if (d[i].className == 'log') {
        flip(d[i]);
      }
    }
  }
}

// -->
</script>

</head>
<body>
<h2 align='center'>Farmer Validations</h2><table border='1' align="center">
<tr>
<td>Tests passed/Failed/Skipped:</td><td>15/1/0</td>
</tr><tr>
<td>Started on:</td><td>Wed Jan 09 14:02:48 IST 2019</td>
</tr>
<tr><td>Total time:</td><td>415 seconds (415767 ms)</td>
</tr><tr>
<td>Included groups:</td><td>Validations_FarmerProfile Validations_FarmerLand setup Existing User Validations_FarmerCroppingPattern </td>
</tr><tr>
<td>Excluded groups:</td><td></td>
</tr>
</table><p/>
<small><i>(Hover the method name to see the test class name)</i></small><p/>
<table width='100%' border='1' class='invocation-failed'>
<tr><td colspan='4' align='center'><b>FAILED TESTS</b></td></tr>
<tr><td><b>Test method</b></td>
<td width="30%"><b>Exception</b></td>
<td width="10%"><b>Time (seconds)</b></td>
<td><b>Instance</b></td>
</tr>
<tr>
<td title='com.seedbank.common.tests.FarmerCroppingPatternTest.checkIfSurveyNoIsMandatory()'><b>checkIfSurveyNoIsMandatory</b><br>Test class: com.seedbank.common.tests.FarmerCroppingPatternTest</td>
<td><div><pre>org.openqa.selenium.NoSuchElementException: An element could not be located on the page using the given search parameters. (WARNING: The server did not provide any stacktrace information)
Command duration or timeout: 60.28 seconds
For documentation on this error, please visit: http://seleniumhq.org/exceptions/no_such_element.html
Build info: version: &apos;2.46.0&apos;, revision: &apos;87c69e2&apos;, time: &apos;2015-06-04 16:17:10&apos;
System info: host: &apos;BLRPRGGWN20723&apos;, ip: &apos;10.6.139.77&apos;, os.name: &apos;Windows 10&apos;, os.arch: &apos;amd64&apos;, os.version: &apos;10.0&apos;, java.version: &apos;1.8.0_151&apos;
Driver info: io.appium.java_client.android.AndroidDriver
Capabilities [{appPackage=com.itc.seedbankqa, statBarHeight=72, noReset=false, viewportRect={top=72, left=0, width=1080, height=1848}, deviceName=330073a8508cb423, platform=LINUX, deviceUDID=330073a8508cb423, desired={app=D:\Sneha\SeedBank Test Framework\resources\SeedBankV1.0.0.32.apk, appPackage=com.itc.seedbankqa, appActivity=md570a67b0d01c415d5dec6503f08b2f877.SplashScreen, noReset=false, newCommandTimeout=400, platformVersion=7.0, automationName=UiAutomator2, browserName=, autoGrantPermissions=true, platformName=Android, deviceName=330073a8508cb423, autoAcceptAlerts=true}, newCommandTimeout=400, platformVersion=7.0, webStorageEnabled=false, automationName=UiAutomator2, takesScreenshot=true, browserName=, javascriptEnabled=true, platformName=Android, deviceManufacturer=samsung, deviceApiLevel=24, app=D:\Sneha\SeedBank Test Framework\resources\SeedBankV1.0.0.32.apk, deviceScreenSize=1080x1920, networkConnectionEnabled=true, warnings={}, databaseEnabled=false, appActivity=md570a67b0d01c415d5dec6503f08b2f877.SplashScreen, pixelRatio=3, locationContextEnabled=false, autoGrantPermissions=true, deviceScreenDensity=480, deviceModel=SM-G610F, autoAcceptAlerts=true}]
Session ID: 784b7e3c-40df-4638-afd7-4fb8fa325d28
*** Element info: {Using=id, value=com.itc.seedbankqa:id/edit_SurveyNo}
	at org.openqa.selenium.remote.ErrorHandler.createThrowable(ErrorHandler.java:204)
	at org.openqa.selenium.remote.ErrorHandler.throwIfResponseFailed(ErrorHandler.java:156)
	at org.openqa.selenium.remote.RemoteWebDriver.execute(RemoteWebDriver.java:605)
	at io.appium.java_client.DefaultGenericMobileDriver.execute(DefaultGenericMobileDriver.java:27)
	at io.appium.java_client.AppiumDriver.execute(AppiumDriver.java:1)
	at io.appium.java_client.android.AndroidDriver.execute(AndroidDriver.java:1)
	at org.openqa.selenium.remote.RemoteWebDriver.findElement(RemoteWebDriver.java:358)
	at org.openqa.selenium.remote.RemoteWebDriver.findElementById(RemoteWebDriver.java:399)
	at io.appium.java_client.DefaultGenericMobileDriver.findElementById(DefaultGenericMobileDriver.java:47)
	at io.appium.java_client.AppiumDriver.findElementById(AppiumDriver.java:1)
	at io.appium.java_client.android.AndroidDriver.findElementById(AndroidDriver.java:1)
	at org.openqa.selenium.By$ById.findElement(By.java:215)
	at org.openqa.selenium.remote.RemoteWebDriver.findElement(RemoteWebDriver.java:350)
	at io.appium.java_client.DefaultGenericMobileDriver.findElement(DefaultGenericMobileDriver.java:37)
	at io.appium.java_client.AppiumDriver.findElement(AppiumDriver.java:1)
	at io.appium.java_client.android.AndroidDriver.findElement(AndroidDriver.java:1)
	at com.seedbank.common.utils.Action.clear(Action.java:242)
	at com.seedbank.common.utils.Action.sendKeys(Action.java:54)
	at com.seedbank.common.tests.pageobjects.Farmer_Land.enterSurveyNumber(Farmer_Land.java:42)
	at com.seedbank.common.tests.FarmerCroppingPatternTest.checkIfSurveyNoIsMandatory(FarmerCroppingPatternTest.java:50)
... Removed 29 stack frames</pre></div><a href='#' onClick='toggleBox("stack-trace1936550492", this, "Click to show all stack frames", "Click to hide stack frames")'>Click to show all stack frames</a>
<div class='stack-trace' id='stack-trace1936550492'><pre>org.openqa.selenium.NoSuchElementException: An element could not be located on the page using the given search parameters. (WARNING: The server did not provide any stacktrace information)
Command duration or timeout: 60.28 seconds
For documentation on this error, please visit: http://seleniumhq.org/exceptions/no_such_element.html
Build info: version: &apos;2.46.0&apos;, revision: &apos;87c69e2&apos;, time: &apos;2015-06-04 16:17:10&apos;
System info: host: &apos;BLRPRGGWN20723&apos;, ip: &apos;10.6.139.77&apos;, os.name: &apos;Windows 10&apos;, os.arch: &apos;amd64&apos;, os.version: &apos;10.0&apos;, java.version: &apos;1.8.0_151&apos;
Driver info: io.appium.java_client.android.AndroidDriver
Capabilities [{appPackage=com.itc.seedbankqa, statBarHeight=72, noReset=false, viewportRect={top=72, left=0, width=1080, height=1848}, deviceName=330073a8508cb423, platform=LINUX, deviceUDID=330073a8508cb423, desired={app=D:\Sneha\SeedBank Test Framework\resources\SeedBankV1.0.0.32.apk, appPackage=com.itc.seedbankqa, appActivity=md570a67b0d01c415d5dec6503f08b2f877.SplashScreen, noReset=false, newCommandTimeout=400, platformVersion=7.0, automationName=UiAutomator2, browserName=, autoGrantPermissions=true, platformName=Android, deviceName=330073a8508cb423, autoAcceptAlerts=true}, newCommandTimeout=400, platformVersion=7.0, webStorageEnabled=false, automationName=UiAutomator2, takesScreenshot=true, browserName=, javascriptEnabled=true, platformName=Android, deviceManufacturer=samsung, deviceApiLevel=24, app=D:\Sneha\SeedBank Test Framework\resources\SeedBankV1.0.0.32.apk, deviceScreenSize=1080x1920, networkConnectionEnabled=true, warnings={}, databaseEnabled=false, appActivity=md570a67b0d01c415d5dec6503f08b2f877.SplashScreen, pixelRatio=3, locationContextEnabled=false, autoGrantPermissions=true, deviceScreenDensity=480, deviceModel=SM-G610F, autoAcceptAlerts=true}]
Session ID: 784b7e3c-40df-4638-afd7-4fb8fa325d28
*** Element info: {Using=id, value=com.itc.seedbankqa:id/edit_SurveyNo}
	at sun.reflect.NativeConstructorAccessorImpl.newInstance0(Native Method)
	at sun.reflect.NativeConstructorAccessorImpl.newInstance(Unknown Source)
	at sun.reflect.DelegatingConstructorAccessorImpl.newInstance(Unknown Source)
	at java.lang.reflect.Constructor.newInstance(Unknown Source)
	at org.openqa.selenium.remote.ErrorHandler.createThrowable(ErrorHandler.java:204)
	at org.openqa.selenium.remote.ErrorHandler.throwIfResponseFailed(ErrorHandler.java:156)
	at org.openqa.selenium.remote.RemoteWebDriver.execute(RemoteWebDriver.java:605)
	at io.appium.java_client.DefaultGenericMobileDriver.execute(DefaultGenericMobileDriver.java:27)
	at io.appium.java_client.AppiumDriver.execute(AppiumDriver.java:1)
	at io.appium.java_client.android.AndroidDriver.execute(AndroidDriver.java:1)
	at org.openqa.selenium.remote.RemoteWebDriver.findElement(RemoteWebDriver.java:358)
	at org.openqa.selenium.remote.RemoteWebDriver.findElementById(RemoteWebDriver.java:399)
	at io.appium.java_client.DefaultGenericMobileDriver.findElementById(DefaultGenericMobileDriver.java:47)
	at io.appium.java_client.AppiumDriver.findElementById(AppiumDriver.java:1)
	at io.appium.java_client.android.AndroidDriver.findElementById(AndroidDriver.java:1)
	at org.openqa.selenium.By$ById.findElement(By.java:215)
	at org.openqa.selenium.remote.RemoteWebDriver.findElement(RemoteWebDriver.java:350)
	at io.appium.java_client.DefaultGenericMobileDriver.findElement(DefaultGenericMobileDriver.java:37)
	at io.appium.java_client.AppiumDriver.findElement(AppiumDriver.java:1)
	at io.appium.java_client.android.AndroidDriver.findElement(AndroidDriver.java:1)
	at com.seedbank.common.utils.Action.clear(Action.java:242)
	at com.seedbank.common.utils.Action.sendKeys(Action.java:54)
	at com.seedbank.common.tests.pageobjects.Farmer_Land.enterSurveyNumber(Farmer_Land.java:42)
	at com.seedbank.common.tests.FarmerCroppingPatternTest.checkIfSurveyNoIsMandatory(FarmerCroppingPatternTest.java:50)
	at sun.reflect.NativeMethodAccessorImpl.invoke0(Native Method)
	at sun.reflect.NativeMethodAccessorImpl.invoke(Unknown Source)
	at sun.reflect.DelegatingMethodAccessorImpl.invoke(Unknown Source)
	at java.lang.reflect.Method.invoke(Unknown Source)
	at org.testng.internal.MethodInvocationHelper.invokeMethod(MethodInvocationHelper.java:124)
	at org.testng.internal.Invoker.invokeMethod(Invoker.java:580)
	at org.testng.internal.Invoker.invokeTestMethod(Invoker.java:716)
	at org.testng.internal.Invoker.invokeTestMethods(Invoker.java:988)
	at org.testng.internal.TestMethodWorker.invokeTestMethods(TestMethodWorker.java:125)
	at org.testng.internal.TestMethodWorker.run(TestMethodWorker.java:109)
	at org.testng.TestRunner.privateRun(TestRunner.java:648)
	at org.testng.TestRunner.run(TestRunner.java:505)
	at org.testng.SuiteRunner.runTest(SuiteRunner.java:455)
	at org.testng.SuiteRunner.runSequentially(SuiteRunner.java:450)
	at org.testng.SuiteRunner.privateRun(SuiteRunner.java:415)
	at org.testng.SuiteRunner.run(SuiteRunner.java:364)
	at org.testng.SuiteRunnerWorker.runSuite(SuiteRunnerWorker.java:52)
	at org.testng.SuiteRunnerWorker.run(SuiteRunnerWorker.java:84)
	at org.testng.TestNG.runSuitesSequentially(TestNG.java:1208)
	at org.testng.TestNG.runSuitesLocally(TestNG.java:1137)
	at org.testng.TestNG.runSuites(TestNG.java:1049)
	at org.testng.TestNG.run(TestNG.java:1017)
	at org.testng.remote.AbstractRemoteTestNG.run(AbstractRemoteTestNG.java:114)
	at org.testng.remote.RemoteTestNG.initAndRun(RemoteTestNG.java:251)
	at org.testng.remote.RemoteTestNG.main(RemoteTestNG.java:77)
</pre></div></td>
<td>67</td>
<td>com.seedbank.common.tests.FarmerCroppingPatternTest@20f5239f</td></tr>
</table><p>
<table width='100%' border='1' class='invocation-passed'>
<tr><td colspan='4' align='center'><b>PASSED TESTS</b></td></tr>
<tr><td><b>Test method</b></td>
<td width="30%"><b>Exception</b></td>
<td width="10%"><b>Time (seconds)</b></td>
<td><b>Instance</b></td>
</tr>
<tr>
<td title='com.seedbank.common.tests.FarmerCroppingPatternTest.checkIfCropTypeIsMandatory()'><b>checkIfCropTypeIsMandatory</b><br>Test class: com.seedbank.common.tests.FarmerCroppingPatternTest</td>
<td></td>
<td>11</td>
<td>com.seedbank.common.tests.FarmerCroppingPatternTest@20f5239f</td></tr>
<tr>
<td title='com.seedbank.common.tests.FarmerCroppingPatternTest.checkIfFieldNameIsMandatory()'><b>checkIfFieldNameIsMandatory</b><br>Test class: com.seedbank.common.tests.FarmerCroppingPatternTest</td>
<td></td>
<td>8</td>
<td>com.seedbank.common.tests.FarmerCroppingPatternTest@20f5239f</td></tr>
<tr>
<td title='com.seedbank.common.tests.FarmerCroppingPatternTest.checkIfSeasonCropMappingIsMandatory()'><b>checkIfSeasonCropMappingIsMandatory</b><br>Test class: com.seedbank.common.tests.FarmerCroppingPatternTest</td>
<td></td>
<td>9</td>
<td>com.seedbank.common.tests.FarmerCroppingPatternTest@20f5239f</td></tr>
<tr>
<td title='com.seedbank.common.tests.FarmerCroppingPatternTest.checkIfSizeIsMandatory()'><b>checkIfSizeIsMandatory</b><br>Test class: com.seedbank.common.tests.FarmerCroppingPatternTest</td>
<td></td>
<td>21</td>
<td>com.seedbank.common.tests.FarmerCroppingPatternTest@20f5239f</td></tr>
<tr>
<td title='com.seedbank.common.tests.FarmerProfileTest.checkMandatoryFieldsWhileCreatingFarmerProfile()'><b>checkMandatoryFieldsWhileCreatingFarmerProfile</b><br>Test class: com.seedbank.common.tests.FarmerProfileTest</td>
<td></td>
<td>12</td>
<td>com.seedbank.common.tests.FarmerProfileTest@6d3a388c</td></tr>
<tr>
<td title='com.seedbank.common.tests.FarmerLandTest.checkWhetherIrrigatedLandIsGreaterThanTotalLandHoldingArea()'><b>checkWhetherIrrigatedLandIsGreaterThanTotalLandHoldingArea</b><br>Test class: com.seedbank.common.tests.FarmerLandTest</td>
<td></td>
<td>32</td>
<td>com.seedbank.common.tests.FarmerLandTest@193f604a</td></tr>
<tr>
<td title='com.seedbank.common.tests.FarmerLandTest.checkWhetherSurveyNoIsMandatory()'><b>checkWhetherSurveyNoIsMandatory</b><br>Test class: com.seedbank.common.tests.FarmerLandTest</td>
<td></td>
<td>12</td>
<td>com.seedbank.common.tests.FarmerLandTest@193f604a</td></tr>
<tr>
<td title='com.seedbank.common.tests.FarmerLandTest.checkWhetherTotalLandHoldingAreaIsMandatory()'><b>checkWhetherTotalLandHoldingAreaIsMandatory</b><br>Test class: com.seedbank.common.tests.FarmerLandTest</td>
<td></td>
<td>22</td>
<td>com.seedbank.common.tests.FarmerLandTest@193f604a</td></tr>
<tr>
<td title='com.seedbank.common.tests.FarmerProfileTest.enterMandatoryFieldsAndSaveProfile()'><b>enterMandatoryFieldsAndSaveProfile</b><br>Test class: com.seedbank.common.tests.FarmerProfileTest</td>
<td></td>
<td>36</td>
<td>com.seedbank.common.tests.FarmerProfileTest@6d3a388c</td></tr>
<tr>
<td title='com.seedbank.common.tests.Registration.loginAsExistingUser()'><b>loginAsExistingUser</b><br>Test class: com.seedbank.common.tests.Registration</td>
<td></td>
<td>20</td>
<td>com.seedbank.common.tests.Registration@223aa2f7</td></tr>
<tr>
<td title='com.seedbank.common.tests.FarmerCroppingPatternTest.navigateToFarmerCroppingPatternSection2()'><b>navigateToFarmerCroppingPatternSection2</b><br>Test class: com.seedbank.common.tests.FarmerCroppingPatternTest</td>
<td></td>
<td>10</td>
<td>com.seedbank.common.tests.FarmerCroppingPatternTest@20f5239f</td></tr>
<tr>
<td title='com.seedbank.common.tests.FarmerLandTest.navigateToFarmerLandSection1()'><b>navigateToFarmerLandSection1</b><br>Test class: com.seedbank.common.tests.FarmerLandTest</td>
<td></td>
<td>21</td>
<td>com.seedbank.common.tests.FarmerLandTest@193f604a</td></tr>
<tr>
<td title='com.seedbank.common.tests.FarmerProfileTest.navigateToFarmerProfileSection1()'><b>navigateToFarmerProfileSection1</b><br>Test class: com.seedbank.common.tests.FarmerProfileTest</td>
<td></td>
<td>24</td>
<td>com.seedbank.common.tests.FarmerProfileTest@6d3a388c</td></tr>
<tr>
<td title='com.seedbank.common.tests.FarmerProfileTest.validateAadharNumber()'><b>validateAadharNumber</b><br>Test class: com.seedbank.common.tests.FarmerProfileTest</td>
<td></td>
<td>18</td>
<td>com.seedbank.common.tests.FarmerProfileTest@6d3a388c</td></tr>
<tr>
<td title='com.seedbank.common.tests.FarmerProfileTest.validatePANNumber()'><b>validatePANNumber</b><br>Test class: com.seedbank.common.tests.FarmerProfileTest</td>
<td></td>
<td>16</td>
<td>com.seedbank.common.tests.FarmerProfileTest@6d3a388c</td></tr>
</table><p>
</body>
</html>