<?xml version="1.0" encoding="UTF-8"?>
<!-- Generated by org.testng.reporters.JUnitXMLReporter -->
<testsuite hostname="BLRPRGGWN20723" ignored="40" name="Farmer Validations" tests="16" failures="1" timestamp="09 Jan 2019 08:39:44 GMT" time="415.767" errors="0">
  <testcase name="loginAsExistingUser" time="20.506" classname="com.seedbank.common.tests.Registration"/>
  <testcase name="navigateToFarmerProfileSection1" time="24.132" classname="com.seedbank.common.tests.FarmerProfileTest"/>
  <testcase name="checkMandatoryFieldsWhileCreatingFarmerProfile" time="12.721" classname="com.seedbank.common.tests.FarmerProfileTest"/>
  <testcase name="enterMandatoryFieldsAndSaveProfile" time="36.444" classname="com.seedbank.common.tests.FarmerProfileTest"/>
  <testcase name="validatePANNumber" time="16.156" classname="com.seedbank.common.tests.FarmerProfileTest"/>
  <testcase name="validateAadharNumber" time="18.238" classname="com.seedbank.common.tests.FarmerProfileTest"/>
  <testcase name="navigateToFarmerLandSection1" time="21.815" classname="com.seedbank.common.tests.FarmerLandTest"/>
  <testcase name="checkWhetherSurveyNoIsMandatory" time="12.851" classname="com.seedbank.common.tests.FarmerLandTest"/>
  <testcase name="checkWhetherTotalLandHoldingAreaIsMandatory" time="22.722" classname="com.seedbank.common.tests.FarmerLandTest"/>
  <testcase name="checkWhetherIrrigatedLandIsGreaterThanTotalLandHoldingArea" time="32.259" classname="com.seedbank.common.tests.FarmerLandTest"/>
  <testcase name="navigateToFarmerCroppingPatternSection2" time="10.406" classname="com.seedbank.common.tests.FarmerCroppingPatternTest"/>
  <testcase name="checkIfSurveyNoIsMandatory" time="67.78" classname="com.seedbank.common.tests.FarmerCroppingPatternTest">
    <failure type="org.openqa.selenium.NoSuchElementException" message="An element could not be located on the page using the given search parameters. (WARNING: The server did not provide any stacktrace information)
Command duration or timeout: 60.28 seconds
For documentation on this error, please visit: http://seleniumhq.org/exceptions/no_such_element.html
Build info: version: &amp;apos;2.46.0&amp;apos;, revision: &amp;apos;87c69e2&amp;apos;, time: &amp;apos;2015-06-04 16:17:10&amp;apos;
System info: host: &amp;apos;BLRPRGGWN20723&amp;apos;, ip: &amp;apos;10.6.139.77&amp;apos;, os.name: &amp;apos;Windows 10&amp;apos;, os.arch: &amp;apos;amd64&amp;apos;, os.version: &amp;apos;10.0&amp;apos;, java.version: &amp;apos;1.8.0_151&amp;apos;
Driver info: io.appium.java_client.android.AndroidDriver
Capabilities [{appPackage=com.itc.seedbankqa, statBarHeight=72, noReset=false, viewportRect={top=72, left=0, width=1080, height=1848}, deviceName=330073a8508cb423, platform=LINUX, deviceUDID=330073a8508cb423, desired={app=D:\Sneha\SeedBank Test Framework\resources\SeedBankV1.0.0.32.apk, appPackage=com.itc.seedbankqa, appActivity=md570a67b0d01c415d5dec6503f08b2f877.SplashScreen, noReset=false, newCommandTimeout=400, platformVersion=7.0, automationName=UiAutomator2, browserName=, autoGrantPermissions=true, platformName=Android, deviceName=330073a8508cb423, autoAcceptAlerts=true}, newCommandTimeout=400, platformVersion=7.0, webStorageEnabled=false, automationName=UiAutomator2, takesScreenshot=true, browserName=, javascriptEnabled=true, platformName=Android, deviceManufacturer=samsung, deviceApiLevel=24, app=D:\Sneha\SeedBank Test Framework\resources\SeedBankV1.0.0.32.apk, deviceScreenSize=1080x1920, networkConnectionEnabled=true, warnings={}, databaseEnabled=false, appActivity=md570a67b0d01c415d5dec6503f08b2f877.SplashScreen, pixelRatio=3, locationContextEnabled=false, autoGrantPermissions=true, deviceScreenDensity=480, deviceModel=SM-G610F, autoAcceptAlerts=true}]
Session ID: 784b7e3c-40df-4638-afd7-4fb8fa325d28
*** Element info: {Using=id, value=com.itc.seedbankqa:id/edit_SurveyNo}">
      <![CDATA[org.openqa.selenium.NoSuchElementException: An element could not be located on the page using the given search parameters. (WARNING: The server did not provide any stacktrace information)
Command duration or timeout: 60.28 seconds
For documentation on this error, please visit: http://seleniumhq.org/exceptions/no_such_element.html
Build info: version: '2.46.0', revision: '87c69e2', time: '2015-06-04 16:17:10'
System info: host: 'BLRPRGGWN20723', ip: '10.6.139.77', os.name: 'Windows 10', os.arch: 'amd64', os.version: '10.0', java.version: '1.8.0_151'
Driver info: io.appium.java_client.android.AndroidDriver
Capabilities [{appPackage=com.itc.seedbankqa, statBarHeight=72, noReset=false, viewportRect={top=72, left=0, width=1080, height=1848}, deviceName=330073a8508cb423, platform=LINUX, deviceUDID=330073a8508cb423, desired={app=D:\Sneha\SeedBank Test Framework\resources\SeedBankV1.0.0.32.apk, appPackage=com.itc.seedbankqa, appActivity=md570a67b0d01c415d5dec6503f08b2f877.SplashScreen, noReset=false, newCommandTimeout=400, platformVersion=7.0, automationName=UiAutomator2, browserName=, autoGrantPermissions=true, platformName=Android, deviceName=330073a8508cb423, autoAcceptAlerts=true}, newCommandTimeout=400, platformVersion=7.0, webStorageEnabled=false, automationName=UiAutomator2, takesScreenshot=true, browserName=, javascriptEnabled=true, platformName=Android, deviceManufacturer=samsung, deviceApiLevel=24, app=D:\Sneha\SeedBank Test Framework\resources\SeedBankV1.0.0.32.apk, deviceScreenSize=1080x1920, networkConnectionEnabled=true, warnings={}, databaseEnabled=false, appActivity=md570a67b0d01c415d5dec6503f08b2f877.SplashScreen, pixelRatio=3, locationContextEnabled=false, autoGrantPermissions=true, deviceScreenDensity=480, deviceModel=SM-G610F, autoAcceptAlerts=true}]
Session ID: 784b7e3c-40df-4638-afd7-4fb8fa325d28
*** Element info: {Using=id, value=com.itc.seedbankqa:id/edit_SurveyNo}
at org.openqa.selenium.remote.ErrorHandler.createThrowable(ErrorHandler.java:204)
at org.openqa.selenium.remote.ErrorHandler.throwIfResponseFailed(ErrorHandler.java:156)
at org.openqa.selenium.remote.RemoteWebDriver.execute(RemoteWebDriver.java:605)
at io.appium.java_client.DefaultGenericMobileDriver.execute(DefaultGenericMobileDriver.java:27)
at io.appium.java_client.AppiumDriver.execute(AppiumDriver.java:1)
at io.appium.java_client.android.AndroidDriver.execute(AndroidDriver.java:1)
at org.openqa.selenium.remote.RemoteWebDriver.findElement(RemoteWebDriver.java:358)
at org.openqa.selenium.remote.RemoteWebDriver.findElementById(RemoteWebDriver.java:399)
at io.appium.java_client.DefaultGenericMobileDriver.findElementById(DefaultGenericMobileDriver.java:47)
at io.appium.java_client.AppiumDriver.findElementById(AppiumDriver.java:1)
at io.appium.java_client.android.AndroidDriver.findElementById(AndroidDriver.java:1)
at org.openqa.selenium.By$ById.findElement(By.java:215)
at org.openqa.selenium.remote.RemoteWebDriver.findElement(RemoteWebDriver.java:350)
at io.appium.java_client.DefaultGenericMobileDriver.findElement(DefaultGenericMobileDriver.java:37)
at io.appium.java_client.AppiumDriver.findElement(AppiumDriver.java:1)
at io.appium.java_client.android.AndroidDriver.findElement(AndroidDriver.java:1)
at com.seedbank.common.utils.Action.clear(Action.java:242)
at com.seedbank.common.utils.Action.sendKeys(Action.java:54)
at com.seedbank.common.tests.pageobjects.Farmer_Land.enterSurveyNumber(Farmer_Land.java:42)
at com.seedbank.common.tests.FarmerCroppingPatternTest.checkIfSurveyNoIsMandatory(FarmerCroppingPatternTest.java:50)
... Removed 29 stack frames]]>
    </failure>
  </testcase> <!-- checkIfSurveyNoIsMandatory -->
  <testcase name="checkIfFieldNameIsMandatory" time="8.701" classname="com.seedbank.common.tests.FarmerCroppingPatternTest"/>
  <testcase name="checkIfCropTypeIsMandatory" time="11.113" classname="com.seedbank.common.tests.FarmerCroppingPatternTest"/>
  <testcase name="checkIfSeasonCropMappingIsMandatory" time="9.213" classname="com.seedbank.common.tests.FarmerCroppingPatternTest"/>
  <testcase name="checkIfSizeIsMandatory" time="21.85" classname="com.seedbank.common.tests.FarmerCroppingPatternTest"/>
  <testcase name="checkForInvalidOTP_SpecialChar" time="0.0" classname="com.seedbank.common.tests.Registration">
    <ignored/>
  </testcase> <!-- checkForInvalidOTP_SpecialChar -->
  <testcase name="enterSurveyNumber" time="0.0" classname="com.seedbank.common.tests.FarmerLandTest">
    <ignored/>
  </testcase> <!-- enterSurveyNumber -->
  <testcase name="enterFieldName" time="0.0" classname="com.seedbank.common.tests.FarmerCroppingPatternTest">
    <ignored/>
  </testcase> <!-- enterFieldName -->
  <testcase name="navigateToFarmerLandSection" time="0.0" classname="com.seedbank.common.tests.FarmerLandTest">
    <ignored/>
  </testcase> <!-- navigateToFarmerLandSection -->
  <testcase name="enterLandName" time="0.0" classname="com.seedbank.common.tests.FarmerLandTest">
    <ignored/>
  </testcase> <!-- enterLandName -->
  <testcase name="checkTotalLandHoldingArea" time="0.0" classname="com.seedbank.common.tests.FarmerLandTest">
    <ignored/>
  </testcase> <!-- checkTotalLandHoldingArea -->
  <testcase name="checkForInvalidMobileNumber_AlphaNumeric" time="0.0" classname="com.seedbank.common.tests.Registration">
    <ignored/>
  </testcase> <!-- checkForInvalidMobileNumber_AlphaNumeric -->
  <testcase name="checkWhetherDashboardIsPresent" time="0.0" classname="com.seedbank.common.tests.Registration">
    <ignored/>
  </testcase> <!-- checkWhetherDashboardIsPresent -->
  <testcase name="saveCropDetails" time="0.0" classname="com.seedbank.common.tests.FarmerCroppingPatternTest">
    <ignored/>
  </testcase> <!-- saveCropDetails -->
  <testcase name="enterFatherName" time="0.0" classname="com.seedbank.common.tests.FarmerProfileTest">
    <ignored/>
  </testcase> <!-- enterFatherName -->
  <testcase name="checkForInvalidOTP_AlphaNumeric" time="0.0" classname="com.seedbank.common.tests.Registration">
    <ignored/>
  </testcase> <!-- checkForInvalidOTP_AlphaNumeric -->
  <testcase name="clickSaveButton" time="0.0" classname="com.seedbank.common.tests.FarmerProfileTest">
    <ignored/>
  </testcase> <!-- clickSaveButton -->
  <testcase name="enterVillage" time="0.0" classname="com.seedbank.common.tests.FarmerProfileTest">
    <ignored/>
  </testcase> <!-- enterVillage -->
  <testcase name="checkForInvalidOTP_Alphabetic" time="0.0" classname="com.seedbank.common.tests.Registration">
    <ignored/>
  </testcase> <!-- checkForInvalidOTP_Alphabetic -->
  <testcase name="enterTotalLeased" time="0.0" classname="com.seedbank.common.tests.FarmerLandTest">
    <ignored/>
  </testcase> <!-- enterTotalLeased -->
  <testcase name="selectSeasonCropYear" time="0.0" classname="com.seedbank.common.tests.FarmerCroppingPatternTest">
    <ignored/>
  </testcase> <!-- selectSeasonCropYear -->
  <testcase name="enterTotalLandOwn" time="0.0" classname="com.seedbank.common.tests.FarmerLandTest">
    <ignored/>
  </testcase> <!-- enterTotalLandOwn -->
  <testcase name="enterSizeInAcres" time="0.0" classname="com.seedbank.common.tests.FarmerCroppingPatternTest">
    <ignored/>
  </testcase> <!-- enterSizeInAcres -->
  <testcase name="enterPanNumber" time="0.0" classname="com.seedbank.common.tests.FarmerProfileTest">
    <ignored/>
  </testcase> <!-- enterPanNumber -->
  <testcase name="checkForInvalidMobileNumber_SpecialChar" time="0.0" classname="com.seedbank.common.tests.Registration">
    <ignored/>
  </testcase> <!-- checkForInvalidMobileNumber_SpecialChar -->
  <testcase name="enterHouseNumber" time="0.0" classname="com.seedbank.common.tests.FarmerProfileTest">
    <ignored/>
  </testcase> <!-- enterHouseNumber -->
  <testcase name="saveLandDetails" time="0.0" classname="com.seedbank.common.tests.FarmerLandTest">
    <ignored/>
  </testcase> <!-- saveLandDetails -->
  <testcase name="selectCropType" time="0.0" classname="com.seedbank.common.tests.FarmerCroppingPatternTest">
    <ignored/>
  </testcase> <!-- selectCropType -->
  <testcase name="registerAsNewUser" time="0.0" classname="com.seedbank.common.tests.Registration">
    <ignored/>
  </testcase> <!-- registerAsNewUser -->
  <testcase name="selectSourceOfIrrigation" time="0.0" classname="com.seedbank.common.tests.FarmerLandTest">
    <ignored/>
  </testcase> <!-- selectSourceOfIrrigation -->
  <testcase name="enterDateOfBirth" time="0.0" classname="com.seedbank.common.tests.FarmerProfileTest">
    <ignored/>
  </testcase> <!-- enterDateOfBirth -->
  <testcase name="enterFirstName" time="0.0" classname="com.seedbank.common.tests.FarmerProfileTest">
    <ignored/>
  </testcase> <!-- enterFirstName -->
  <testcase name="registerWithAlreadyRegisteredNumber" time="0.0" classname="com.seedbank.common.tests.Registration">
    <ignored/>
  </testcase> <!-- registerWithAlreadyRegisteredNumber -->
  <testcase name="checkForInvalidMobileNumber_Alphabetic" time="0.0" classname="com.seedbank.common.tests.Registration">
    <ignored/>
  </testcase> <!-- checkForInvalidMobileNumber_Alphabetic -->
  <testcase name="enterIrrigatedLand" time="0.0" classname="com.seedbank.common.tests.FarmerLandTest">
    <ignored/>
  </testcase> <!-- enterIrrigatedLand -->
  <testcase name="selectSurveyNo" time="0.0" classname="com.seedbank.common.tests.FarmerCroppingPatternTest">
    <ignored/>
  </testcase> <!-- selectSurveyNo -->
  <testcase name="enterLastName" time="0.0" classname="com.seedbank.common.tests.FarmerProfileTest">
    <ignored/>
  </testcase> <!-- enterLastName -->
  <testcase name="enterPincode" time="0.0" classname="com.seedbank.common.tests.FarmerProfileTest">
    <ignored/>
  </testcase> <!-- enterPincode -->
  <testcase name="enterSpouseName" time="0.0" classname="com.seedbank.common.tests.FarmerProfileTest">
    <ignored/>
  </testcase> <!-- enterSpouseName -->
  <testcase name="navigateToFarmerCroppingPatternSection" time="0.0" classname="com.seedbank.common.tests.FarmerCroppingPatternTest">
    <ignored/>
  </testcase> <!-- navigateToFarmerCroppingPatternSection -->
  <testcase name="checkForInvalidMobileNumber_checkMobileNumberLength" time="0.0" classname="com.seedbank.common.tests.Registration">
    <ignored/>
  </testcase> <!-- checkForInvalidMobileNumber_checkMobileNumberLength -->
  <testcase name="enterDateOfAnniversary" time="0.0" classname="com.seedbank.common.tests.FarmerProfileTest">
    <ignored/>
  </testcase> <!-- enterDateOfAnniversary -->
  <testcase name="navigateToFarmerProfileSection" time="0.0" classname="com.seedbank.common.tests.FarmerProfileTest">
    <ignored/>
  </testcase> <!-- navigateToFarmerProfileSection -->
  <testcase name="selectEducation" time="0.0" classname="com.seedbank.common.tests.FarmerProfileTest">
    <ignored/>
  </testcase> <!-- selectEducation -->
  <testcase name="selectSoilType" time="0.0" classname="com.seedbank.common.tests.FarmerLandTest">
    <ignored/>
  </testcase> <!-- selectSoilType -->
</testsuite> <!-- Farmer Validations -->
