<?xml version="1.0" encoding="UTF-8"?>
<!-- Generated by org.testng.reporters.JUnitXMLReporter -->
<testsuite hostname="BLRPRGGWN20723" ignored="26" name="Registration" tests="3" failures="0" timestamp="08 Jan 2019 09:49:41 GMT" time="174.731" errors="0">
  <testcase name="loginAsExistingUser" time="26.266" classname="com.seedbank.common.tests.Registration"/>
  <testcase name="validatePANNumber" time="62.474" classname="com.seedbank.common.tests.FarmerProfileTest"/>
  <testcase name="validateAadharNumber" time="31.953" classname="com.seedbank.common.tests.FarmerProfileTest"/>
  <testcase name="checkForInvalidOTP_SpecialChar" time="0.0" classname="com.seedbank.common.tests.Registration">
    <ignored/>
  </testcase> <!-- checkForInvalidOTP_SpecialChar -->
  <testcase name="checkForInvalidMobileNumber_AlphaNumeric" time="0.0" classname="com.seedbank.common.tests.Registration">
    <ignored/>
  </testcase> <!-- checkForInvalidMobileNumber_AlphaNumeric -->
  <testcase name="checkWhetherDashboardIsPresent" time="0.0" classname="com.seedbank.common.tests.Registration">
    <ignored/>
  </testcase> <!-- checkWhetherDashboardIsPresent -->
  <testcase name="enterFatherName" time="0.0" classname="com.seedbank.common.tests.FarmerProfileTest">
    <ignored/>
  </testcase> <!-- enterFatherName -->
  <testcase name="checkForInvalidOTP_AlphaNumeric" time="0.0" classname="com.seedbank.common.tests.Registration">
    <ignored/>
  </testcase> <!-- checkForInvalidOTP_AlphaNumeric -->
  <testcase name="clickSaveButton" time="0.0" classname="com.seedbank.common.tests.FarmerProfileTest">
    <ignored/>
  </testcase> <!-- clickSaveButton -->
  <testcase name="enterVillage" time="0.0" classname="com.seedbank.common.tests.FarmerProfileTest">
    <ignored/>
  </testcase> <!-- enterVillage -->
  <testcase name="checkForInvalidOTP_Alphabetic" time="0.0" classname="com.seedbank.common.tests.Registration">
    <ignored/>
  </testcase> <!-- checkForInvalidOTP_Alphabetic -->
  <testcase name="enterPanNumber" time="0.0" classname="com.seedbank.common.tests.FarmerProfileTest">
    <ignored/>
  </testcase> <!-- enterPanNumber -->
  <testcase name="checkForInvalidMobileNumber_SpecialChar" time="0.0" classname="com.seedbank.common.tests.Registration">
    <ignored/>
  </testcase> <!-- checkForInvalidMobileNumber_SpecialChar -->
  <testcase name="enterHouseNumber" time="0.0" classname="com.seedbank.common.tests.FarmerProfileTest">
    <ignored/>
  </testcase> <!-- enterHouseNumber -->
  <testcase name="registerAsNewUser" time="0.0" classname="com.seedbank.common.tests.Registration">
    <ignored/>
  </testcase> <!-- registerAsNewUser -->
  <testcase name="enterDateOfBirth" time="0.0" classname="com.seedbank.common.tests.FarmerProfileTest">
    <ignored/>
  </testcase> <!-- enterDateOfBirth -->
  <testcase name="enterMandatoryFieldsAndSaveProfile" time="0.0" classname="com.seedbank.common.tests.FarmerProfileTest">
    <ignored/>
  </testcase> <!-- enterMandatoryFieldsAndSaveProfile -->
  <testcase name="enterFirstName" time="0.0" classname="com.seedbank.common.tests.FarmerProfileTest">
    <ignored/>
  </testcase> <!-- enterFirstName -->
  <testcase name="registerWithAlreadyRegisteredNumber" time="0.0" classname="com.seedbank.common.tests.Registration">
    <ignored/>
  </testcase> <!-- registerWithAlreadyRegisteredNumber -->
  <testcase name="checkForInvalidMobileNumber_Alphabetic" time="0.0" classname="com.seedbank.common.tests.Registration">
    <ignored/>
  </testcase> <!-- checkForInvalidMobileNumber_Alphabetic -->
  <testcase name="navigateToFarmerProfileSection1" time="0.0" classname="com.seedbank.common.tests.FarmerProfileTest">
    <ignored/>
  </testcase> <!-- navigateToFarmerProfileSection1 -->
  <testcase name="enterLastName" time="0.0" classname="com.seedbank.common.tests.FarmerProfileTest">
    <ignored/>
  </testcase> <!-- enterLastName -->
  <testcase name="enterPincode" time="0.0" classname="com.seedbank.common.tests.FarmerProfileTest">
    <ignored/>
  </testcase> <!-- enterPincode -->
  <testcase name="enterSpouseName" time="0.0" classname="com.seedbank.common.tests.FarmerProfileTest">
    <ignored/>
  </testcase> <!-- enterSpouseName -->
  <testcase name="checkMandatoryFieldsWhileCreatingFarmerProfile" time="0.0" classname="com.seedbank.common.tests.FarmerProfileTest">
    <ignored/>
  </testcase> <!-- checkMandatoryFieldsWhileCreatingFarmerProfile -->
  <testcase name="checkForInvalidMobileNumber_checkMobileNumberLength" time="0.0" classname="com.seedbank.common.tests.Registration">
    <ignored/>
  </testcase> <!-- checkForInvalidMobileNumber_checkMobileNumberLength -->
  <testcase name="enterDateOfAnniversary" time="0.0" classname="com.seedbank.common.tests.FarmerProfileTest">
    <ignored/>
  </testcase> <!-- enterDateOfAnniversary -->
  <testcase name="navigateToFarmerProfileSection" time="0.0" classname="com.seedbank.common.tests.FarmerProfileTest">
    <ignored/>
  </testcase> <!-- navigateToFarmerProfileSection -->
  <testcase name="selectEducation" time="0.0" classname="com.seedbank.common.tests.FarmerProfileTest">
    <ignored/>
  </testcase> <!-- selectEducation -->
</testsuite> <!-- Registration -->
