<?xml version="1.0" encoding="UTF-8"?>
<!-- Generated by org.testng.reporters.JUnitXMLReporter -->
<testsuite hostname="BLRPRAGWN11763" name="Registration_Validations::Registration_Invalid OTP$RegistrationTests" tests="3" failures="1" timestamp="5 Feb 2019 10:46:05 GMT" time="0.0" errors="0">
  <testcase name="checkForInvalidOTP_SpecialChar" time="0.0" classname="com.seedbank.common.tests.RegistrationTests"/>
  <testcase name="checkForInvalidOTP_AlphaNumeric" time="0.0" classname="com.seedbank.common.tests.RegistrationTests">
    <failure type="java.lang.AssertionError" message="TEst Method failed">
      <![CDATA[java.lang.AssertionError: TEst Method failed
	at com.seedbank.common.tests.RegistrationTests.checkForInvalidOTP_AlphaNumeric(RegistrationTests.java:143)
	at com.seedbank.common.gui.Run.execute(Run.java:98)
	at com.seedbank.common.gui.Run.formXML(Run.java:75)
	at com.seedbank.common.gui.Run.main(Run.java:31)
	at org.codehaus.mojo.exec.ExecJavaMojo$1.run(ExecJavaMojo.java:283)
	at java.lang.Thread.run(Thread.java:748)
... Removed 26 stack frames]]>
    </failure>
  </testcase> <!-- checkForInvalidOTP_AlphaNumeric -->
  <testcase name="checkForInvalidOTP_Alphabetic" time="0.0" classname="com.seedbank.common.tests.RegistrationTests">
    <skipped/>
  </testcase> <!-- checkForInvalidOTP_Alphabetic -->
</testsuite> <!-- Registration_Validations::Registration_Invalid OTP$RegistrationTests -->
