<?xml version="1.0" encoding="UTF-8"?>
<!-- Generated by org.testng.reporters.JUnitReportReporter -->
<testsuite skipped="0" hostname="BLRPRGGWN20723" name="com.seedbank.common.tests.sample" tests="5" failures="0" timestamp="20 Dec 2018 04:20:59 GMT" time="67.520" errors="0">
  <testcase name="navigateToCropMonitoringPageFromDashboard" time="5.267" classname="com.seedbank.common.tests.sample"/>
  <testcase name="addACropToMonitor" time="48.898" classname="com.seedbank.common.tests.sample"/>
  <testcase name="addStageHarvesting" time="8.921" classname="com.seedbank.common.tests.sample"/>
  <testcase name="enterDateOfHarvesting" time="0.735" classname="com.seedbank.common.tests.sample"/>
  <testcase name="enterYieldQuantity" time="3.699" classname="com.seedbank.common.tests.sample"/>
</testsuite> <!-- com.seedbank.common.tests.sample -->
