<?xml version="1.0" encoding="UTF-8"?>
<!-- Generated by org.testng.reporters.JUnitReportReporter -->
<testsuite hostname="BLRTRIBWDTP" name="com.pack.common.tests.CompareTest" tests="14" failures="0" timestamp="7 Jun 2016 11:16:05 GMT" time="503.975" errors="0">
  <testcase name="sortByPrice" time="104.672" classname="com.pack.common.tests.CompareTest"/>
  <testcase name="scrollDowntoSecondProductSRP" time="21.017" classname="com.pack.common.tests.CompareTest"/>
  <testcase name="writeSearchTextSRP" time="83.412" classname="com.pack.common.tests.CompareTest"/>
  <testcase name="clickFirstProductSRP" time="19.313" classname="com.pack.common.tests.CompareTest"/>
  <testcase name="clickForThirdProduct1" time="6.181" classname="com.pack.common.tests.CompareTest"/>
  <testcase name="writeToSearchTextSRP" time="29.285" classname="com.pack.common.tests.CompareTest"/>
  <testcase name="submitSearchSRP" time="27.273" classname="com.pack.common.tests.CompareTest"/>
  <testcase name="navigateToDifferentCategory1" time="19.848" classname="com.pack.common.tests.CompareTest"/>
  <testcase name="clickonFirstProductSRP" time="19.082" classname="com.pack.common.tests.CompareTest"/>
  <testcase name="filterByMaterial" time="72.987" classname="com.pack.common.tests.CompareTest"/>
  <testcase name="clickCompare_Button" time="22.840" classname="com.pack.common.tests.CompareTest"/>
  <testcase name="clickSearch1" time="27.978" classname="com.pack.common.tests.CompareTest"/>
  <testcase name="submitSearch" time="29.255" classname="com.pack.common.tests.CompareTest"/>
  <testcase name="clicktoSecondProductSRP" time="20.832" classname="com.pack.common.tests.CompareTest"/>
</testsuite> <!-- com.pack.common.tests.CompareTest -->
