<?xml version="1.0" encoding="UTF-8"?>
<!-- Generated by org.testng.reporters.JUnitReportReporter -->
<testsuite skipped="0" hostname="BLRPRGGWN20723" name="com.seedbank.common.tests.FarmerLandTest" tests="4" failures="0" timestamp="09 Jan 2019 08:39:44 GMT" time="89.647" errors="0">
  <testcase name="navigateToFarmerLandSection1" time="21.815" classname="com.seedbank.common.tests.FarmerLandTest"/>
  <testcase name="checkWhetherSurveyNoIsMandatory" time="12.851" classname="com.seedbank.common.tests.FarmerLandTest"/>
  <testcase name="checkWhetherTotalLandHoldingAreaIsMandatory" time="22.722" classname="com.seedbank.common.tests.FarmerLandTest"/>
  <testcase name="checkWhetherIrrigatedLandIsGreaterThanTotalLandHoldingArea" time="32.259" classname="com.seedbank.common.tests.FarmerLandTest"/>
</testsuite> <!-- com.seedbank.common.tests.FarmerLandTest -->
