<?xml version="1.0" encoding="UTF-8"?>
<!-- Generated by org.testng.reporters.JUnitReportReporter -->
<testsuite skipped="0" hostname="BLRPRGGWN20723" name="com.seedbank.common.tests.SeedBank_FarmerProfileTest" tests="13" failures="0" timestamp="18 Dec 2018 11:46:28 GMT" time="61.037" errors="0">
  <testcase name="navigateToFarmerProfileSection" time="16.548" classname="com.seedbank.common.tests.SeedBank_FarmerProfileTest"/>
  <testcase name="enterFirstName" time="4.528" classname="com.seedbank.common.tests.SeedBank_FarmerProfileTest"/>
  <testcase name="enterLastName" time="1.914" classname="com.seedbank.common.tests.SeedBank_FarmerProfileTest"/>
  <testcase name="enterHouseNumber" time="1.329" classname="com.seedbank.common.tests.SeedBank_FarmerProfileTest"/>
  <testcase name="enterDateOfBirth" time="1.347" classname="com.seedbank.common.tests.SeedBank_FarmerProfileTest"/>
  <testcase name="enterPincode" time="3.052" classname="com.seedbank.common.tests.SeedBank_FarmerProfileTest"/>
  <testcase name="enterVillage" time="13.994" classname="com.seedbank.common.tests.SeedBank_FarmerProfileTest"/>
  <testcase name="selectEducation" time="6.901" classname="com.seedbank.common.tests.SeedBank_FarmerProfileTest"/>
  <testcase name="enterFatherName" time="1.291" classname="com.seedbank.common.tests.SeedBank_FarmerProfileTest"/>
  <testcase name="enterSpouseName" time="1.360" classname="com.seedbank.common.tests.SeedBank_FarmerProfileTest"/>
  <testcase name="enterPanNumber" time="1.306" classname="com.seedbank.common.tests.SeedBank_FarmerProfileTest"/>
  <testcase name="enterDateOfAnniversary" time="1.309" classname="com.seedbank.common.tests.SeedBank_FarmerProfileTest"/>
  <testcase name="clickSaveButton" time="6.158" classname="com.seedbank.common.tests.SeedBank_FarmerProfileTest"/>
</testsuite> <!-- com.seedbank.common.tests.SeedBank_FarmerProfileTest -->
