<?xml version="1.0" encoding="UTF-8"?>
<!-- Generated by org.testng.reporters.JUnitXMLReporter -->
<testsuite hostname="BLRTRIBWDTP" name="Basket" tests="44" failures="0" timestamp="13 Jun 2016 05:51:30 GMT" time="0.036" errors="0">
  <testcase name="@BeforeClass initializeTestBaseSetup" time="0.0" classname="com.dunelm.common.tests.BasketTest">
    <failure type="org.testng.TestNGException" message="
Parameter &amp;apos;browserType&amp;apos; is required by @Configuration on method initializeTestBaseSetup but has not been marked @Optional or defined
in D:\Nithya\DunlemWorkspace\Dunelm Framework (Mobile)\text.xml">
      <![CDATA[org.testng.TestNGException: 
Parameter 'browserType' is required by @Configuration on method initializeTestBaseSetup but has not been marked @Optional or defined
in D:\Nithya\DunlemWorkspace\Dunelm Framework (Mobile)\text.xml
... Removed 21 stack frames]]>
    </failure>
  </testcase> <!-- @BeforeClass initializeTestBaseSetup -->
  <testcase name="searchProduct" time="0.0" classname="com.dunelm.common.tests.BasketTest">
    <skipped/>
  </testcase> <!-- searchProduct -->
  <testcase name="clickOnProduct" time="0.001" classname="com.dunelm.common.tests.BasketTest">
    <skipped/>
  </testcase> <!-- clickOnProduct -->
  <testcase name="enterstorename" time="0.0" classname="com.dunelm.common.tests.BasketTest">
    <skipped/>
  </testcase> <!-- enterstorename -->
  <testcase name="addToBasket6" time="0.0" classname="com.dunelm.common.tests.BasketTest">
    <skipped/>
  </testcase> <!-- addToBasket6 -->
  <testcase name="getTextOfOnly12ItemsAvailableMessage" time="0.001" classname="com.dunelm.common.tests.BasketTest">
    <skipped/>
  </testcase> <!-- getTextOfOnly12ItemsAvailableMessage -->
  <testcase name="reSelectQuantity1" time="0.0" classname="com.dunelm.common.tests.BasketTest">
    <skipped/>
  </testcase> <!-- reSelectQuantity1 -->
  <testcase name="reserveAndStoredisabled" time="0.0" classname="com.dunelm.common.tests.BasketTest">
    <skipped/>
  </testcase> <!-- reserveAndStoredisabled -->
  <testcase name="reSelectQuantityAs20" time="0.001" classname="com.dunelm.common.tests.BasketTest">
    <skipped/>
  </testcase> <!-- reSelectQuantityAs20 -->
  <testcase name="findYourNearestStore" time="0.0" classname="com.dunelm.common.tests.BasketTest">
    <skipped/>
  </testcase> <!-- findYourNearestStore -->
  <testcase name="enterStore" time="0.0" classname="com.dunelm.common.tests.BasketTest">
    <skipped/>
  </testcase> <!-- enterStore -->
  <testcase name="selectStore" time="0.0" classname="com.dunelm.common.tests.BasketTest">
    <skipped/>
  </testcase> <!-- selectStore -->
  <testcase name="selectStore1" time="0.0" classname="com.dunelm.common.tests.BasketTest">
    <skipped/>
  </testcase> <!-- selectStore1 -->
  <testcase name="searchProduct12" time="0.0" classname="com.dunelm.common.tests.BasketTest">
    <skipped/>
  </testcase> <!-- searchProduct12 -->
  <testcase name="clickOnProduct12" time="0.0" classname="com.dunelm.common.tests.BasketTest">
    <skipped/>
  </testcase> <!-- clickOnProduct12 -->
  <testcase name="addToBasket12" time="0.001" classname="com.dunelm.common.tests.BasketTest">
    <skipped/>
  </testcase> <!-- addToBasket12 -->
  <testcase name="viewBasket12" time="0.0" classname="com.dunelm.common.tests.BasketTest">
    <skipped/>
  </testcase> <!-- viewBasket12 -->
  <testcase name="voucherCode" time="0.001" classname="com.dunelm.common.tests.BasketTest">
    <skipped/>
  </testcase> <!-- voucherCode -->
  <testcase name="homeDelieveryButton" time="0.0" classname="com.dunelm.common.tests.BasketTest">
    <skipped/>
  </testcase> <!-- homeDelieveryButton -->
  <testcase name="basketAmount" time="0.001" classname="com.dunelm.common.tests.BasketTest">
    <skipped/>
  </testcase> <!-- basketAmount -->
  <testcase name="discountAmount" time="0.0" classname="com.dunelm.common.tests.BasketTest">
    <skipped/>
  </testcase> <!-- discountAmount -->
  <testcase name="totalAmount" time="0.001" classname="com.dunelm.common.tests.BasketTest">
    <skipped/>
  </testcase> <!-- totalAmount -->
  <testcase name="totalWithHomeDelievery" time="0.0" classname="com.dunelm.common.tests.BasketTest">
    <skipped/>
  </testcase> <!-- totalWithHomeDelievery -->
  <testcase name="searchProduct18" time="0.0" classname="com.dunelm.common.tests.BasketTest">
    <skipped/>
  </testcase> <!-- searchProduct18 -->
  <testcase name="addtoBasket18" time="0.001" classname="com.dunelm.common.tests.BasketTest">
    <skipped/>
  </testcase> <!-- addtoBasket18 -->
  <testcase name="viewBasket18" time="0.0" classname="com.dunelm.common.tests.BasketTest">
    <skipped/>
  </testcase> <!-- viewBasket18 -->
  <testcase name="saveBasketForLater" time="0.0" classname="com.dunelm.common.tests.BasketTest">
    <skipped/>
  </testcase> <!-- saveBasketForLater -->
  <testcase name="signIn" time="0.0" classname="com.dunelm.common.tests.BasketTest">
    <skipped/>
  </testcase> <!-- signIn -->
  <testcase name="emailWarningMessage" time="0.0" classname="com.dunelm.common.tests.BasketTest">
    <skipped/>
  </testcase> <!-- emailWarningMessage -->
  <testcase name="passwordWarningMessage" time="0.0" classname="com.dunelm.common.tests.BasketTest">
    <skipped/>
  </testcase> <!-- passwordWarningMessage -->
  <testcase name="createAccountWithoutDetails" time="0.001" classname="com.dunelm.common.tests.BasketTest">
    <skipped/>
  </testcase> <!-- createAccountWithoutDetails -->
  <testcase name="enterValidDetails" time="0.0" classname="com.dunelm.common.tests.BasketTest">
    <skipped/>
  </testcase> <!-- enterValidDetails -->
  <testcase name="logOut" time="0.001" classname="com.dunelm.common.tests.BasketTest">
    <skipped/>
  </testcase> <!-- logOut -->
  <testcase name="LogIn" time="0.0" classname="com.dunelm.common.tests.BasketTest">
    <skipped/>
  </testcase> <!-- LogIn -->
  <testcase name="verifySavedProduct" time="0.0" classname="com.dunelm.common.tests.BasketTest">
    <skipped/>
  </testcase> <!-- verifySavedProduct -->
  <testcase name="searchProduct5" time="0.0" classname="com.dunelm.common.tests.BasketTest">
    <skipped/>
  </testcase> <!-- searchProduct5 -->
  <testcase name="addtoBasket5" time="0.0" classname="com.dunelm.common.tests.BasketTest">
    <skipped/>
  </testcase> <!-- addtoBasket5 -->
  <testcase name="searchProduct5a" time="0.0" classname="com.dunelm.common.tests.BasketTest">
    <skipped/>
  </testcase> <!-- searchProduct5a -->
  <testcase name="addtoBasket5a" time="0.0" classname="com.dunelm.common.tests.BasketTest">
    <skipped/>
  </testcase> <!-- addtoBasket5a -->
  <testcase name="viewBasket5" time="0.0" classname="com.dunelm.common.tests.BasketTest">
    <skipped/>
  </testcase> <!-- viewBasket5 -->
  <testcase name="enterStore5" time="0.0" classname="com.dunelm.common.tests.BasketTest">
    <skipped/>
  </testcase> <!-- enterStore5 -->
  <testcase name="rcWarning" time="0.002" classname="com.dunelm.common.tests.BasketTest">
    <skipped/>
  </testcase> <!-- rcWarning -->
  <testcase name="clickReserveAndStore" time="0.0" classname="com.dunelm.common.tests.BasketTest">
    <skipped/>
  </testcase> <!-- clickReserveAndStore -->
  <testcase name="continueToReserve" time="0.0" classname="com.dunelm.common.tests.BasketTest">
    <skipped/>
  </testcase> <!-- continueToReserve -->
  <testcase name="removeProduct" time="0.002" classname="com.dunelm.common.tests.BasketTest">
    <skipped/>
  </testcase> <!-- removeProduct -->
</testsuite> <!-- Basket -->
