<?xml version="1.0" encoding="UTF-8"?>
<!-- Generated by org.testng.reporters.JUnitXMLReporter -->
<testsuite hostname="BLRTRIBWDTP" name="Bazaarvoice" tests="31" failures="0" timestamp="13 Jun 2016 05:51:30 GMT" time="0.039" errors="0">
  <testcase name="@BeforeClass initializeTestBaseSetup" time="0.0" classname="com.dunelm.common.tests.BazaarvoiceTest">
    <failure type="org.testng.TestNGException" message="
Parameter &amp;apos;browserType&amp;apos; is required by @Configuration on method initializeTestBaseSetup but has not been marked @Optional or defined
in D:\Nithya\DunlemWorkspace\Dunelm Framework (Mobile)\text.xml">
      <![CDATA[org.testng.TestNGException: 
Parameter 'browserType' is required by @Configuration on method initializeTestBaseSetup but has not been marked @Optional or defined
in D:\Nithya\DunlemWorkspace\Dunelm Framework (Mobile)\text.xml
... Removed 21 stack frames]]>
    </failure>
  </testcase> <!-- @BeforeClass initializeTestBaseSetup -->
  <testcase name="hoverOnFurniture" time="0.003" classname="com.dunelm.common.tests.BazaarvoiceTest">
    <skipped/>
  </testcase> <!-- hoverOnFurniture -->
  <testcase name="clickOnFurniture" time="0.0" classname="com.dunelm.common.tests.BazaarvoiceTest">
    <skipped/>
  </testcase> <!-- clickOnFurniture -->
  <testcase name="clickOnTableCollection" time="0.001" classname="com.dunelm.common.tests.BazaarvoiceTest">
    <skipped/>
  </testcase> <!-- clickOnTableCollection -->
  <testcase name="verifyFirstReview" time="0.0" classname="com.dunelm.common.tests.BazaarvoiceTest">
    <skipped/>
  </testcase> <!-- verifyFirstReview -->
  <testcase name="clickOnVerify" time="0.0" classname="com.dunelm.common.tests.BazaarvoiceTest">
    <skipped/>
  </testcase> <!-- clickOnVerify -->
  <testcase name="clickOnOverallRating" time="0.0" classname="com.dunelm.common.tests.BazaarvoiceTest">
    <skipped/>
  </testcase> <!-- clickOnOverallRating -->
  <testcase name="enterReviewTitle" time="0.0" classname="com.dunelm.common.tests.BazaarvoiceTest">
    <skipped/>
  </testcase> <!-- enterReviewTitle -->
  <testcase name="enterOnReviewName" time="0.0" classname="com.dunelm.common.tests.BazaarvoiceTest">
    <skipped/>
  </testcase> <!-- enterOnReviewName -->
  <testcase name="enterOnReviewEmail" time="0.0" classname="com.dunelm.common.tests.BazaarvoiceTest">
    <skipped/>
  </testcase> <!-- enterOnReviewEmail -->
  <testcase name="clickOnProductQuality" time="0.0" classname="com.dunelm.common.tests.BazaarvoiceTest">
    <skipped/>
  </testcase> <!-- clickOnProductQuality -->
  <testcase name="clickRateValueProduct" time="0.0" classname="com.dunelm.common.tests.BazaarvoiceTest">
    <skipped/>
  </testcase> <!-- clickRateValueProduct -->
  <testcase name="clickOnAppearanceProduct" time="0.0" classname="com.dunelm.common.tests.BazaarvoiceTest">
    <skipped/>
  </testcase> <!-- clickOnAppearanceProduct -->
  <testcase name="clickOnBestdescribesYou" time="0.0" classname="com.dunelm.common.tests.BazaarvoiceTest">
    <skipped/>
  </testcase> <!-- clickOnBestdescribesYou -->
  <testcase name="clickOnYoungprofessional" time="0.0" classname="com.dunelm.common.tests.BazaarvoiceTest">
    <skipped/>
  </testcase> <!-- clickOnYoungprofessional -->
  <testcase name="clickOnRoomOfChoice" time="0.001" classname="com.dunelm.common.tests.BazaarvoiceTest">
    <skipped/>
  </testcase> <!-- clickOnRoomOfChoice -->
  <testcase name="enterInSearch" time="0.0" classname="com.dunelm.common.tests.BazaarvoiceTest">
    <skipped/>
  </testcase> <!-- enterInSearch -->
  <testcase name="clickOnSearch" time="0.0" classname="com.dunelm.common.tests.BazaarvoiceTest">
    <skipped/>
  </testcase> <!-- clickOnSearch -->
  <testcase name="Filterby" time="0.001" classname="com.dunelm.common.tests.BazaarvoiceTest">
    <skipped/>
  </testcase> <!-- Filterby -->
  <testcase name="clickoncustomerrating" time="0.0" classname="com.dunelm.common.tests.BazaarvoiceTest">
    <skipped/>
  </testcase> <!-- clickoncustomerrating -->
  <testcase name="verifyFiveStarDisplay" time="0.0" classname="com.dunelm.common.tests.BazaarvoiceTest">
    <skipped/>
  </testcase> <!-- verifyFiveStarDisplay -->
  <testcase name="verifyFourStarDisplay" time="0.001" classname="com.dunelm.common.tests.BazaarvoiceTest">
    <skipped/>
  </testcase> <!-- verifyFourStarDisplay -->
  <testcase name="verifyThreeStarDisplay" time="0.0" classname="com.dunelm.common.tests.BazaarvoiceTest">
    <skipped/>
  </testcase> <!-- verifyThreeStarDisplay -->
  <testcase name="verifyTwoStarDisplay" time="0.0" classname="com.dunelm.common.tests.BazaarvoiceTest">
    <skipped/>
  </testcase> <!-- verifyTwoStarDisplay -->
  <testcase name="verifyOneStarDisplay" time="0.0" classname="com.dunelm.common.tests.BazaarvoiceTest">
    <skipped/>
  </testcase> <!-- verifyOneStarDisplay -->
  <testcase name="hoverOnHomwWares2" time="0.0" classname="com.dunelm.common.tests.BazaarvoiceTest">
    <skipped/>
  </testcase> <!-- hoverOnHomwWares2 -->
  <testcase name="clickOnPillows1" time="0.001" classname="com.dunelm.common.tests.BazaarvoiceTest">
    <skipped/>
  </testcase> <!-- clickOnPillows1 -->
  <testcase name="clickOnDormaFullForeverPairofPillows" time="0.0" classname="com.dunelm.common.tests.BazaarvoiceTest">
    <skipped/>
  </testcase> <!-- clickOnDormaFullForeverPairofPillows -->
  <testcase name="hoverOnHomwWares3" time="0.0" classname="com.dunelm.common.tests.BazaarvoiceTest">
    <skipped/>
  </testcase> <!-- hoverOnHomwWares3 -->
  <testcase name="clickOnDuvets" time="0.001" classname="com.dunelm.common.tests.BazaarvoiceTest">
    <skipped/>
  </testcase> <!-- clickOnDuvets -->
  <testcase name="clickOnKidsStarterBedPack" time="0.0" classname="com.dunelm.common.tests.BazaarvoiceTest">
    <skipped/>
  </testcase> <!-- clickOnKidsStarterBedPack -->
  <testcase name="clickOnrecentlyviewedDormaFullForeverPairofPillows" time="0.0" classname="com.dunelm.common.tests.BazaarvoiceTest">
    <skipped/>
  </testcase> <!-- clickOnrecentlyviewedDormaFullForeverPairofPillows -->
</testsuite> <!-- Bazaarvoice -->
