<?xml version="1.0" encoding="UTF-8"?>
<!-- Generated by org.testng.reporters.JUnitXMLReporter -->
<testsuite hostname="BLRTRIBWDTP" name="Bundles" tests="72" failures="0" timestamp="13 Jun 2016 05:51:30 GMT" time="0.055" errors="0">
  <testcase name="@BeforeClass initializeTestBaseSetup" time="0.0" classname="com.dunelm.common.tests.BundlesTest">
    <failure type="org.testng.TestNGException" message="
Parameter &amp;apos;browserType&amp;apos; is required by @Configuration on method initializeTestBaseSetup but has not been marked @Optional or defined
in D:\Nithya\DunlemWorkspace\Dunelm Framework (Mobile)\text.xml">
      <![CDATA[org.testng.TestNGException: 
Parameter 'browserType' is required by @Configuration on method initializeTestBaseSetup but has not been marked @Optional or defined
in D:\Nithya\DunlemWorkspace\Dunelm Framework (Mobile)\text.xml
... Removed 21 stack frames]]>
    </failure>
  </testcase> <!-- @BeforeClass initializeTestBaseSetup -->
  <testcase name="writeSearchText" time="0.0" classname="com.dunelm.common.tests.BundlesTest">
    <skipped/>
  </testcase> <!-- writeSearchText -->
  <testcase name="clickOnSearchSubmit" time="0.001" classname="com.dunelm.common.tests.BundlesTest">
    <skipped/>
  </testcase> <!-- clickOnSearchSubmit -->
  <testcase name="clickOnproduct" time="0.0" classname="com.dunelm.common.tests.BundlesTest">
    <skipped/>
  </testcase> <!-- clickOnproduct -->
  <testcase name="scrolldown" time="0.0" classname="com.dunelm.common.tests.BundlesTest">
    <skipped/>
  </testcase> <!-- scrolldown -->
  <testcase name="clickOnPillow" time="0.001" classname="com.dunelm.common.tests.BundlesTest">
    <skipped/>
  </testcase> <!-- clickOnPillow -->
  <testcase name="verifyBDPProductdetails" time="0.0" classname="com.dunelm.common.tests.BundlesTest">
    <skipped/>
  </testcase> <!-- verifyBDPProductdetails -->
  <testcase name="BDPproductprice" time="0.0" classname="com.dunelm.common.tests.BundlesTest">
    <skipped/>
  </testcase> <!-- BDPproductprice -->
  <testcase name="clickBDPDescription" time="0.0" classname="com.dunelm.common.tests.BundlesTest">
    <skipped/>
  </testcase> <!-- clickBDPDescription -->
  <testcase name="clickBDPFeature" time="0.0" classname="com.dunelm.common.tests.BundlesTest">
    <skipped/>
  </testcase> <!-- clickBDPFeature -->
  <testcase name="pillowPDP" time="0.0" classname="com.dunelm.common.tests.BundlesTest">
    <skipped/>
  </testcase> <!-- pillowPDP -->
  <testcase name="verifyPDPProductdetails" time="0.0" classname="com.dunelm.common.tests.BundlesTest">
    <skipped/>
  </testcase> <!-- verifyPDPProductdetails -->
  <testcase name="verifyPDPPrice" time="0.0" classname="com.dunelm.common.tests.BundlesTest">
    <skipped/>
  </testcase> <!-- verifyPDPPrice -->
  <testcase name="verifyPDPProdut" time="0.0" classname="com.dunelm.common.tests.BundlesTest">
    <skipped/>
  </testcase> <!-- verifyPDPProdut -->
  <testcase name="verifyPDPProdutFeatures" time="0.0" classname="com.dunelm.common.tests.BundlesTest">
    <skipped/>
  </testcase> <!-- verifyPDPProdutFeatures -->
  <testcase name="hoveronFurniture" time="0.001" classname="com.dunelm.common.tests.BundlesTest">
    <skipped/>
  </testcase> <!-- hoveronFurniture -->
  <testcase name="clickArmchairSofaCollections" time="0.001" classname="com.dunelm.common.tests.BundlesTest">
    <skipped/>
  </testcase> <!-- clickArmchairSofaCollections -->
  <testcase name="clickonKingstonSofaCollection" time="0.0" classname="com.dunelm.common.tests.BundlesTest">
    <skipped/>
  </testcase> <!-- clickonKingstonSofaCollection -->
  <testcase name="productImage" time="0.0" classname="com.dunelm.common.tests.BundlesTest">
    <skipped/>
  </testcase> <!-- productImage -->
  <testcase name="hoverOnHomewares" time="0.001" classname="com.dunelm.common.tests.BundlesTest">
    <skipped/>
  </testcase> <!-- hoverOnHomewares -->
  <testcase name="clickOnbeddingsets" time="0.0" classname="com.dunelm.common.tests.BundlesTest">
    <skipped/>
  </testcase> <!-- clickOnbeddingsets -->
  <testcase name="clickonBundle" time="0.0" classname="com.dunelm.common.tests.BundlesTest">
    <skipped/>
  </testcase> <!-- clickonBundle -->
  <testcase name="bundlecolour" time="0.0" classname="com.dunelm.common.tests.BundlesTest">
    <skipped/>
  </testcase> <!-- bundlecolour -->
  <testcase name="hoverHomewares" time="0.0" classname="com.dunelm.common.tests.BundlesTest">
    <skipped/>
  </testcase> <!-- hoverHomewares -->
  <testcase name="clickbeddingsets" time="0.0" classname="com.dunelm.common.tests.BundlesTest">
    <skipped/>
  </testcase> <!-- clickbeddingsets -->
  <testcase name="clickOnProduct" time="0.0" classname="com.dunelm.common.tests.BundlesTest">
    <skipped/>
  </testcase> <!-- clickOnProduct -->
  <testcase name="clickOnDropdown" time="0.0" classname="com.dunelm.common.tests.BundlesTest">
    <skipped/>
  </testcase> <!-- clickOnDropdown -->
  <testcase name="clickOnDouble" time="0.001" classname="com.dunelm.common.tests.BundlesTest">
    <skipped/>
  </testcase> <!-- clickOnDouble -->
  <testcase name="hoverFurniture" time="0.0" classname="com.dunelm.common.tests.BundlesTest">
    <skipped/>
  </testcase> <!-- hoverFurniture -->
  <testcase name="hoverArmchairSofaCollections" time="0.0" classname="com.dunelm.common.tests.BundlesTest">
    <skipped/>
  </testcase> <!-- hoverArmchairSofaCollections -->
  <testcase name="clickKingstonSofaCollection" time="0.0" classname="com.dunelm.common.tests.BundlesTest">
    <skipped/>
  </testcase> <!-- clickKingstonSofaCollection -->
  <testcase name="scrollarrow" time="0.0" classname="com.dunelm.common.tests.BundlesTest">
    <skipped/>
  </testcase> <!-- scrollarrow -->
  <testcase name="clickColourswatch" time="0.0" classname="com.dunelm.common.tests.BundlesTest">
    <skipped/>
  </testcase> <!-- clickColourswatch -->
  <testcase name="clickselectsize" time="0.0" classname="com.dunelm.common.tests.BundlesTest">
    <skipped/>
  </testcase> <!-- clickselectsize -->
  <testcase name="clicklargesizesofa" time="0.001" classname="com.dunelm.common.tests.BundlesTest">
    <skipped/>
  </testcase> <!-- clicklargesizesofa -->
  <testcase name="bundleproductnumber" time="0.0" classname="com.dunelm.common.tests.BundlesTest">
    <skipped/>
  </testcase> <!-- bundleproductnumber -->
  <testcase name="bundlesearchproduct" time="0.0" classname="com.dunelm.common.tests.BundlesTest">
    <skipped/>
  </testcase> <!-- bundlesearchproduct -->
  <testcase name="scrolltochoosecolour" time="0.0" classname="com.dunelm.common.tests.BundlesTest">
    <skipped/>
  </testcase> <!-- scrolltochoosecolour -->
  <testcase name="Sandyellowproduct" time="0.0" classname="com.dunelm.common.tests.BundlesTest">
    <skipped/>
  </testcase> <!-- Sandyellowproduct -->
  <testcase name="dropdown" time="0.0" classname="com.dunelm.common.tests.BundlesTest">
    <skipped/>
  </testcase> <!-- dropdown -->
  <testcase name="product" time="0.0" classname="com.dunelm.common.tests.BundlesTest">
    <skipped/>
  </testcase> <!-- product -->
  <testcase name="dropdownquantity" time="0.001" classname="com.dunelm.common.tests.BundlesTest">
    <skipped/>
  </testcase> <!-- dropdownquantity -->
  <testcase name="size" time="0.0" classname="com.dunelm.common.tests.BundlesTest">
    <skipped/>
  </testcase> <!-- size -->
  <testcase name="productwhitecolour" time="0.001" classname="com.dunelm.common.tests.BundlesTest">
    <skipped/>
  </testcase> <!-- productwhitecolour -->
  <testcase name="dropdownofnextproduct" time="0.0" classname="com.dunelm.common.tests.BundlesTest">
    <skipped/>
  </testcase> <!-- dropdownofnextproduct -->
  <testcase name="newproduct" time="0.0" classname="com.dunelm.common.tests.BundlesTest">
    <skipped/>
  </testcase> <!-- newproduct -->
  <testcase name="newquantity" time="0.0" classname="com.dunelm.common.tests.BundlesTest">
    <skipped/>
  </testcase> <!-- newquantity -->
  <testcase name="quantitytwo" time="0.0" classname="com.dunelm.common.tests.BundlesTest">
    <skipped/>
  </testcase> <!-- quantitytwo -->
  <testcase name="hoverOntheHomewares" time="0.0" classname="com.dunelm.common.tests.BundlesTest">
    <skipped/>
  </testcase> <!-- hoverOntheHomewares -->
  <testcase name="clickOnBeddingSets" time="0.0" classname="com.dunelm.common.tests.BundlesTest">
    <skipped/>
  </testcase> <!-- clickOnBeddingSets -->
  <testcase name="clickOnDuckEggBeautifulBirdsDuvetCoverSet" time="0.0" classname="com.dunelm.common.tests.BundlesTest">
    <skipped/>
  </testcase> <!-- clickOnDuckEggBeautifulBirdsDuvetCoverSet -->
  <testcase name="selectBedSize3" time="0.0" classname="com.dunelm.common.tests.BundlesTest">
    <skipped/>
  </testcase> <!-- selectBedSize3 -->
  <testcase name="clickOnAddToBasket" time="0.0" classname="com.dunelm.common.tests.BundlesTest">
    <skipped/>
  </testcase> <!-- clickOnAddToBasket -->
  <testcase name="clickOnViewBasket" time="0.0" classname="com.dunelm.common.tests.BundlesTest">
    <skipped/>
  </testcase> <!-- clickOnViewBasket -->
  <testcase name="hoverOnHomewares1" time="0.0" classname="com.dunelm.common.tests.BundlesTest">
    <skipped/>
  </testcase> <!-- hoverOnHomewares1 -->
  <testcase name="clickOnBeddingSets1" time="0.001" classname="com.dunelm.common.tests.BundlesTest">
    <skipped/>
  </testcase> <!-- clickOnBeddingSets1 -->
  <testcase name="clickOnchocolateAthensBedLinenCollection" time="0.0" classname="com.dunelm.common.tests.BundlesTest">
    <skipped/>
  </testcase> <!-- clickOnchocolateAthensBedLinenCollection -->
  <testcase name="selectSize4" time="0.0" classname="com.dunelm.common.tests.BundlesTest">
    <skipped/>
  </testcase> <!-- selectSize4 -->
  <testcase name="selectQuantity7" time="0.0" classname="com.dunelm.common.tests.BundlesTest">
    <skipped/>
  </testcase> <!-- selectQuantity7 -->
  <testcase name="clickOnAddToBasket7" time="0.001" classname="com.dunelm.common.tests.BundlesTest">
    <skipped/>
  </testcase> <!-- clickOnAddToBasket7 -->
  <testcase name="hoverOnHomewares2" time="0.0" classname="com.dunelm.common.tests.BundlesTest">
    <skipped/>
  </testcase> <!-- hoverOnHomewares2 -->
  <testcase name="clickOnBeddingSets2" time="0.0" classname="com.dunelm.common.tests.BundlesTest">
    <skipped/>
  </testcase> <!-- clickOnBeddingSets2 -->
  <testcase name="clickOnDorma350ThreadCountPlainDyeBedLinenCollection" time="0.0" classname="com.dunelm.common.tests.BundlesTest">
    <skipped/>
  </testcase> <!-- clickOnDorma350ThreadCountPlainDyeBedLinenCollection -->
  <testcase name="clickOnColor2" time="0.0" classname="com.dunelm.common.tests.BundlesTest">
    <skipped/>
  </testcase> <!-- clickOnColor2 -->
  <testcase name="clickOnAddToBasket8" time="0.0" classname="com.dunelm.common.tests.BundlesTest">
    <skipped/>
  </testcase> <!-- clickOnAddToBasket8 -->
  <testcase name="hoverOnFurniture" time="0.001" classname="com.dunelm.common.tests.BundlesTest">
    <skipped/>
  </testcase> <!-- hoverOnFurniture -->
  <testcase name="clickOnArmchairAndSofaCollections" time="0.001" classname="com.dunelm.common.tests.BundlesTest">
    <skipped/>
  </testcase> <!-- clickOnArmchairAndSofaCollections -->
  <testcase name="clickOnKingstonSofaCollection" time="0.0" classname="com.dunelm.common.tests.BundlesTest">
    <skipped/>
  </testcase> <!-- clickOnKingstonSofaCollection -->
  <testcase name="clickOnColor" time="0.001" classname="com.dunelm.common.tests.BundlesTest">
    <skipped/>
  </testcase> <!-- clickOnColor -->
  <testcase name="selectSize" time="0.0" classname="com.dunelm.common.tests.BundlesTest">
    <skipped/>
  </testcase> <!-- selectSize -->
  <testcase name="clickOnadTtoBasket6" time="0.0" classname="com.dunelm.common.tests.BundlesTest">
    <skipped/>
  </testcase> <!-- clickOnadTtoBasket6 -->
  <testcase name="clickOnGoToSecureCheckout" time="0.001" classname="com.dunelm.common.tests.BundlesTest">
    <skipped/>
  </testcase> <!-- clickOnGoToSecureCheckout -->
  <testcase name="verifyToatlProductInBasket" time="0.0" classname="com.dunelm.common.tests.BundlesTest">
    <skipped/>
  </testcase> <!-- verifyToatlProductInBasket -->
</testsuite> <!-- Bundles -->
