<?xml version="1.0" encoding="UTF-8"?>
<!-- Generated by org.testng.reporters.JUnitXMLReporter -->
<testsuite hostname="BLRTRIBWDTP" name="Compare" tests="48" failures="0" timestamp="13 Jun 2016 05:51:31 GMT" time="0.067" errors="0">
  <testcase name="@BeforeClass initializeTestBaseSetup" time="0.0" classname="com.dunelm.common.tests.CompareTest">
    <failure type="org.testng.TestNGException" message="
Parameter &amp;apos;browserType&amp;apos; is required by @Configuration on method initializeTestBaseSetup but has not been marked @Optional or defined
in D:\Nithya\DunlemWorkspace\Dunelm Framework (Mobile)\text.xml">
      <![CDATA[org.testng.TestNGException: 
Parameter 'browserType' is required by @Configuration on method initializeTestBaseSetup but has not been marked @Optional or defined
in D:\Nithya\DunlemWorkspace\Dunelm Framework (Mobile)\text.xml
... Removed 21 stack frames]]>
    </failure>
  </testcase> <!-- @BeforeClass initializeTestBaseSetup -->
  <testcase name="navigateToTheSuitablePLP" time="0.0" classname="com.dunelm.common.tests.CompareTest">
    <skipped/>
  </testcase> <!-- navigateToTheSuitablePLP -->
  <testcase name="checkfortheLayoutandAvailableofCompareCheckboxes" time="0.0" classname="com.dunelm.common.tests.CompareTest">
    <skipped/>
  </testcase> <!-- checkfortheLayoutandAvailableofCompareCheckboxes -->
  <testcase name="navigateToTheSuitablePLP2" time="0.001" classname="com.dunelm.common.tests.CompareTest">
    <skipped/>
  </testcase> <!-- navigateToTheSuitablePLP2 -->
  <testcase name="tickTheCompareCheckboxtoSelectProduct1AndTapCompareIcon_2" time="0.0" classname="com.dunelm.common.tests.CompareTest">
    <skipped/>
  </testcase> <!-- tickTheCompareCheckboxtoSelectProduct1AndTapCompareIcon_2 -->
  <testcase name="scrollDownThePage" time="0.0" classname="com.dunelm.common.tests.CompareTest">
    <skipped/>
  </testcase> <!-- scrollDownThePage -->
  <testcase name="tickTheCompareCheckboxtoSelectProduct2_2" time="0.0" classname="com.dunelm.common.tests.CompareTest">
    <skipped/>
  </testcase> <!-- tickTheCompareCheckboxtoSelectProduct2_2 -->
  <testcase name="tickTheCompareCheckboxtoSelectProduct3_2" time="0.0" classname="com.dunelm.common.tests.CompareTest">
    <skipped/>
  </testcase> <!-- tickTheCompareCheckboxtoSelectProduct3_2 -->
  <testcase name="attemptToTicktheCompareCheckboxtoSelectProduct4_2" time="0.001" classname="com.dunelm.common.tests.CompareTest">
    <skipped/>
  </testcase> <!-- attemptToTicktheCompareCheckboxtoSelectProduct4_2 -->
  <testcase name="untickCompareCheckboxesforProducts2and3AndTapCompareIcon_2" time="0.0" classname="com.dunelm.common.tests.CompareTest">
    <skipped/>
  </testcase> <!-- untickCompareCheckboxesforProducts2and3AndTapCompareIcon_2 -->
  <testcase name="untickCompareCheckboxforProduct1AndTapCompareIcon_2" time="0.0" classname="com.dunelm.common.tests.CompareTest">
    <skipped/>
  </testcase> <!-- untickCompareCheckboxforProduct1AndTapCompareIcon_2 -->
  <testcase name="navigateToTheSuitablePLP4" time="0.0" classname="com.dunelm.common.tests.CompareTest">
    <skipped/>
  </testcase> <!-- navigateToTheSuitablePLP4 -->
  <testcase name="tickTheCompareCheckboxtoSelectProduct1_4" time="0.002" classname="com.dunelm.common.tests.CompareTest">
    <skipped/>
  </testcase> <!-- tickTheCompareCheckboxtoSelectProduct1_4 -->
  <testcase name="tickTheCompareCheckboxtoSelectProduct2_4" time="0.0" classname="com.dunelm.common.tests.CompareTest">
    <skipped/>
  </testcase> <!-- tickTheCompareCheckboxtoSelectProduct2_4 -->
  <testcase name="tickTheCompareCheckboxtoSelectProduct3_4" time="0.0" classname="com.dunelm.common.tests.CompareTest">
    <skipped/>
  </testcase> <!-- tickTheCompareCheckboxtoSelectProduct3_4 -->
  <testcase name="tickTheCompareIcon" time="0.0" classname="com.dunelm.common.tests.CompareTest">
    <skipped/>
  </testcase> <!-- tickTheCompareIcon -->
  <testcase name="checkLayout_Name" time="0.002" classname="com.dunelm.common.tests.CompareTest">
    <skipped/>
  </testcase> <!-- checkLayout_Name -->
  <testcase name="checkLayout_Price" time="0.001" classname="com.dunelm.common.tests.CompareTest">
    <skipped/>
  </testcase> <!-- checkLayout_Price -->
  <testcase name="checkLayout_Colors" time="0.0" classname="com.dunelm.common.tests.CompareTest">
    <skipped/>
  </testcase> <!-- checkLayout_Colors -->
  <testcase name="checkLayout_Brand" time="0.0" classname="com.dunelm.common.tests.CompareTest">
    <skipped/>
  </testcase> <!-- checkLayout_Brand -->
  <testcase name="checkLayout_Sizes" time="0.0" classname="com.dunelm.common.tests.CompareTest">
    <skipped/>
  </testcase> <!-- checkLayout_Sizes -->
  <testcase name="checkTheLayout" time="0.0" classname="com.dunelm.common.tests.CompareTest">
    <skipped/>
  </testcase> <!-- checkTheLayout -->
  <testcase name="clickOrTaptheCrosstoRemoveEachProduct" time="0.0" classname="com.dunelm.common.tests.CompareTest">
    <skipped/>
  </testcase> <!-- clickOrTaptheCrosstoRemoveEachProduct -->
  <testcase name="navigateToTheSuitablePLP5" time="0.0" classname="com.dunelm.common.tests.CompareTest">
    <skipped/>
  </testcase> <!-- navigateToTheSuitablePLP5 -->
  <testcase name="tickTheCompareCheckboxtoSelectProduct1_5" time="0.0" classname="com.dunelm.common.tests.CompareTest">
    <skipped/>
  </testcase> <!-- tickTheCompareCheckboxtoSelectProduct1_5 -->
  <testcase name="tickTheCompareCheckboxtoSelectProduct2_5" time="0.0" classname="com.dunelm.common.tests.CompareTest">
    <skipped/>
  </testcase> <!-- tickTheCompareCheckboxtoSelectProduct2_5 -->
  <testcase name="tickTheCompareCheckboxtoSelectProduct3_5" time="0.001" classname="com.dunelm.common.tests.CompareTest">
    <skipped/>
  </testcase> <!-- tickTheCompareCheckboxtoSelectProduct3_5 -->
  <testcase name="clickorTapOnOneoftheSelectedProductsorGotoProductPageButton" time="0.0" classname="com.dunelm.common.tests.CompareTest">
    <skipped/>
  </testcase> <!-- clickorTapOnOneoftheSelectedProductsorGotoProductPageButton -->
  <testcase name="useBackOntheBrowser" time="0.0" classname="com.dunelm.common.tests.CompareTest">
    <skipped/>
  </testcase> <!-- useBackOntheBrowser -->
  <testcase name="navigateToTheSuitablePLP8" time="0.001" classname="com.dunelm.common.tests.CompareTest">
    <skipped/>
  </testcase> <!-- navigateToTheSuitablePLP8 -->
  <testcase name="tickTheCompareCheckboxtoSelectProduct1_8" time="0.0" classname="com.dunelm.common.tests.CompareTest">
    <skipped/>
  </testcase> <!-- tickTheCompareCheckboxtoSelectProduct1_8 -->
  <testcase name="tickTheCompareCheckboxtoSelectProduct2_8" time="0.0" classname="com.dunelm.common.tests.CompareTest">
    <skipped/>
  </testcase> <!-- tickTheCompareCheckboxtoSelectProduct2_8 -->
  <testcase name="tickTheCompareIcon3" time="0.0" classname="com.dunelm.common.tests.CompareTest">
    <skipped/>
  </testcase> <!-- tickTheCompareIcon3 -->
  <testcase name="navigateToDifferentCategory" time="0.0" classname="com.dunelm.common.tests.CompareTest">
    <skipped/>
  </testcase> <!-- navigateToDifferentCategory -->
  <testcase name="tickTheCompareCheckboxtoSelectThirdProduct" time="0.0" classname="com.dunelm.common.tests.CompareTest">
    <skipped/>
  </testcase> <!-- tickTheCompareCheckboxtoSelectThirdProduct -->
  <testcase name="checkCompareIconInactive" time="0.0" classname="com.dunelm.common.tests.CompareTest">
    <skipped/>
  </testcase> <!-- checkCompareIconInactive -->
  <testcase name="writeToSearchText2" time="0.0" classname="com.dunelm.common.tests.CompareTest">
    <skipped/>
  </testcase> <!-- writeToSearchText2 -->
  <testcase name="clickOnSearch2" time="0.0" classname="com.dunelm.common.tests.CompareTest">
    <skipped/>
  </testcase> <!-- clickOnSearch2 -->
  <testcase name="clickonFirstProduct2" time="0.0" classname="com.dunelm.common.tests.CompareTest">
    <skipped/>
  </testcase> <!-- clickonFirstProduct2 -->
  <testcase name="scrollDowntoSecondProduct2" time="0.0" classname="com.dunelm.common.tests.CompareTest">
    <skipped/>
  </testcase> <!-- scrollDowntoSecondProduct2 -->
  <testcase name="clickonThirdProduct2" time="0.0" classname="com.dunelm.common.tests.CompareTest">
    <skipped/>
  </testcase> <!-- clickonThirdProduct2 -->
  <testcase name="clickCompareButton2" time="0.001" classname="com.dunelm.common.tests.CompareTest">
    <skipped/>
  </testcase> <!-- clickCompareButton2 -->
  <testcase name="clickonBackButton1" time="0.0" classname="com.dunelm.common.tests.CompareTest">
    <skipped/>
  </testcase> <!-- clickonBackButton1 -->
  <testcase name="writeSearchTextSRP" time="0.0" classname="com.dunelm.common.tests.CompareTest">
    <skipped/>
  </testcase> <!-- writeSearchTextSRP -->
  <testcase name="submitSearchSRP" time="0.0" classname="com.dunelm.common.tests.CompareTest">
    <skipped/>
  </testcase> <!-- submitSearchSRP -->
  <testcase name="clickFirstProductSRP" time="0.0" classname="com.dunelm.common.tests.CompareTest">
    <skipped/>
  </testcase> <!-- clickFirstProductSRP -->
  <testcase name="clicktoSecondProductSRP" time="0.0" classname="com.dunelm.common.tests.CompareTest">
    <skipped/>
  </testcase> <!-- clicktoSecondProductSRP -->
  <testcase name="sortByPrice" time="0.0" classname="com.dunelm.common.tests.CompareTest">
    <skipped/>
  </testcase> <!-- sortByPrice -->
  <testcase name="filterByMaterial" time="0.0" classname="com.dunelm.common.tests.CompareTest">
    <skipped/>
  </testcase> <!-- filterByMaterial -->
</testsuite> <!-- Compare -->
