<?xml version="1.0" encoding="UTF-8"?>
<!-- Generated by org.testng.reporters.JUnitXMLReporter -->
<testsuite hostname="BLRTRIBWDTP" name="EndToEndScenarios" tests="10" failures="0" timestamp="28 Jun 2016 11:22:44 GMT" time="407.231" errors="0">
  <testcase name="navigateToWwwdunelmcom5" time="14.921" classname="com.dunelm.common.tests.MyAccountTest"/>
  <testcase name="addProductToBasketAndNavigateToYourBasket" time="198.008" classname="com.dunelm.common.tests.MyAccountTest"/>
  <testcase name="chooseHomeDeliveryOption" time="83.897" classname="com.dunelm.common.tests.MyAccountTest"/>
  <testcase name="clickOnSignInLinkOnHomeDeliveryPage" time="25.769" classname="com.dunelm.common.tests.MyAccountTest"/>
  <testcase name="enterRegisteredEmailAddressIntoAddressField" time="31.666" classname="com.dunelm.common.tests.MyAccountTest"/>
  <testcase name="enterRegisteredPasswordInWordField" time="11.974" classname="com.dunelm.common.tests.MyAccountTest"/>
  <testcase name="clickSignInToYourAccount" time="10.592" classname="com.dunelm.common.tests.MyAccountTest"/>
  <testcase name="notes" time="0.0" classname="com.dunelm.common.tests.MyAccountTest"/>
  <testcase name="allTheValidationTestsCanBePerformedOnThisPage" time="0.0" classname="com.dunelm.common.tests.MyAccountTest"/>
  <testcase name="forgottenYourPasswordScriptCanBeTestedInThisPage" time="0.0" classname="com.dunelm.common.tests.MyAccountTest"/>
</testsuite> <!-- EndToEndScenarios -->
