<?xml version="1.0" encoding="UTF-8"?>
<!-- Generated by org.testng.reporters.JUnitXMLReporter -->
<testsuite hostname="BLRTRIBWDTP" name="HDEmails" tests="8" failures="0" timestamp="13 Jun 2016 05:51:30 GMT" time="0.006" errors="0">
  <testcase name="@BeforeClass initializeTestBaseSetup" time="0.0" classname="com.dunelm.common.tests.HDEmailsTestAndroidPhone">
    <failure type="org.testng.TestNGException" message="
Parameter &amp;apos;browserType&amp;apos; is required by @Configuration on method initializeTestBaseSetup but has not been marked @Optional or defined
in D:\Nithya\DunlemWorkspace\Dunelm Framework (Mobile)\text.xml">
      <![CDATA[org.testng.TestNGException: 
Parameter 'browserType' is required by @Configuration on method initializeTestBaseSetup but has not been marked @Optional or defined
in D:\Nithya\DunlemWorkspace\Dunelm Framework (Mobile)\text.xml
... Removed 21 stack frames]]>
    </failure>
  </testcase> <!-- @BeforeClass initializeTestBaseSetup -->
  <testcase name="checkOrderNumber2" time="0.0" classname="com.dunelm.common.tests.HDEmailsTestAndroidPhone">
    <skipped/>
  </testcase> <!-- checkOrderNumber2 -->
  <testcase name="checkDeliveryInstructions" time="0.0" classname="com.dunelm.common.tests.HDEmailsTestAndroidPhone">
    <skipped/>
  </testcase> <!-- checkDeliveryInstructions -->
  <testcase name="checkAddressee" time="0.0" classname="com.dunelm.common.tests.HDEmailsTestAndroidPhone">
    <skipped/>
  </testcase> <!-- checkAddressee -->
  <testcase name="checkDeliveryAddress" time="0.001" classname="com.dunelm.common.tests.HDEmailsTestAndroidPhone">
    <skipped/>
  </testcase> <!-- checkDeliveryAddress -->
  <testcase name="checkContactNumber" time="0.0" classname="com.dunelm.common.tests.HDEmailsTestAndroidPhone">
    <skipped/>
  </testcase> <!-- checkContactNumber -->
  <testcase name="checkEmailAddress" time="0.0" classname="com.dunelm.common.tests.HDEmailsTestAndroidPhone">
    <skipped/>
  </testcase> <!-- checkEmailAddress -->
  <testcase name="checkEasyReturnEspot" time="0.001" classname="com.dunelm.common.tests.HDEmailsTestAndroidPhone">
    <skipped/>
  </testcase> <!-- checkEasyReturnEspot -->
  <testcase name="signOut" time="0.0" classname="com.dunelm.common.tests.HDEmailsTestAndroidPhone">
    <skipped/>
  </testcase> <!-- signOut -->
</testsuite> <!-- HDEmails -->
