<?xml version="1.0" encoding="UTF-8"?>
<!-- Generated by org.testng.reporters.JUnitXMLReporter -->
<testsuite hostname="BLRTRIBWDTP" name="HDLoggedIn" tests="39" failures="0" timestamp="13 Jun 2016 05:51:30 GMT" time="0.032" errors="0">
  <testcase name="@BeforeClass initializeTestBaseSetup" time="0.0" classname="com.dunelm.common.tests.HDLoggedInTest">
    <failure type="org.testng.TestNGException" message="
Parameter &amp;apos;browserType&amp;apos; is required by @Configuration on method initializeTestBaseSetup but has not been marked @Optional or defined
in D:\Nithya\DunlemWorkspace\Dunelm Framework (Mobile)\text.xml">
      <![CDATA[org.testng.TestNGException: 
Parameter 'browserType' is required by @Configuration on method initializeTestBaseSetup but has not been marked @Optional or defined
in D:\Nithya\DunlemWorkspace\Dunelm Framework (Mobile)\text.xml
... Removed 21 stack frames]]>
    </failure>
  </testcase> <!-- @BeforeClass initializeTestBaseSetup -->
  <testcase name="navigateToHomePage" time="0.0" classname="com.dunelm.common.tests.HDLoggedInTest">
    <skipped/>
  </testcase> <!-- navigateToHomePage -->
  <testcase name="addAProductToTheBasketPageAndClickOnCheckoutIcon" time="0.0" classname="com.dunelm.common.tests.HDLoggedInTest">
    <skipped/>
  </testcase> <!-- addAProductToTheBasketPageAndClickOnCheckoutIcon -->
  <testcase name="chooseHomeDeliveryOption" time="0.0" classname="com.dunelm.common.tests.HDLoggedInTest">
    <skipped/>
  </testcase> <!-- chooseHomeDeliveryOption -->
  <testcase name="checkForTheAvailableFields" time="0.0" classname="com.dunelm.common.tests.HDLoggedInTest">
    <skipped/>
  </testcase> <!-- checkForTheAvailableFields -->
  <testcase name="enterValidDataInAllRequiredField" time="0.0" classname="com.dunelm.common.tests.HDLoggedInTest">
    <skipped/>
  </testcase> <!-- enterValidDataInAllRequiredField -->
  <testcase name="clickOnDeliverToThisAddressAndContinueToPayment" time="0.0" classname="com.dunelm.common.tests.HDLoggedInTest">
    <skipped/>
  </testcase> <!-- clickOnDeliverToThisAddressAndContinueToPayment -->
  <testcase name="selectCardPaymentVisaOrMaster" time="0.0" classname="com.dunelm.common.tests.HDLoggedInTest">
    <skipped/>
  </testcase> <!-- selectCardPaymentVisaOrMaster -->
  <testcase name="enterCardNoNameOnCardExpiryDateAndSecurityCode" time="0.0" classname="com.dunelm.common.tests.HDLoggedInTest">
    <skipped/>
  </testcase> <!-- enterCardNoNameOnCardExpiryDateAndSecurityCode -->
  <testcase name="CheckfortheOrderTotalandAmountDisplayedonPaynowandCompleteyourOrder" time="0.001" classname="com.dunelm.common.tests.HDLoggedInTest">
    <skipped/>
  </testcase> <!-- CheckfortheOrderTotalandAmountDisplayedonPaynowandCompleteyourOrder -->
  <testcase name="clickOnPaynowAndCompleteYourOrder" time="0.0" classname="com.dunelm.common.tests.HDLoggedInTest">
    <skipped/>
  </testcase> <!-- clickOnPaynowAndCompleteYourOrder -->
  <testcase name="navigateToHomePage1" time="0.001" classname="com.dunelm.common.tests.HDLoggedInTest">
    <skipped/>
  </testcase> <!-- navigateToHomePage1 -->
  <testcase name="addAProductToTheBasketPageAndClickOnCheckoutIcon1" time="0.0" classname="com.dunelm.common.tests.HDLoggedInTest">
    <skipped/>
  </testcase> <!-- addAProductToTheBasketPageAndClickOnCheckoutIcon1 -->
  <testcase name="chooseHomeDeliveryOption1" time="0.0" classname="com.dunelm.common.tests.HDLoggedInTest">
    <skipped/>
  </testcase> <!-- chooseHomeDeliveryOption1 -->
  <testcase name="checkForTheAvailableFields1" time="0.001" classname="com.dunelm.common.tests.HDLoggedInTest">
    <skipped/>
  </testcase> <!-- checkForTheAvailableFields1 -->
  <testcase name="enterValidDataInAllRequiredField1" time="0.0" classname="com.dunelm.common.tests.HDLoggedInTest">
    <skipped/>
  </testcase> <!-- enterValidDataInAllRequiredField1 -->
  <testcase name="clickOnDeliverToThisAddressAndContinueToPayment1" time="0.0" classname="com.dunelm.common.tests.HDLoggedInTest">
    <skipped/>
  </testcase> <!-- clickOnDeliverToThisAddressAndContinueToPayment1 -->
  <testcase name="selectCardPaymentPayPal" time="0.0" classname="com.dunelm.common.tests.HDLoggedInTest">
    <skipped/>
  </testcase> <!-- selectCardPaymentPayPal -->
  <testcase name="loginToPayPalWithValidEmailAndPassword" time="0.001" classname="com.dunelm.common.tests.HDLoggedInTest">
    <skipped/>
  </testcase> <!-- loginToPayPalWithValidEmailAndPassword -->
  <testcase name="navigateToHomePage2" time="0.0" classname="com.dunelm.common.tests.HDLoggedInTest">
    <skipped/>
  </testcase> <!-- navigateToHomePage2 -->
  <testcase name="addAProductToTheBasketPageAndClickOnCheckoutIcon_3" time="0.0" classname="com.dunelm.common.tests.HDLoggedInTest">
    <skipped/>
  </testcase> <!-- addAProductToTheBasketPageAndClickOnCheckoutIcon_3 -->
  <testcase name="chooseHomeDeliveryOption_3" time="0.0" classname="com.dunelm.common.tests.HDLoggedInTest">
    <skipped/>
  </testcase> <!-- chooseHomeDeliveryOption_3 -->
  <testcase name="checkForTheAvailableFields_3" time="0.0" classname="com.dunelm.common.tests.HDLoggedInTest">
    <skipped/>
  </testcase> <!-- checkForTheAvailableFields_3 -->
  <testcase name="enterValidDataInAllRequiredField2" time="0.0" classname="com.dunelm.common.tests.HDLoggedInTest">
    <skipped/>
  </testcase> <!-- enterValidDataInAllRequiredField2 -->
  <testcase name="clickOnDeliverToThisAddressAndContinueToPayment2" time="0.0" classname="com.dunelm.common.tests.HDLoggedInTest">
    <skipped/>
  </testcase> <!-- clickOnDeliverToThisAddressAndContinueToPayment2 -->
  <testcase name="selectCardPaymentVisaOrMaster2" time="0.004" classname="com.dunelm.common.tests.HDLoggedInTest">
    <skipped/>
  </testcase> <!-- selectCardPaymentVisaOrMaster2 -->
  <testcase name="enterCardNoNameOnCardExpiryDateAndSecurityCode2" time="0.0" classname="com.dunelm.common.tests.HDLoggedInTest">
    <skipped/>
  </testcase> <!-- enterCardNoNameOnCardExpiryDateAndSecurityCode2 -->
  <testcase name="CheckfortheOrderTotalandAmountDisplayedonPaynowandCompleteyourOrder2" time="0.001" classname="com.dunelm.common.tests.HDLoggedInTest">
    <skipped/>
  </testcase> <!-- CheckfortheOrderTotalandAmountDisplayedonPaynowandCompleteyourOrder2 -->
  <testcase name="clickOnPaynowAndCompleteYourOrder2" time="0.001" classname="com.dunelm.common.tests.HDLoggedInTest">
    <skipped/>
  </testcase> <!-- clickOnPaynowAndCompleteYourOrder2 -->
  <testcase name="signInToTheApplicationWithRegisteredAccountUsed" time="0.0" classname="com.dunelm.common.tests.HDLoggedInTest">
    <skipped/>
  </testcase> <!-- signInToTheApplicationWithRegisteredAccountUsed -->
  <testcase name="navigateToHomePage4" time="0.0" classname="com.dunelm.common.tests.HDLoggedInTest">
    <skipped/>
  </testcase> <!-- navigateToHomePage4 -->
  <testcase name="addAProductToTheBasketPageAndClickOnCheckoutIcon_4" time="0.001" classname="com.dunelm.common.tests.HDLoggedInTest">
    <skipped/>
  </testcase> <!-- addAProductToTheBasketPageAndClickOnCheckoutIcon_4 -->
  <testcase name="chooseHomeDeliveryOption_4" time="0.0" classname="com.dunelm.common.tests.HDLoggedInTest">
    <skipped/>
  </testcase> <!-- chooseHomeDeliveryOption_4 -->
  <testcase name="logInToAccount_4" time="0.001" classname="com.dunelm.common.tests.HDLoggedInTest">
    <skipped/>
  </testcase> <!-- logInToAccount_4 -->
  <testcase name="checkIfThereIsDefaultAddressAndPaymentIsStored" time="0.0" classname="com.dunelm.common.tests.HDLoggedInTest">
    <skipped/>
  </testcase> <!-- checkIfThereIsDefaultAddressAndPaymentIsStored -->
  <testcase name="navigateToHomePage5" time="0.002" classname="com.dunelm.common.tests.HDLoggedInTest">
    <skipped/>
  </testcase> <!-- navigateToHomePage5 -->
  <testcase name="addAProductToTheBasketPageAndClickOnCheckoutIcon_5" time="0.0" classname="com.dunelm.common.tests.HDLoggedInTest">
    <skipped/>
  </testcase> <!-- addAProductToTheBasketPageAndClickOnCheckoutIcon_5 -->
  <testcase name="chooseHomeDeliveryOption_5" time="0.001" classname="com.dunelm.common.tests.HDLoggedInTest">
    <skipped/>
  </testcase> <!-- chooseHomeDeliveryOption_5 -->
  <testcase name="logInToAccount_5" time="0.0" classname="com.dunelm.common.tests.HDLoggedInTest">
    <skipped/>
  </testcase> <!-- logInToAccount_5 -->
  <testcase name="checkIfThereIsDefaultAddressAndPaymentIsStored1" time="0.002" classname="com.dunelm.common.tests.HDLoggedInTest">
    <skipped/>
  </testcase> <!-- checkIfThereIsDefaultAddressAndPaymentIsStored1 -->
</testsuite> <!-- HDLoggedIn -->
