<?xml version="1.0" encoding="UTF-8"?>
<!-- Generated by org.testng.reporters.JUnitXMLReporter -->
<testsuite hostname="BLRTRIBWDTP" name="Payment" tests="93" failures="0" timestamp="13 Jun 2016 05:51:30 GMT" time="0.143" errors="0">
  <testcase name="@BeforeClass initializeTestBaseSetup" time="0.0" classname="com.dunelm.common.tests.PaymentTest">
    <failure type="org.testng.TestNGException" message="
Parameter &amp;apos;browserType&amp;apos; is required by @Configuration on method initializeTestBaseSetup but has not been marked @Optional or defined
in D:\Nithya\DunlemWorkspace\Dunelm Framework (Mobile)\text.xml">
      <![CDATA[org.testng.TestNGException: 
Parameter 'browserType' is required by @Configuration on method initializeTestBaseSetup but has not been marked @Optional or defined
in D:\Nithya\DunlemWorkspace\Dunelm Framework (Mobile)\text.xml
... Removed 21 stack frames]]>
    </failure>
  </testcase> <!-- @BeforeClass initializeTestBaseSetup -->
  <testcase name="navigateToTheWebsite2" time="0.017" classname="com.dunelm.common.tests.PaymentTest">
    <skipped/>
  </testcase> <!-- navigateToTheWebsite2 -->
  <testcase name="clickOnAccount2" time="0.001" classname="com.dunelm.common.tests.PaymentTest">
    <skipped/>
  </testcase> <!-- clickOnAccount2 -->
  <testcase name="clickOnEmailField2" time="0.001" classname="com.dunelm.common.tests.PaymentTest">
    <skipped/>
  </testcase> <!-- clickOnEmailField2 -->
  <testcase name="clickOnPasswordField2" time="0.011" classname="com.dunelm.common.tests.PaymentTest">
    <skipped/>
  </testcase> <!-- clickOnPasswordField2 -->
  <testcase name="clickOnSubmit2" time="0.0" classname="com.dunelm.common.tests.PaymentTest">
    <skipped/>
  </testcase> <!-- clickOnSubmit2 -->
  <testcase name="addAProductToBasket2" time="0.0" classname="com.dunelm.common.tests.PaymentTest">
    <skipped/>
  </testcase> <!-- addAProductToBasket2 -->
  <testcase name="navigateToTheBasket2" time="0.0" classname="com.dunelm.common.tests.PaymentTest">
    <skipped/>
  </testcase> <!-- navigateToTheBasket2 -->
  <testcase name="clickOnHomeDelivery2" time="0.002" classname="com.dunelm.common.tests.PaymentTest">
    <skipped/>
  </testcase> <!-- clickOnHomeDelivery2 -->
  <testcase name="clickOnDeliverToThisAddress2" time="0.0" classname="com.dunelm.common.tests.PaymentTest">
    <skipped/>
  </testcase> <!-- clickOnDeliverToThisAddress2 -->
  <testcase name="clickOnMasterCard3D" time="0.0" classname="com.dunelm.common.tests.PaymentTest">
    <skipped/>
  </testcase> <!-- clickOnMasterCard3D -->
  <testcase name="clickOnCard" time="0.0" classname="com.dunelm.common.tests.PaymentTest">
    <skipped/>
  </testcase> <!-- clickOnCard -->
  <testcase name="clickOnName" time="0.0" classname="com.dunelm.common.tests.PaymentTest">
    <skipped/>
  </testcase> <!-- clickOnName -->
  <testcase name="clickCardMonth" time="0.0" classname="com.dunelm.common.tests.PaymentTest">
    <skipped/>
  </testcase> <!-- clickCardMonth -->
  <testcase name="clickCardYear" time="0.0" classname="com.dunelm.common.tests.PaymentTest">
    <skipped/>
  </testcase> <!-- clickCardYear -->
  <testcase name="clickCardSecurity" time="0.004" classname="com.dunelm.common.tests.PaymentTest">
    <skipped/>
  </testcase> <!-- clickCardSecurity -->
  <testcase name="clickPayCard" time="0.0" classname="com.dunelm.common.tests.PaymentTest">
    <skipped/>
  </testcase> <!-- clickPayCard -->
  <testcase name="clickOnDpassword1" time="0.0" classname="com.dunelm.common.tests.PaymentTest">
    <skipped/>
  </testcase> <!-- clickOnDpassword1 -->
  <testcase name="clickOn3Dsubmit1" time="0.0" classname="com.dunelm.common.tests.PaymentTest">
    <skipped/>
  </testcase> <!-- clickOn3Dsubmit1 -->
  <testcase name="navigateToHomePage" time="0.0" classname="com.dunelm.common.tests.PaymentTest">
    <skipped/>
  </testcase> <!-- navigateToHomePage -->
  <testcase name="clickOnAccount21" time="0.001" classname="com.dunelm.common.tests.PaymentTest">
    <skipped/>
  </testcase> <!-- clickOnAccount21 -->
  <testcase name="clickOnEmailField21" time="0.0" classname="com.dunelm.common.tests.PaymentTest">
    <skipped/>
  </testcase> <!-- clickOnEmailField21 -->
  <testcase name="clickOnPasswordField21" time="0.0" classname="com.dunelm.common.tests.PaymentTest">
    <skipped/>
  </testcase> <!-- clickOnPasswordField21 -->
  <testcase name="clickOnSubmit21" time="0.001" classname="com.dunelm.common.tests.PaymentTest">
    <skipped/>
  </testcase> <!-- clickOnSubmit21 -->
  <testcase name="addAProductToBasket21" time="0.0" classname="com.dunelm.common.tests.PaymentTest">
    <skipped/>
  </testcase> <!-- addAProductToBasket21 -->
  <testcase name="navigateToTheBasket21" time="0.001" classname="com.dunelm.common.tests.PaymentTest">
    <skipped/>
  </testcase> <!-- navigateToTheBasket21 -->
  <testcase name="clickOnHomeDelivery21" time="0.001" classname="com.dunelm.common.tests.PaymentTest">
    <skipped/>
  </testcase> <!-- clickOnHomeDelivery21 -->
  <testcase name="clickOnDeliverToThisAddress21" time="0.0" classname="com.dunelm.common.tests.PaymentTest">
    <skipped/>
  </testcase> <!-- clickOnDeliverToThisAddress21 -->
  <testcase name="clickOnMaestroCard3D" time="0.0" classname="com.dunelm.common.tests.PaymentTest">
    <skipped/>
  </testcase> <!-- clickOnMaestroCard3D -->
  <testcase name="CardText" time="0.0" classname="com.dunelm.common.tests.PaymentTest">
    <skipped/>
  </testcase> <!-- CardText -->
  <testcase name="CardName" time="0.0" classname="com.dunelm.common.tests.PaymentTest">
    <skipped/>
  </testcase> <!-- CardName -->
  <testcase name="CardMonth" time="0.0" classname="com.dunelm.common.tests.PaymentTest">
    <skipped/>
  </testcase> <!-- CardMonth -->
  <testcase name="CardYear" time="0.0" classname="com.dunelm.common.tests.PaymentTest">
    <skipped/>
  </testcase> <!-- CardYear -->
  <testcase name="CardSecurity" time="0.001" classname="com.dunelm.common.tests.PaymentTest">
    <skipped/>
  </testcase> <!-- CardSecurity -->
  <testcase name="PayCard" time="0.0" classname="com.dunelm.common.tests.PaymentTest">
    <skipped/>
  </testcase> <!-- PayCard -->
  <testcase name="clickOn3Dsubmit12" time="0.0" classname="com.dunelm.common.tests.PaymentTest">
    <skipped/>
  </testcase> <!-- clickOn3Dsubmit12 -->
  <testcase name="navigateToTheWebsite18" time="0.0" classname="com.dunelm.common.tests.PaymentTest">
    <skipped/>
  </testcase> <!-- navigateToTheWebsite18 -->
  <testcase name="clickOnAccount13" time="0.002" classname="com.dunelm.common.tests.PaymentTest">
    <skipped/>
  </testcase> <!-- clickOnAccount13 -->
  <testcase name="clickOnEmailField13" time="0.0" classname="com.dunelm.common.tests.PaymentTest">
    <skipped/>
  </testcase> <!-- clickOnEmailField13 -->
  <testcase name="clickOnPasswordField13" time="0.0" classname="com.dunelm.common.tests.PaymentTest">
    <skipped/>
  </testcase> <!-- clickOnPasswordField13 -->
  <testcase name="clickOnSubmit13" time="0.002" classname="com.dunelm.common.tests.PaymentTest">
    <skipped/>
  </testcase> <!-- clickOnSubmit13 -->
  <testcase name="addAProductToBasket3" time="0.0" classname="com.dunelm.common.tests.PaymentTest">
    <skipped/>
  </testcase> <!-- addAProductToBasket3 -->
  <testcase name="navigateToTheBasket13" time="0.0" classname="com.dunelm.common.tests.PaymentTest">
    <skipped/>
  </testcase> <!-- navigateToTheBasket13 -->
  <testcase name="clickOnHomeDelivery17" time="0.0" classname="com.dunelm.common.tests.PaymentTest">
    <skipped/>
  </testcase> <!-- clickOnHomeDelivery17 -->
  <testcase name="navigateAddNewAddress" time="0.002" classname="com.dunelm.common.tests.PaymentTest">
    <skipped/>
  </testcase> <!-- navigateAddNewAddress -->
  <testcase name="chooseEmptyToAddress1" time="0.0" classname="com.dunelm.common.tests.PaymentTest">
    <skipped/>
  </testcase> <!-- chooseEmptyToAddress1 -->
  <testcase name="clickOnTitleDropdown" time="0.0" classname="com.dunelm.common.tests.PaymentTest">
    <skipped/>
  </testcase> <!-- clickOnTitleDropdown -->
  <testcase name="fillFirstName" time="0.0" classname="com.dunelm.common.tests.PaymentTest">
    <skipped/>
  </testcase> <!-- fillFirstName -->
  <testcase name="fillLastName" time="0.0" classname="com.dunelm.common.tests.PaymentTest">
    <skipped/>
  </testcase> <!-- fillLastName -->
  <testcase name="fillMobileNumber" time="0.0" classname="com.dunelm.common.tests.PaymentTest">
    <skipped/>
  </testcase> <!-- fillMobileNumber -->
  <testcase name="clickOnHouseNumber" time="0.0" classname="com.dunelm.common.tests.PaymentTest">
    <skipped/>
  </testcase> <!-- clickOnHouseNumber -->
  <testcase name="clickOnPostCode" time="0.002" classname="com.dunelm.common.tests.PaymentTest">
    <skipped/>
  </testcase> <!-- clickOnPostCode -->
  <testcase name="clickForLookUP" time="0.0" classname="com.dunelm.common.tests.PaymentTest">
    <skipped/>
  </testcase> <!-- clickForLookUP -->
  <testcase name="clickDeliverToThisAddress" time="0.001" classname="com.dunelm.common.tests.PaymentTest">
    <skipped/>
  </testcase> <!-- clickDeliverToThisAddress -->
  <testcase name="clickCardPaymentType" time="0.0" classname="com.dunelm.common.tests.PaymentTest">
    <skipped/>
  </testcase> <!-- clickCardPaymentType -->
  <testcase name="clickOnEmptyOrderPay" time="0.001" classname="com.dunelm.common.tests.PaymentTest">
    <skipped/>
  </testcase> <!-- clickOnEmptyOrderPay -->
  <testcase name="clickYourAccount" time="0.0" classname="com.dunelm.common.tests.PaymentTest">
    <skipped/>
  </testcase> <!-- clickYourAccount -->
  <testcase name="signInAsRegisteredUser" time="0.001" classname="com.dunelm.common.tests.PaymentTest">
    <skipped/>
  </testcase> <!-- signInAsRegisteredUser -->
  <testcase name="inYourAccountYourAddressBookSectionAddNewAddressAndSetAsBillingOrSetAnyOfTheSavedAddressesAsBilling" time="0.0" classname="com.dunelm.common.tests.PaymentTest">
    <skipped/>
  </testcase> <!-- inYourAccountYourAddressBookSectionAddNewAddressAndSetAsBillingOrSetAnyOfTheSavedAddressesAsBilling -->
  <testcase name="browseAndAddAProductAvailableForStandardDeliveryToTheBasket" time="0.0" classname="com.dunelm.common.tests.PaymentTest">
    <skipped/>
  </testcase> <!-- browseAndAddAProductAvailableForStandardDeliveryToTheBasket -->
  <testcase name="clickOnTheBuyCallToAction" time="0.0" classname="com.dunelm.common.tests.PaymentTest">
    <skipped/>
  </testcase> <!-- clickOnTheBuyCallToAction -->
  <testcase name="checkForTheBillingAddressDisplayedInPaymentPage" time="0.001" classname="com.dunelm.common.tests.PaymentTest">
    <skipped/>
  </testcase> <!-- checkForTheBillingAddressDisplayedInPaymentPage -->
  <testcase name="navigateToTheWebsite19" time="0.0" classname="com.dunelm.common.tests.PaymentTest">
    <skipped/>
  </testcase> <!-- navigateToTheWebsite19 -->
  <testcase name="navigateToProductAndAddToBasket" time="0.0" classname="com.dunelm.common.tests.PaymentTest">
    <skipped/>
  </testcase> <!-- navigateToProductAndAddToBasket -->
  <testcase name="clickOnBuyAction10" time="0.0" classname="com.dunelm.common.tests.PaymentTest">
    <skipped/>
  </testcase> <!-- clickOnBuyAction10 -->
  <testcase name="fillUserDetails" time="0.0" classname="com.dunelm.common.tests.PaymentTest">
    <skipped/>
  </testcase> <!-- fillUserDetails -->
  <testcase name="clickForLookUP10" time="0.0" classname="com.dunelm.common.tests.PaymentTest">
    <skipped/>
  </testcase> <!-- clickForLookUP10 -->
  <testcase name="clickOnVizaDebitCard3D10" time="0.0" classname="com.dunelm.common.tests.PaymentTest">
    <skipped/>
  </testcase> <!-- clickOnVizaDebitCard3D10 -->
  <testcase name="cardText10" time="0.001" classname="com.dunelm.common.tests.PaymentTest">
    <skipped/>
  </testcase> <!-- cardText10 -->
  <testcase name="cardName10" time="0.0" classname="com.dunelm.common.tests.PaymentTest">
    <skipped/>
  </testcase> <!-- cardName10 -->
  <testcase name="cardMonth10" time="0.0" classname="com.dunelm.common.tests.PaymentTest">
    <skipped/>
  </testcase> <!-- cardMonth10 -->
  <testcase name="cardYear10" time="0.001" classname="com.dunelm.common.tests.PaymentTest">
    <skipped/>
  </testcase> <!-- cardYear10 -->
  <testcase name="cardSecurity10" time="0.0" classname="com.dunelm.common.tests.PaymentTest">
    <skipped/>
  </testcase> <!-- cardSecurity10 -->
  <testcase name="clickToPayCard10" time="0.0" classname="com.dunelm.common.tests.PaymentTest">
    <skipped/>
  </testcase> <!-- clickToPayCard10 -->
  <testcase name="clickOn3Dpassword" time="0.0" classname="com.dunelm.common.tests.PaymentTest">
    <skipped/>
  </testcase> <!-- clickOn3Dpassword -->
  <testcase name="clickOn3Dsubmit10" time="0.0" classname="com.dunelm.common.tests.PaymentTest">
    <skipped/>
  </testcase> <!-- clickOn3Dsubmit10 -->
  <testcase name="navigateToTheWebsite11" time="0.001" classname="com.dunelm.common.tests.PaymentTest">
    <skipped/>
  </testcase> <!-- navigateToTheWebsite11 -->
  <testcase name="addAProductAvailableForExpressDeliveryToTheBasket" time="0.001" classname="com.dunelm.common.tests.PaymentTest">
    <skipped/>
  </testcase> <!-- addAProductAvailableForExpressDeliveryToTheBasket -->
  <testcase name="followTheCheckoutProcessUntilYouReachThePaymentMethodPage1" time="0.0" classname="com.dunelm.common.tests.PaymentTest">
    <skipped/>
  </testcase> <!-- followTheCheckoutProcessUntilYouReachThePaymentMethodPage1 -->
  <testcase name="checkTheAvailablePaymentOptions1" time="0.0" classname="com.dunelm.common.tests.PaymentTest">
    <skipped/>
  </testcase> <!-- checkTheAvailablePaymentOptions1 -->
  <testcase name="selectPaypal1" time="0.0" classname="com.dunelm.common.tests.PaymentTest">
    <skipped/>
  </testcase> <!-- selectPaypal1 -->
  <testcase name="clickTheCallToActionButton1" time="0.0" classname="com.dunelm.common.tests.PaymentTest">
    <skipped/>
  </testcase> <!-- clickTheCallToActionButton1 -->
  <testcase name="checkForThePaypalLoginScreen" time="0.0" classname="com.dunelm.common.tests.PaymentTest">
    <skipped/>
  </testcase> <!-- checkForThePaypalLoginScreen -->
  <testcase name="enterInvalidLoginCredentials" time="0.002" classname="com.dunelm.common.tests.PaymentTest">
    <skipped/>
  </testcase> <!-- enterInvalidLoginCredentials -->
  <testcase name="enterValidLoginCredentials" time="0.0" classname="com.dunelm.common.tests.PaymentTest">
    <skipped/>
  </testcase> <!-- enterValidLoginCredentials -->
  <testcase name="placeThePaypalOrder1" time="0.001" classname="com.dunelm.common.tests.PaymentTest">
    <skipped/>
  </testcase> <!-- placeThePaypalOrder1 -->
  <testcase name="navigateToTheWebsite12" time="0.0" classname="com.dunelm.common.tests.PaymentTest">
    <skipped/>
  </testcase> <!-- navigateToTheWebsite12 -->
  <testcase name="addAProductAvailableForMixedBasketEgDsvZeroValueStandardDeliveryToTheBasket" time="0.003" classname="com.dunelm.common.tests.PaymentTest">
    <skipped/>
  </testcase> <!-- addAProductAvailableForMixedBasketEgDsvZeroValueStandardDeliveryToTheBasket -->
  <testcase name="followTheCheckoutProcessUntilYouReachThePaymentMethodPage2" time="0.0" classname="com.dunelm.common.tests.PaymentTest">
    <skipped/>
  </testcase> <!-- followTheCheckoutProcessUntilYouReachThePaymentMethodPage2 -->
  <testcase name="checkTheAvailablePaymentOptions2" time="0.0" classname="com.dunelm.common.tests.PaymentTest">
    <skipped/>
  </testcase> <!-- checkTheAvailablePaymentOptions2 -->
  <testcase name="selectPaypal2" time="0.002" classname="com.dunelm.common.tests.PaymentTest">
    <skipped/>
  </testcase> <!-- selectPaypal2 -->
  <testcase name="clickTheCallToActionButton2" time="0.0" classname="com.dunelm.common.tests.PaymentTest">
    <skipped/>
  </testcase> <!-- clickTheCallToActionButton2 -->
  <testcase name="logInToPaypal1" time="0.001" classname="com.dunelm.common.tests.PaymentTest">
    <skipped/>
  </testcase> <!-- logInToPaypal1 -->
  <testcase name="placeThePaypalOrder2" time="0.0" classname="com.dunelm.common.tests.PaymentTest">
    <skipped/>
  </testcase> <!-- placeThePaypalOrder2 -->
</testsuite> <!-- Payment -->
