<?xml version="1.0" encoding="UTF-8"?>
<!-- Generated by org.testng.reporters.JUnitXMLReporter -->
<testsuite hostname="BLRTRIBWDTP" name="Promotions" tests="52" failures="0" timestamp="13 Jun 2016 05:51:31 GMT" time="0.067" errors="0">
  <testcase name="@BeforeClass initializeTestBaseSetup" time="0.0" classname="com.dunelm.common.tests.PromotionsTest">
    <failure type="org.testng.TestNGException" message="
Parameter &amp;apos;browserType&amp;apos; is required by @Configuration on method initializeTestBaseSetup but has not been marked @Optional or defined
in D:\Nithya\DunlemWorkspace\Dunelm Framework (Mobile)\text.xml">
      <![CDATA[org.testng.TestNGException: 
Parameter 'browserType' is required by @Configuration on method initializeTestBaseSetup but has not been marked @Optional or defined
in D:\Nithya\DunlemWorkspace\Dunelm Framework (Mobile)\text.xml
... Removed 21 stack frames]]>
    </failure>
  </testcase> <!-- @BeforeClass initializeTestBaseSetup -->
  <testcase name="openWwwdunelmcom" time="0.0" classname="com.dunelm.common.tests.PromotionsTest">
    <skipped/>
  </testcase> <!-- openWwwdunelmcom -->
  <testcase name="searchForAnItemOnAPromotion" time="0.0" classname="com.dunelm.common.tests.PromotionsTest">
    <skipped/>
  </testcase> <!-- searchForAnItemOnAPromotion -->
  <testcase name="viewPlpImage" time="0.0" classname="com.dunelm.common.tests.PromotionsTest">
    <skipped/>
  </testcase> <!-- viewPlpImage -->
  <testcase name="openPdpOfItemOnPromotion" time="0.002" classname="com.dunelm.common.tests.PromotionsTest">
    <skipped/>
  </testcase> <!-- openPdpOfItemOnPromotion -->
  <testcase name="verifyThereIsAnOfferLozengePresent" time="0.0" classname="com.dunelm.common.tests.PromotionsTest">
    <skipped/>
  </testcase> <!-- verifyThereIsAnOfferLozengePresent -->
  <testcase name="verifyTheSavingAmountIsCorrect" time="0.0" classname="com.dunelm.common.tests.PromotionsTest">
    <skipped/>
  </testcase> <!-- verifyTheSavingAmountIsCorrect -->
  <testcase name="addItemToBasket" time="0.0" classname="com.dunelm.common.tests.PromotionsTest">
    <skipped/>
  </testcase> <!-- addItemToBasket -->
  <testcase name="goToBasket" time="0.001" classname="com.dunelm.common.tests.PromotionsTest">
    <skipped/>
  </testcase> <!-- goToBasket -->
  <testcase name="verifyThePromotionHasTakenTheCorrectDiscountAmountFromTheTotalOrder" time="0.0" classname="com.dunelm.common.tests.PromotionsTest">
    <skipped/>
  </testcase> <!-- verifyThePromotionHasTakenTheCorrectDiscountAmountFromTheTotalOrder -->
  <testcase name="openWwwdunelmcom1" time="0.0" classname="com.dunelm.common.tests.PromotionsTest">
    <skipped/>
  </testcase> <!-- openWwwdunelmcom1 -->
  <testcase name="searchForAnItemOnAFixedSavePromotion" time="0.002" classname="com.dunelm.common.tests.PromotionsTest">
    <skipped/>
  </testcase> <!-- searchForAnItemOnAFixedSavePromotion -->
  <testcase name="viewPlpImage1" time="0.001" classname="com.dunelm.common.tests.PromotionsTest">
    <skipped/>
  </testcase> <!-- viewPlpImage1 -->
  <testcase name="openPdpOfItemOnAFixedSavePromotion" time="0.0" classname="com.dunelm.common.tests.PromotionsTest">
    <skipped/>
  </testcase> <!-- openPdpOfItemOnAFixedSavePromotion -->
  <testcase name="verifyThereIsAnOfferLozengePresent1" time="0.002" classname="com.dunelm.common.tests.PromotionsTest">
    <skipped/>
  </testcase> <!-- verifyThereIsAnOfferLozengePresent1 -->
  <testcase name="verifyTheSavingAmountIsCorrect1" time="0.0" classname="com.dunelm.common.tests.PromotionsTest">
    <skipped/>
  </testcase> <!-- verifyTheSavingAmountIsCorrect1 -->
  <testcase name="addItemToBasket1" time="0.0" classname="com.dunelm.common.tests.PromotionsTest">
    <skipped/>
  </testcase> <!-- addItemToBasket1 -->
  <testcase name="goToBasket1" time="0.0" classname="com.dunelm.common.tests.PromotionsTest">
    <skipped/>
  </testcase> <!-- goToBasket1 -->
  <testcase name="verifyThePromotionHasTakenTheCorrectDiscountAmountFromTheTotalOrder1" time="0.002" classname="com.dunelm.common.tests.PromotionsTest">
    <skipped/>
  </testcase> <!-- verifyThePromotionHasTakenTheCorrectDiscountAmountFromTheTotalOrder1 -->
  <testcase name="openWwwdunelmcom2" time="0.0" classname="com.dunelm.common.tests.PromotionsTest">
    <skipped/>
  </testcase> <!-- openWwwdunelmcom2 -->
  <testcase name="searchForAnItemOnPromotion" time="0.0" classname="com.dunelm.common.tests.PromotionsTest">
    <skipped/>
  </testcase> <!-- searchForAnItemOnPromotion -->
  <testcase name="openPdpOfItemOnAFreeGiftPromotion" time="0.005" classname="com.dunelm.common.tests.PromotionsTest">
    <skipped/>
  </testcase> <!-- openPdpOfItemOnAFreeGiftPromotion -->
  <testcase name="verifyThereIsAnOfferLozengePresent2" time="0.0" classname="com.dunelm.common.tests.PromotionsTest">
    <skipped/>
  </testcase> <!-- verifyThereIsAnOfferLozengePresent2 -->
  <testcase name="addItemToBasket2" time="0.0" classname="com.dunelm.common.tests.PromotionsTest">
    <skipped/>
  </testcase> <!-- addItemToBasket2 -->
  <testcase name="goToBasket2" time="0.0" classname="com.dunelm.common.tests.PromotionsTest">
    <skipped/>
  </testcase> <!-- goToBasket2 -->
  <testcase name="verifyTheFreeGiftIsAlsoInTheBasket" time="0.004" classname="com.dunelm.common.tests.PromotionsTest">
    <skipped/>
  </testcase> <!-- verifyTheFreeGiftIsAlsoInTheBasket -->
  <testcase name="verifyThatTheFreeItemDisplaysAsFree" time="0.0" classname="com.dunelm.common.tests.PromotionsTest">
    <skipped/>
  </testcase> <!-- verifyThatTheFreeItemDisplaysAsFree -->
  <testcase name="verifyTheTotalOfTheOrderIsCorrect" time="0.0" classname="com.dunelm.common.tests.PromotionsTest">
    <skipped/>
  </testcase> <!-- verifyTheTotalOfTheOrderIsCorrect -->
  <testcase name="openWwwdunelmcom3" time="0.002" classname="com.dunelm.common.tests.PromotionsTest">
    <skipped/>
  </testcase> <!-- openWwwdunelmcom3 -->
  <testcase name="searchForTheFullPricedItemInTheBuyXGetYFreePromotion" time="0.0" classname="com.dunelm.common.tests.PromotionsTest">
    <skipped/>
  </testcase> <!-- searchForTheFullPricedItemInTheBuyXGetYFreePromotion -->
  <testcase name="openPdp" time="0.0" classname="com.dunelm.common.tests.PromotionsTest">
    <skipped/>
  </testcase> <!-- openPdp -->
  <testcase name="addItemToBasket3" time="0.0" classname="com.dunelm.common.tests.PromotionsTest">
    <skipped/>
  </testcase> <!-- addItemToBasket3 -->
  <testcase name="goToBasket3" time="0.003" classname="com.dunelm.common.tests.PromotionsTest">
    <skipped/>
  </testcase> <!-- goToBasket3 -->
  <testcase name="verifyTheFreeItemIsFreeInTheBasket" time="0.0" classname="com.dunelm.common.tests.PromotionsTest">
    <skipped/>
  </testcase> <!-- verifyTheFreeItemIsFreeInTheBasket -->
  <testcase name="enterAValidEmailAndPasswordIntoTheSignInSection1" time="0.0" classname="com.dunelm.common.tests.PromotionsTest">
    <skipped/>
  </testcase> <!-- enterAValidEmailAndPasswordIntoTheSignInSection1 -->
  <testcase name="addAProductOrSeveralProductsToTheBasketThatAreEligibleAndAvailableForRocsAndHomeDeliveryHd1" time="0.002" classname="com.dunelm.common.tests.PromotionsTest">
    <skipped/>
  </testcase> <!-- addAProductOrSeveralProductsToTheBasketThatAreEligibleAndAvailableForRocsAndHomeDeliveryHd1 -->
  <testcase name="selectViewBasketFromTheHeader1" time="0.0" classname="com.dunelm.common.tests.PromotionsTest">
    <skipped/>
  </testcase> <!-- selectViewBasketFromTheHeader1 -->
  <testcase name="openUpThePromotionalCodeAccoridian1" time="0.0" classname="com.dunelm.common.tests.PromotionsTest">
    <skipped/>
  </testcase> <!-- openUpThePromotionalCodeAccoridian1 -->
  <testcase name="enterInvalidPromocode" time="0.0" classname="com.dunelm.common.tests.PromotionsTest">
    <skipped/>
  </testcase> <!-- enterInvalidPromocode -->
  <testcase name="clickApplyVoucher10VerifyTheDiscountHasBeenApplied" time="0.0" classname="com.dunelm.common.tests.PromotionsTest">
    <skipped/>
  </testcase> <!-- clickApplyVoucher10VerifyTheDiscountHasBeenApplied -->
  <testcase name="enterAValidEmailAndPasswordIntoTheSignInSection2" time="0.0" classname="com.dunelm.common.tests.PromotionsTest">
    <skipped/>
  </testcase> <!-- enterAValidEmailAndPasswordIntoTheSignInSection2 -->
  <testcase name="addEachProductFromDifferentSubcategories" time="0.0" classname="com.dunelm.common.tests.PromotionsTest">
    <skipped/>
  </testcase> <!-- addEachProductFromDifferentSubcategories -->
  <testcase name="selectViewBasketFromTheHeader2" time="0.0" classname="com.dunelm.common.tests.PromotionsTest">
    <skipped/>
  </testcase> <!-- selectViewBasketFromTheHeader2 -->
  <testcase name="checkForThePromotionApplied" time="0.001" classname="com.dunelm.common.tests.PromotionsTest">
    <skipped/>
  </testcase> <!-- checkForThePromotionApplied -->
  <testcase name="signOutSeperate" time="0.0" classname="com.dunelm.common.tests.PromotionsTest">
    <skipped/>
  </testcase> <!-- signOutSeperate -->
  <testcase name="enterAValidEmailAndPasswordIntoTheSignInSection3" time="0.0" classname="com.dunelm.common.tests.PromotionsTest">
    <skipped/>
  </testcase> <!-- enterAValidEmailAndPasswordIntoTheSignInSection3 -->
  <testcase name="addFourProductsThreeFromDifferentSubcategoriesAndOneFromDifferentCatalogEntry" time="0.0" classname="com.dunelm.common.tests.PromotionsTest">
    <skipped/>
  </testcase> <!-- addFourProductsThreeFromDifferentSubcategoriesAndOneFromDifferentCatalogEntry -->
  <testcase name="selectViewBasketFromTheHeader3" time="0.0" classname="com.dunelm.common.tests.PromotionsTest">
    <skipped/>
  </testcase> <!-- selectViewBasketFromTheHeader3 -->
  <testcase name="checkForThePromotionApplied1" time="0.0" classname="com.dunelm.common.tests.PromotionsTest">
    <skipped/>
  </testcase> <!-- checkForThePromotionApplied1 -->
  <testcase name="enterAValidEmailAndPasswordIntoTheSignInSection4" time="0.0" classname="com.dunelm.common.tests.PromotionsTest">
    <skipped/>
  </testcase> <!-- enterAValidEmailAndPasswordIntoTheSignInSection4 -->
  <testcase name="addFourProductsThreeFromDifferentSubcategoriesAndOneFromDifferentCatalogEntry1" time="0.0" classname="com.dunelm.common.tests.PromotionsTest">
    <skipped/>
  </testcase> <!-- addFourProductsThreeFromDifferentSubcategoriesAndOneFromDifferentCatalogEntry1 -->
  <testcase name="selectViewBasketFromTheHeader4" time="0.0" classname="com.dunelm.common.tests.PromotionsTest">
    <skipped/>
  </testcase> <!-- selectViewBasketFromTheHeader4 -->
  <testcase name="checkForThePromotionApplied2" time="0.0" classname="com.dunelm.common.tests.PromotionsTest">
    <skipped/>
  </testcase> <!-- checkForThePromotionApplied2 -->
</testsuite> <!-- Promotions -->
