<?xml version="1.0" encoding="UTF-8"?>
<!-- Generated by org.testng.reporters.JUnitXMLReporter -->
<testsuite hostname="BLRTRIBWDTP" name="QAS" tests="73" failures="0" timestamp="13 Jun 2016 05:51:31 GMT" time="0.073" errors="0">
  <testcase name="@BeforeClass initializeTestBaseSetup" time="0.0" classname="com.dunelm.common.tests.QASTest">
    <failure type="org.testng.TestNGException" message="
Parameter &amp;apos;browserType&amp;apos; is required by @Configuration on method initializeTestBaseSetup but has not been marked @Optional or defined
in D:\Nithya\DunlemWorkspace\Dunelm Framework (Mobile)\text.xml">
      <![CDATA[org.testng.TestNGException: 
Parameter 'browserType' is required by @Configuration on method initializeTestBaseSetup but has not been marked @Optional or defined
in D:\Nithya\DunlemWorkspace\Dunelm Framework (Mobile)\text.xml
... Removed 21 stack frames]]>
    </failure>
  </testcase> <!-- @BeforeClass initializeTestBaseSetup -->
  <testcase name="searchforanItemAvailableforHD" time="0.0" classname="com.dunelm.common.tests.QASTest">
    <skipped/>
  </testcase> <!-- searchforanItemAvailableforHD -->
  <testcase name="openPDP" time="0.0" classname="com.dunelm.common.tests.QASTest">
    <skipped/>
  </testcase> <!-- openPDP -->
  <testcase name="addAProductToTheBasket" time="0.0" classname="com.dunelm.common.tests.QASTest">
    <skipped/>
  </testcase> <!-- addAProductToTheBasket -->
  <testcase name="clickOnTheBasketCheckoutIcon" time="0.001" classname="com.dunelm.common.tests.QASTest">
    <skipped/>
  </testcase> <!-- clickOnTheBasketCheckoutIcon -->
  <testcase name="clickOnTheHomeDeliveryOption" time="0.0" classname="com.dunelm.common.tests.QASTest">
    <skipped/>
  </testcase> <!-- clickOnTheHomeDeliveryOption -->
  <testcase name="enterTitle" time="0.001" classname="com.dunelm.common.tests.QASTest">
    <skipped/>
  </testcase> <!-- enterTitle -->
  <testcase name="enterAFirstName" time="0.0" classname="com.dunelm.common.tests.QASTest">
    <skipped/>
  </testcase> <!-- enterAFirstName -->
  <testcase name="enterALastName" time="0.0" classname="com.dunelm.common.tests.QASTest">
    <skipped/>
  </testcase> <!-- enterALastName -->
  <testcase name="enterAEmailAddress" time="0.0" classname="com.dunelm.common.tests.QASTest">
    <skipped/>
  </testcase> <!-- enterAEmailAddress -->
  <testcase name="enterAPhoneNumber" time="0.0" classname="com.dunelm.common.tests.QASTest">
    <skipped/>
  </testcase> <!-- enterAPhoneNumber -->
  <testcase name="enterAHouseNumber" time="0.001" classname="com.dunelm.common.tests.QASTest">
    <skipped/>
  </testcase> <!-- enterAHouseNumber -->
  <testcase name="enterAPostcodeAndClickLookupAddress" time="0.0" classname="com.dunelm.common.tests.QASTest">
    <skipped/>
  </testcase> <!-- enterAPostcodeAndClickLookupAddress -->
  <testcase name="searchforanItemAvailableforHD1" time="0.0" classname="com.dunelm.common.tests.QASTest">
    <skipped/>
  </testcase> <!-- searchforanItemAvailableforHD1 -->
  <testcase name="openPDP1" time="0.0" classname="com.dunelm.common.tests.QASTest">
    <skipped/>
  </testcase> <!-- openPDP1 -->
  <testcase name="addAProductToTheBasket1" time="0.0" classname="com.dunelm.common.tests.QASTest">
    <skipped/>
  </testcase> <!-- addAProductToTheBasket1 -->
  <testcase name="clickOnTheBasketCheckoutIcon1" time="0.0" classname="com.dunelm.common.tests.QASTest">
    <skipped/>
  </testcase> <!-- clickOnTheBasketCheckoutIcon1 -->
  <testcase name="clickOnTheHomeDeliveryOption1" time="0.0" classname="com.dunelm.common.tests.QASTest">
    <skipped/>
  </testcase> <!-- clickOnTheHomeDeliveryOption1 -->
  <testcase name="enterATitle" time="0.0" classname="com.dunelm.common.tests.QASTest">
    <skipped/>
  </testcase> <!-- enterATitle -->
  <testcase name="enterFirstName" time="0.0" classname="com.dunelm.common.tests.QASTest">
    <skipped/>
  </testcase> <!-- enterFirstName -->
  <testcase name="enterLastName" time="0.002" classname="com.dunelm.common.tests.QASTest">
    <skipped/>
  </testcase> <!-- enterLastName -->
  <testcase name="enterEmailAddress" time="0.001" classname="com.dunelm.common.tests.QASTest">
    <skipped/>
  </testcase> <!-- enterEmailAddress -->
  <testcase name="enterPhoneNumber" time="0.0" classname="com.dunelm.common.tests.QASTest">
    <skipped/>
  </testcase> <!-- enterPhoneNumber -->
  <testcase name="enterHouseNumber" time="0.003" classname="com.dunelm.common.tests.QASTest">
    <skipped/>
  </testcase> <!-- enterHouseNumber -->
  <testcase name="writeToEnterAPostcode" time="0.0" classname="com.dunelm.common.tests.QASTest">
    <skipped/>
  </testcase> <!-- writeToEnterAPostcode -->
  <testcase name="clickOnLookupAddress" time="0.0" classname="com.dunelm.common.tests.QASTest">
    <skipped/>
  </testcase> <!-- clickOnLookupAddress -->
  <testcase name="removeTown" time="0.0" classname="com.dunelm.common.tests.QASTest">
    <skipped/>
  </testcase> <!-- removeTown -->
  <testcase name="reEnterTown" time="0.002" classname="com.dunelm.common.tests.QASTest">
    <skipped/>
  </testcase> <!-- reEnterTown -->
  <testcase name="searchforanItemAvailableforHD2" time="0.0" classname="com.dunelm.common.tests.QASTest">
    <skipped/>
  </testcase> <!-- searchforanItemAvailableforHD2 -->
  <testcase name="openPDP2" time="0.0" classname="com.dunelm.common.tests.QASTest">
    <skipped/>
  </testcase> <!-- openPDP2 -->
  <testcase name="addAProductToTheBasket2" time="0.003" classname="com.dunelm.common.tests.QASTest">
    <skipped/>
  </testcase> <!-- addAProductToTheBasket2 -->
  <testcase name="clickOnTheBasketCheckoutIcon2" time="0.0" classname="com.dunelm.common.tests.QASTest">
    <skipped/>
  </testcase> <!-- clickOnTheBasketCheckoutIcon2 -->
  <testcase name="clickOnTheHomeDeliveryOption2" time="0.0" classname="com.dunelm.common.tests.QASTest">
    <skipped/>
  </testcase> <!-- clickOnTheHomeDeliveryOption2 -->
  <testcase name="enterAnTitle" time="0.001" classname="com.dunelm.common.tests.QASTest">
    <skipped/>
  </testcase> <!-- enterAnTitle -->
  <testcase name="enterAnFirstName" time="0.0" classname="com.dunelm.common.tests.QASTest">
    <skipped/>
  </testcase> <!-- enterAnFirstName -->
  <testcase name="enterAnLastName" time="0.0" classname="com.dunelm.common.tests.QASTest">
    <skipped/>
  </testcase> <!-- enterAnLastName -->
  <testcase name="enterAnEmailAddress" time="0.0" classname="com.dunelm.common.tests.QASTest">
    <skipped/>
  </testcase> <!-- enterAnEmailAddress -->
  <testcase name="enterAnPhoneNumber" time="0.0" classname="com.dunelm.common.tests.QASTest">
    <skipped/>
  </testcase> <!-- enterAnPhoneNumber -->
  <testcase name="enterAnHouseNumber" time="0.0" classname="com.dunelm.common.tests.QASTest">
    <skipped/>
  </testcase> <!-- enterAnHouseNumber -->
  <testcase name="enterAInvalidPostcode" time="0.001" classname="com.dunelm.common.tests.QASTest">
    <skipped/>
  </testcase> <!-- enterAInvalidPostcode -->
  <testcase name="clearInvalidPostcodeAndEnterValidPostcode" time="0.0" classname="com.dunelm.common.tests.QASTest">
    <skipped/>
  </testcase> <!-- clearInvalidPostcodeAndEnterValidPostcode -->
  <testcase name="clickOnLookUpAddress" time="0.001" classname="com.dunelm.common.tests.QASTest">
    <skipped/>
  </testcase> <!-- clickOnLookUpAddress -->
  <testcase name="enterSpecialCharactersInFirstAddressLine" time="0.0" classname="com.dunelm.common.tests.QASTest">
    <skipped/>
  </testcase> <!-- enterSpecialCharactersInFirstAddressLine -->
  <testcase name="enterSpecialCharactersInSecondAddressLine" time="0.001" classname="com.dunelm.common.tests.QASTest">
    <skipped/>
  </testcase> <!-- enterSpecialCharactersInSecondAddressLine -->
  <testcase name="clickOnContinueToPayment" time="0.0" classname="com.dunelm.common.tests.QASTest">
    <skipped/>
  </testcase> <!-- clickOnContinueToPayment -->
  <testcase name="ensureAll" time="0.002" classname="com.dunelm.common.tests.QASTest">
    <skipped/>
  </testcase> <!-- ensureAll -->
  <testcase name="searchforanItemAvailableforHD3" time="0.0" classname="com.dunelm.common.tests.QASTest">
    <skipped/>
  </testcase> <!-- searchforanItemAvailableforHD3 -->
  <testcase name="openPDP3" time="0.0" classname="com.dunelm.common.tests.QASTest">
    <skipped/>
  </testcase> <!-- openPDP3 -->
  <testcase name="addAProductToTheBasket3" time="0.0" classname="com.dunelm.common.tests.QASTest">
    <skipped/>
  </testcase> <!-- addAProductToTheBasket3 -->
  <testcase name="clickOnTheBasketCheckoutIcon3" time="0.003" classname="com.dunelm.common.tests.QASTest">
    <skipped/>
  </testcase> <!-- clickOnTheBasketCheckoutIcon3 -->
  <testcase name="clickOnTheHomeDeliveryOption3" time="0.0" classname="com.dunelm.common.tests.QASTest">
    <skipped/>
  </testcase> <!-- clickOnTheHomeDeliveryOption3 -->
  <testcase name="enterTitle1" time="0.001" classname="com.dunelm.common.tests.QASTest">
    <skipped/>
  </testcase> <!-- enterTitle1 -->
  <testcase name="enterAFirstName1" time="0.002" classname="com.dunelm.common.tests.QASTest">
    <skipped/>
  </testcase> <!-- enterAFirstName1 -->
  <testcase name="enterALastName1" time="0.0" classname="com.dunelm.common.tests.QASTest">
    <skipped/>
  </testcase> <!-- enterALastName1 -->
  <testcase name="enterAEmailAddress1" time="0.001" classname="com.dunelm.common.tests.QASTest">
    <skipped/>
  </testcase> <!-- enterAEmailAddress1 -->
  <testcase name="enterAPhoneNumber1" time="0.0" classname="com.dunelm.common.tests.QASTest">
    <skipped/>
  </testcase> <!-- enterAPhoneNumber1 -->
  <testcase name="enterAHouseNumber1" time="0.003" classname="com.dunelm.common.tests.QASTest">
    <skipped/>
  </testcase> <!-- enterAHouseNumber1 -->
  <testcase name="clickEnterAddressManually" time="0.0" classname="com.dunelm.common.tests.QASTest">
    <skipped/>
  </testcase> <!-- clickEnterAddressManually -->
  <testcase name="searchforanItemAvailableforHD4" time="0.0" classname="com.dunelm.common.tests.QASTest">
    <skipped/>
  </testcase> <!-- searchforanItemAvailableforHD4 -->
  <testcase name="openPDP4" time="0.002" classname="com.dunelm.common.tests.QASTest">
    <skipped/>
  </testcase> <!-- openPDP4 -->
  <testcase name="addAProductToTheBasket4" time="0.0" classname="com.dunelm.common.tests.QASTest">
    <skipped/>
  </testcase> <!-- addAProductToTheBasket4 -->
  <testcase name="clickOnTheBasketCheckoutIcon4" time="0.0" classname="com.dunelm.common.tests.QASTest">
    <skipped/>
  </testcase> <!-- clickOnTheBasketCheckoutIcon4 -->
  <testcase name="clickOnTheHomeDeliveryOption4" time="0.0" classname="com.dunelm.common.tests.QASTest">
    <skipped/>
  </testcase> <!-- clickOnTheHomeDeliveryOption4 -->
  <testcase name="enterTitle2" time="0.0" classname="com.dunelm.common.tests.QASTest">
    <skipped/>
  </testcase> <!-- enterTitle2 -->
  <testcase name="enterAFirstName2" time="0.001" classname="com.dunelm.common.tests.QASTest">
    <skipped/>
  </testcase> <!-- enterAFirstName2 -->
  <testcase name="enterALastName2" time="0.0" classname="com.dunelm.common.tests.QASTest">
    <skipped/>
  </testcase> <!-- enterALastName2 -->
  <testcase name="enterAEmailAddress2" time="0.0" classname="com.dunelm.common.tests.QASTest">
    <skipped/>
  </testcase> <!-- enterAEmailAddress2 -->
  <testcase name="enterAPhoneNumber2" time="0.0" classname="com.dunelm.common.tests.QASTest">
    <skipped/>
  </testcase> <!-- enterAPhoneNumber2 -->
  <testcase name="enterAHouseNumber2" time="0.0" classname="com.dunelm.common.tests.QASTest">
    <skipped/>
  </testcase> <!-- enterAHouseNumber2 -->
  <testcase name="enterValidPostCode" time="0.0" classname="com.dunelm.common.tests.QASTest">
    <skipped/>
  </testcase> <!-- enterValidPostCode -->
  <testcase name="clickOnLookUp" time="0.0" classname="com.dunelm.common.tests.QASTest">
    <skipped/>
  </testcase> <!-- clickOnLookUp -->
  <testcase name="enterInvalidCharactersInFirstAddressLine1" time="0.0" classname="com.dunelm.common.tests.QASTest">
    <skipped/>
  </testcase> <!-- enterInvalidCharactersInFirstAddressLine1 -->
  <testcase name="enterInvalidCharactersInSecondAddressLine1" time="0.0" classname="com.dunelm.common.tests.QASTest">
    <skipped/>
  </testcase> <!-- enterInvalidCharactersInSecondAddressLine1 -->
  <testcase name="ensureUserCantProceed" time="0.0" classname="com.dunelm.common.tests.QASTest">
    <skipped/>
  </testcase> <!-- ensureUserCantProceed -->
</testsuite> <!-- QAS -->
