<?xml version="1.0" encoding="UTF-8"?>
<!-- Generated by org.testng.reporters.JUnitXMLReporter -->
<testsuite hostname="BLRTRIBWDTP" name="RAndC" tests="78" failures="0" timestamp="13 Jun 2016 05:51:30 GMT" time="0.095" errors="0">
  <testcase name="@BeforeClass initializeTestBaseSetup" time="0.0" classname="com.dunelm.common.tests.RAndCTest">
    <failure type="org.testng.TestNGException" message="
Parameter &amp;apos;browserType&amp;apos; is required by @Configuration on method initializeTestBaseSetup but has not been marked @Optional or defined
in D:\Nithya\DunlemWorkspace\Dunelm Framework (Mobile)\text.xml">
      <![CDATA[org.testng.TestNGException: 
Parameter 'browserType' is required by @Configuration on method initializeTestBaseSetup but has not been marked @Optional or defined
in D:\Nithya\DunlemWorkspace\Dunelm Framework (Mobile)\text.xml
... Removed 21 stack frames]]>
    </failure>
  </testcase> <!-- @BeforeClass initializeTestBaseSetup -->
  <testcase name="navigateToAPdpWithStoreStock" time="0.0" classname="com.dunelm.common.tests.RAndCTest">
    <skipped/>
  </testcase> <!-- navigateToAPdpWithStoreStock -->
  <testcase name="selectProductAndExpandAvailableViaAccordian_1" time="0.0" classname="com.dunelm.common.tests.RAndCTest">
    <skipped/>
  </testcase> <!-- selectProductAndExpandAvailableViaAccordian_1 -->
  <testcase name="addToBasket" time="0.0" classname="com.dunelm.common.tests.RAndCTest">
    <skipped/>
  </testcase> <!-- addToBasket -->
  <testcase name="navigateToBasketUsingGoToSecureCheckoutButton" time="0.0" classname="com.dunelm.common.tests.RAndCTest">
    <skipped/>
  </testcase> <!-- navigateToBasketUsingGoToSecureCheckoutButton -->
  <testcase name="clicktapReserveAndPayInStoreButton" time="0.0" classname="com.dunelm.common.tests.RAndCTest">
    <skipped/>
  </testcase> <!-- clicktapReserveAndPayInStoreButton -->
  <testcase name="enterAValidPostcodeIntoSearchBarClicktapCheckStock" time="0.0" classname="com.dunelm.common.tests.RAndCTest">
    <skipped/>
  </testcase> <!-- enterAValidPostcodeIntoSearchBarClicktapCheckStock -->
  <testcase name="enterAnInvalidPostcodeIntoSearchBarClicktapCheckStock" time="0.0" classname="com.dunelm.common.tests.RAndCTest">
    <skipped/>
  </testcase> <!-- enterAnInvalidPostcodeIntoSearchBarClicktapCheckStock -->
  <testcase name="enterAPartialPostcodeIntoSearchBarClicktapCheckStock" time="0.0" classname="com.dunelm.common.tests.RAndCTest">
    <skipped/>
  </testcase> <!-- enterAPartialPostcodeIntoSearchBarClicktapCheckStock -->
  <testcase name="enterATownNameThatHasMoreThanOneLocationEgNewcastlePressEnter" time="0.001" classname="com.dunelm.common.tests.RAndCTest">
    <skipped/>
  </testcase> <!-- enterATownNameThatHasMoreThanOneLocationEgNewcastlePressEnter -->
  <testcase name="selectLocationFromTheList" time="0.0" classname="com.dunelm.common.tests.RAndCTest">
    <skipped/>
  </testcase> <!-- selectLocationFromTheList -->
  <testcase name="enterALocationThatHadLessThan5StoresWithinA60mileRadiusEgInvernessPressEnter" time="0.001" classname="com.dunelm.common.tests.RAndCTest">
    <skipped/>
  </testcase> <!-- enterALocationThatHadLessThan5StoresWithinA60mileRadiusEgInvernessPressEnter -->
  <testcase name="clickOnOneOfTheStoreFlags" time="0.0" classname="com.dunelm.common.tests.RAndCTest">
    <skipped/>
  </testcase> <!-- clickOnOneOfTheStoreFlags -->
  <testcase name="navigateToAPdpWithStoreStock1" time="0.0" classname="com.dunelm.common.tests.RAndCTest">
    <skipped/>
  </testcase> <!-- navigateToAPdpWithStoreStock1 -->
  <testcase name="enterAValidPostcodeIntoCheckStockFieldClicktapCheckStock" time="0.001" classname="com.dunelm.common.tests.RAndCTest">
    <skipped/>
  </testcase> <!-- enterAValidPostcodeIntoCheckStockFieldClicktapCheckStock -->
  <testcase name="clicktapChangeStore" time="0.001" classname="com.dunelm.common.tests.RAndCTest">
    <skipped/>
  </testcase> <!-- clicktapChangeStore -->
  <testcase name="enterAnInvalidPostcodeIntoCheckStockFieldClicktapCheckStock" time="0.0" classname="com.dunelm.common.tests.RAndCTest">
    <skipped/>
  </testcase> <!-- enterAnInvalidPostcodeIntoCheckStockFieldClicktapCheckStock -->
  <testcase name="enterAPartialPostcodeIntoIntoCheckStockFieldClicktapCheckStock" time="0.0" classname="com.dunelm.common.tests.RAndCTest">
    <skipped/>
  </testcase> <!-- enterAPartialPostcodeIntoIntoCheckStockFieldClicktapCheckStock -->
  <testcase name="enterATownNameThatHasMoreThanOneLocationEgNewcastlePressEnter1" time="0.0" classname="com.dunelm.common.tests.RAndCTest">
    <skipped/>
  </testcase> <!-- enterATownNameThatHasMoreThanOneLocationEgNewcastlePressEnter1 -->
  <testcase name="selectLocationFromTheList1" time="0.0" classname="com.dunelm.common.tests.RAndCTest">
    <skipped/>
  </testcase> <!-- selectLocationFromTheList1 -->
  <testcase name="clicktapChangeStore1" time="0.0" classname="com.dunelm.common.tests.RAndCTest">
    <skipped/>
  </testcase> <!-- clicktapChangeStore1 -->
  <testcase name="clicktapMapView" time="0.001" classname="com.dunelm.common.tests.RAndCTest">
    <skipped/>
  </testcase> <!-- clicktapMapView -->
  <testcase name="tryUsingTheZoomInAndOutFunctionOnTheMap" time="0.003" classname="com.dunelm.common.tests.RAndCTest">
    <skipped/>
  </testcase> <!-- tryUsingTheZoomInAndOutFunctionOnTheMap -->
  <testcase name="navigateToABdpWithStoreStock" time="0.0" classname="com.dunelm.common.tests.RAndCTest">
    <skipped/>
  </testcase> <!-- navigateToABdpWithStoreStock -->
  <testcase name="selectProductAndExpandAvailableViaAccordian" time="0.0" classname="com.dunelm.common.tests.RAndCTest">
    <skipped/>
  </testcase> <!-- selectProductAndExpandAvailableViaAccordian -->
  <testcase name="enterAValidPostcodeIntoSearchBarUnderReserveAndCollectClicktapCheckStock" time="0.0" classname="com.dunelm.common.tests.RAndCTest">
    <skipped/>
  </testcase> <!-- enterAValidPostcodeIntoSearchBarUnderReserveAndCollectClicktapCheckStock -->
  <testcase name="clicktapChangeStore2" time="0.0" classname="com.dunelm.common.tests.RAndCTest">
    <skipped/>
  </testcase> <!-- clicktapChangeStore2 -->
  <testcase name="enterAnInvalidPostcodeIntoSearchBarClicktapCheckStock1" time="0.0" classname="com.dunelm.common.tests.RAndCTest">
    <skipped/>
  </testcase> <!-- enterAnInvalidPostcodeIntoSearchBarClicktapCheckStock1 -->
  <testcase name="enterAPartialPostcodeIntoSearchBarClicktapCheckStock1" time="0.0" classname="com.dunelm.common.tests.RAndCTest">
    <skipped/>
  </testcase> <!-- enterAPartialPostcodeIntoSearchBarClicktapCheckStock1 -->
  <testcase name="enterATownNameThatHasMoreThanOneLocationEgNewcastlePressEnter2" time="0.002" classname="com.dunelm.common.tests.RAndCTest">
    <skipped/>
  </testcase> <!-- enterATownNameThatHasMoreThanOneLocationEgNewcastlePressEnter2 -->
  <testcase name="selectLocationFromTheList2" time="0.0" classname="com.dunelm.common.tests.RAndCTest">
    <skipped/>
  </testcase> <!-- selectLocationFromTheList2 -->
  <testcase name="clicktapChangeStore3" time="0.001" classname="com.dunelm.common.tests.RAndCTest">
    <skipped/>
  </testcase> <!-- clicktapChangeStore3 -->
  <testcase name="clicktapMapView1" time="0.0" classname="com.dunelm.common.tests.RAndCTest">
    <skipped/>
  </testcase> <!-- clicktapMapView1 -->
  <testcase name="tryUsingTheZoomInAndOutFunctionOnTheMap2" time="0.001" classname="com.dunelm.common.tests.RAndCTest">
    <skipped/>
  </testcase> <!-- tryUsingTheZoomInAndOutFunctionOnTheMap2 -->
  <testcase name="navigateToAPdpWithALowLevelOfStock" time="0.0" classname="com.dunelm.common.tests.RAndCTest">
    <skipped/>
  </testcase> <!-- navigateToAPdpWithALowLevelOfStock -->
  <testcase name="increaseQuantityAboveCurrentStockLevel" time="0.0" classname="com.dunelm.common.tests.RAndCTest">
    <skipped/>
  </testcase> <!-- increaseQuantityAboveCurrentStockLevel -->
  <testcase name="addToBasket1" time="0.002" classname="com.dunelm.common.tests.RAndCTest">
    <skipped/>
  </testcase> <!-- addToBasket1 -->
  <testcase name="navigateToBasketUsingGoToSecureCheckoutButton1" time="0.0" classname="com.dunelm.common.tests.RAndCTest">
    <skipped/>
  </testcase> <!-- navigateToBasketUsingGoToSecureCheckoutButton1 -->
  <testcase name="clicktapReserveAndPayInStoreButton1" time="0.0" classname="com.dunelm.common.tests.RAndCTest">
    <skipped/>
  </testcase> <!-- clicktapReserveAndPayInStoreButton1 -->
  <testcase name="enterALocationIntoSearchBarClicktapCheckStock" time="0.0" classname="com.dunelm.common.tests.RAndCTest">
    <skipped/>
  </testcase> <!-- enterALocationIntoSearchBarClicktapCheckStock -->
  <testcase name="clickOnAccordianToReviewLimitedStockInStore" time="0.001" classname="com.dunelm.common.tests.RAndCTest">
    <skipped/>
  </testcase> <!-- clickOnAccordianToReviewLimitedStockInStore -->
  <testcase name="openDropDownMenuAndselectAQuantityFromMenu" time="0.0" classname="com.dunelm.common.tests.RAndCTest">
    <skipped/>
  </testcase> <!-- openDropDownMenuAndselectAQuantityFromMenu -->
  <testcase name="navigateToAPdpWithALowLevelOfStock1" time="0.001" classname="com.dunelm.common.tests.RAndCTest">
    <skipped/>
  </testcase> <!-- navigateToAPdpWithALowLevelOfStock1 -->
  <testcase name="increaseQuantityAboveCurrentStockLevel1" time="0.002" classname="com.dunelm.common.tests.RAndCTest">
    <skipped/>
  </testcase> <!-- increaseQuantityAboveCurrentStockLevel1 -->
  <testcase name="enterALocationIntoCheckStockFieldClicktapCheckStock" time="0.0" classname="com.dunelm.common.tests.RAndCTest">
    <skipped/>
  </testcase> <!-- enterALocationIntoCheckStockFieldClicktapCheckStock -->
  <testcase name="navigateToABdpWithProductsWithALowLevelOfStock" time="0.0" classname="com.dunelm.common.tests.RAndCTest">
    <skipped/>
  </testcase> <!-- navigateToABdpWithProductsWithALowLevelOfStock -->
  <testcase name="selectProductAndExpandAvailableViaAccordian1" time="0.0" classname="com.dunelm.common.tests.RAndCTest">
    <skipped/>
  </testcase> <!-- selectProductAndExpandAvailableViaAccordian1 -->
  <testcase name="increaseQuantityAboveCurrentStockLevel2" time="0.0" classname="com.dunelm.common.tests.RAndCTest">
    <skipped/>
  </testcase> <!-- increaseQuantityAboveCurrentStockLevel2 -->
  <testcase name="enterALocationIntoCheckStockFieldClicktapCheckStock1" time="0.001" classname="com.dunelm.common.tests.RAndCTest">
    <skipped/>
  </testcase> <!-- enterALocationIntoCheckStockFieldClicktapCheckStock1 -->
  <testcase name="navigateToAPdpAvailableThroughRcButWithZeroStock" time="0.0" classname="com.dunelm.common.tests.RAndCTest">
    <skipped/>
  </testcase> <!-- navigateToAPdpAvailableThroughRcButWithZeroStock -->
  <testcase name="increaseQuantityAboveCurrentStockLevel3" time="0.002" classname="com.dunelm.common.tests.RAndCTest">
    <skipped/>
  </testcase> <!-- increaseQuantityAboveCurrentStockLevel3 -->
  <testcase name="enterALocationIntoCheckStockFieldClicktapCheckStock2" time="0.0" classname="com.dunelm.common.tests.RAndCTest">
    <skipped/>
  </testcase> <!-- enterALocationIntoCheckStockFieldClicktapCheckStock2 -->
  <testcase name="navigateToABdpWithProductsAvailableThroughRcButWithZeroStock" time="0.0" classname="com.dunelm.common.tests.RAndCTest">
    <skipped/>
  </testcase> <!-- navigateToABdpWithProductsAvailableThroughRcButWithZeroStock -->
  <testcase name="selectProductAndExpandAvailableViaAccordian2" time="0.002" classname="com.dunelm.common.tests.RAndCTest">
    <skipped/>
  </testcase> <!-- selectProductAndExpandAvailableViaAccordian2 -->
  <testcase name="increaseQuantityAboveCurrentStockLevel4" time="0.0" classname="com.dunelm.common.tests.RAndCTest">
    <skipped/>
  </testcase> <!-- increaseQuantityAboveCurrentStockLevel4 -->
  <testcase name="enterALocationIntoCheckStockFieldClicktapCheckStock3" time="0.0" classname="com.dunelm.common.tests.RAndCTest">
    <skipped/>
  </testcase> <!-- enterALocationIntoCheckStockFieldClicktapCheckStock3 -->
  <testcase name="navigateToAPdpWithALowLevelOfStock2" time="0.0" classname="com.dunelm.common.tests.RAndCTest">
    <skipped/>
  </testcase> <!-- navigateToAPdpWithALowLevelOfStock2 -->
  <testcase name="increaseQuantityAboveCurrentStockLevel5" time="0.0" classname="com.dunelm.common.tests.RAndCTest">
    <skipped/>
  </testcase> <!-- increaseQuantityAboveCurrentStockLevel5 -->
  <testcase name="addToBasket2" time="0.001" classname="com.dunelm.common.tests.RAndCTest">
    <skipped/>
  </testcase> <!-- addToBasket2 -->
  <testcase name="navigateToAPdpAvailableThroughRcButWithZeroStock1" time="0.0" classname="com.dunelm.common.tests.RAndCTest">
    <skipped/>
  </testcase> <!-- navigateToAPdpAvailableThroughRcButWithZeroStock1 -->
  <testcase name="addToBasket3" time="0.002" classname="com.dunelm.common.tests.RAndCTest">
    <skipped/>
  </testcase> <!-- addToBasket3 -->
  <testcase name="navigateToBasketUsingGoToSecureCheckoutButton2" time="0.0" classname="com.dunelm.common.tests.RAndCTest">
    <skipped/>
  </testcase> <!-- navigateToBasketUsingGoToSecureCheckoutButton2 -->
  <testcase name="clicktapReserveAndPayInStoreButton2" time="0.0" classname="com.dunelm.common.tests.RAndCTest">
    <skipped/>
  </testcase> <!-- clicktapReserveAndPayInStoreButton2 -->
  <testcase name="enterLocationIntoSearchBarClicktapCheckStock" time="0.0" classname="com.dunelm.common.tests.RAndCTest">
    <skipped/>
  </testcase> <!-- enterLocationIntoSearchBarClicktapCheckStock -->
  <testcase name="clickOnAccordianNextToReviewLimitedStockInStorename" time="0.002" classname="com.dunelm.common.tests.RAndCTest">
    <skipped/>
  </testcase> <!-- clickOnAccordianNextToReviewLimitedStockInStorename -->
  <testcase name="removeOutOfStockProductByClickingOnXInRelevantSection" time="0.0" classname="com.dunelm.common.tests.RAndCTest">
    <skipped/>
  </testcase> <!-- removeOutOfStockProductByClickingOnXInRelevantSection -->
  <testcase name="adjustQuantityOnItemWithLimitedStock" time="0.0" classname="com.dunelm.common.tests.RAndCTest">
    <skipped/>
  </testcase> <!-- adjustQuantityOnItemWithLimitedStock -->
  <testcase name="clicktapReserveAndCollectInStorename" time="0.002" classname="com.dunelm.common.tests.RAndCTest">
    <skipped/>
  </testcase> <!-- clicktapReserveAndCollectInStorename -->
  <testcase name="checkTheAvailableFieldsAndItsDefaultValue" time="0.0" classname="com.dunelm.common.tests.RAndCTest">
    <skipped/>
  </testcase> <!-- checkTheAvailableFieldsAndItsDefaultValue -->
  <testcase name="enterFullNameValidEmailAddressAndPhoneNumberClicktapReserveAtStorenamePayWhenYouCollect" time="0.0" classname="com.dunelm.common.tests.RAndCTest">
    <skipped/>
  </testcase> <!-- enterFullNameValidEmailAddressAndPhoneNumberClicktapReserveAtStorenamePayWhenYouCollect -->
  <testcase name="openEmailFromReadyRcOrder" time="0.0" classname="com.dunelm.common.tests.RAndCTest">
    <skipped/>
  </testcase> <!-- openEmailFromReadyRcOrder -->
  <testcase name="checkHeaderContents1" time="0.001" classname="com.dunelm.common.tests.RAndCTest">
    <skipped/>
  </testcase> <!-- checkHeaderContents1 -->
  <testcase name="checkReservationNumber1" time="0.0" classname="com.dunelm.common.tests.RAndCTest">
    <skipped/>
  </testcase> <!-- checkReservationNumber1 -->
  <testcase name="checkCustomerFirstnameOpeningParagraph1" time="0.0" classname="com.dunelm.common.tests.RAndCTest">
    <skipped/>
  </testcase> <!-- checkCustomerFirstnameOpeningParagraph1 -->
  <testcase name="checkStoreNameIsCorrect1" time="0.001" classname="com.dunelm.common.tests.RAndCTest">
    <skipped/>
  </testcase> <!-- checkStoreNameIsCorrect1 -->
  <testcase name="selectStoreNameLink1" time="0.0" classname="com.dunelm.common.tests.RAndCTest">
    <skipped/>
  </testcase> <!-- selectStoreNameLink1 -->
  <testcase name="checkFooterContent1" time="0.0" classname="com.dunelm.common.tests.RAndCTest">
    <skipped/>
  </testcase> <!-- checkFooterContent1 -->
  <testcase name="selectFaqLink1" time="0.0" classname="com.dunelm.common.tests.RAndCTest">
    <skipped/>
  </testcase> <!-- selectFaqLink1 -->
  <testcase name="selectContactUsLink1" time="0.002" classname="com.dunelm.common.tests.RAndCTest">
    <skipped/>
  </testcase> <!-- selectContactUsLink1 -->
</testsuite> <!-- RAndC -->
