<?xml version="1.0" encoding="UTF-8"?>
<!-- Generated by org.testng.reporters.JUnitXMLReporter -->
<testsuite hostname="BLRTRIBWDTP" name="RR" tests="39" failures="0" timestamp="13 Jun 2016 05:51:31 GMT" time="0.121" errors="0">
  <testcase name="@BeforeClass initializeTestBaseSetup" time="0.0" classname="com.dunelm.common.tests.RRTest">
    <failure type="org.testng.TestNGException" message="
Parameter &amp;apos;browserType&amp;apos; is required by @Configuration on method initializeTestBaseSetup but has not been marked @Optional or defined
in D:\Nithya\DunlemWorkspace\Dunelm Framework (Mobile)\text.xml">
      <![CDATA[org.testng.TestNGException: 
Parameter 'browserType' is required by @Configuration on method initializeTestBaseSetup but has not been marked @Optional or defined
in D:\Nithya\DunlemWorkspace\Dunelm Framework (Mobile)\text.xml
... Removed 21 stack frames]]>
    </failure>
  </testcase> <!-- @BeforeClass initializeTestBaseSetup -->
  <testcase name="@AfterMethod afterMethod" time="0.0" classname="com.dunelm.common.tests.RRTest">
    <skipped/>
  </testcase> <!-- @AfterMethod afterMethod -->
  <testcase name="@AfterMethod afterMethod" time="0.0" classname="com.dunelm.common.tests.RRTest">
    <skipped/>
  </testcase> <!-- @AfterMethod afterMethod -->
  <testcase name="@AfterMethod afterMethod" time="0.0" classname="com.dunelm.common.tests.RRTest">
    <skipped/>
  </testcase> <!-- @AfterMethod afterMethod -->
  <testcase name="@AfterMethod afterMethod" time="0.0" classname="com.dunelm.common.tests.RRTest">
    <skipped/>
  </testcase> <!-- @AfterMethod afterMethod -->
  <testcase name="@AfterMethod afterMethod" time="0.0" classname="com.dunelm.common.tests.RRTest">
    <skipped/>
  </testcase> <!-- @AfterMethod afterMethod -->
  <testcase name="@AfterMethod afterMethod" time="0.0" classname="com.dunelm.common.tests.RRTest">
    <skipped/>
  </testcase> <!-- @AfterMethod afterMethod -->
  <testcase name="@AfterMethod afterMethod" time="0.0" classname="com.dunelm.common.tests.RRTest">
    <skipped/>
  </testcase> <!-- @AfterMethod afterMethod -->
  <testcase name="@AfterMethod afterMethod" time="0.0" classname="com.dunelm.common.tests.RRTest">
    <skipped/>
  </testcase> <!-- @AfterMethod afterMethod -->
  <testcase name="@AfterMethod afterMethod" time="0.0" classname="com.dunelm.common.tests.RRTest">
    <skipped/>
  </testcase> <!-- @AfterMethod afterMethod -->
  <testcase name="@AfterMethod afterMethod" time="0.0" classname="com.dunelm.common.tests.RRTest">
    <skipped/>
  </testcase> <!-- @AfterMethod afterMethod -->
  <testcase name="@AfterMethod afterMethod" time="0.0" classname="com.dunelm.common.tests.RRTest">
    <skipped/>
  </testcase> <!-- @AfterMethod afterMethod -->
  <testcase name="@AfterMethod afterMethod" time="0.0" classname="com.dunelm.common.tests.RRTest">
    <skipped/>
  </testcase> <!-- @AfterMethod afterMethod -->
  <testcase name="@AfterMethod afterMethod" time="0.0" classname="com.dunelm.common.tests.RRTest">
    <skipped/>
  </testcase> <!-- @AfterMethod afterMethod -->
  <testcase name="@AfterMethod afterMethod" time="0.0" classname="com.dunelm.common.tests.RRTest">
    <skipped/>
  </testcase> <!-- @AfterMethod afterMethod -->
  <testcase name="@AfterMethod afterMethod" time="0.0" classname="com.dunelm.common.tests.RRTest">
    <skipped/>
  </testcase> <!-- @AfterMethod afterMethod -->
  <testcase name="@AfterMethod afterMethod" time="0.0" classname="com.dunelm.common.tests.RRTest">
    <skipped/>
  </testcase> <!-- @AfterMethod afterMethod -->
  <testcase name="@AfterMethod afterMethod" time="0.0" classname="com.dunelm.common.tests.RRTest">
    <skipped/>
  </testcase> <!-- @AfterMethod afterMethod -->
  <testcase name="@AfterMethod afterMethod" time="0.0" classname="com.dunelm.common.tests.RRTest">
    <skipped/>
  </testcase> <!-- @AfterMethod afterMethod -->
  <testcase name="@AfterMethod afterMethod" time="0.0" classname="com.dunelm.common.tests.RRTest">
    <skipped/>
  </testcase> <!-- @AfterMethod afterMethod -->
  <testcase name="@AfterMethod afterMethod" time="0.0" classname="com.dunelm.common.tests.RRTest">
    <skipped/>
  </testcase> <!-- @AfterMethod afterMethod -->
  <testcase name="@AfterMethod afterMethod" time="0.0" classname="com.dunelm.common.tests.RRTest">
    <skipped/>
  </testcase> <!-- @AfterMethod afterMethod -->
  <testcase name="@AfterMethod afterMethod" time="0.0" classname="com.dunelm.common.tests.RRTest">
    <skipped/>
  </testcase> <!-- @AfterMethod afterMethod -->
  <testcase name="@AfterMethod afterMethod" time="0.0" classname="com.dunelm.common.tests.RRTest">
    <skipped/>
  </testcase> <!-- @AfterMethod afterMethod -->
  <testcase name="@AfterMethod afterMethod" time="0.0" classname="com.dunelm.common.tests.RRTest">
    <skipped/>
  </testcase> <!-- @AfterMethod afterMethod -->
  <testcase name="@AfterMethod afterMethod" time="0.0" classname="com.dunelm.common.tests.RRTest">
    <skipped/>
  </testcase> <!-- @AfterMethod afterMethod -->
  <testcase name="@AfterMethod afterMethod" time="0.0" classname="com.dunelm.common.tests.RRTest">
    <skipped/>
  </testcase> <!-- @AfterMethod afterMethod -->
  <testcase name="@AfterMethod afterMethod" time="0.0" classname="com.dunelm.common.tests.RRTest">
    <skipped/>
  </testcase> <!-- @AfterMethod afterMethod -->
  <testcase name="@AfterMethod afterMethod" time="0.0" classname="com.dunelm.common.tests.RRTest">
    <skipped/>
  </testcase> <!-- @AfterMethod afterMethod -->
  <testcase name="@AfterMethod afterMethod" time="0.0" classname="com.dunelm.common.tests.RRTest">
    <skipped/>
  </testcase> <!-- @AfterMethod afterMethod -->
  <testcase name="@AfterMethod afterMethod" time="0.0" classname="com.dunelm.common.tests.RRTest">
    <skipped/>
  </testcase> <!-- @AfterMethod afterMethod -->
  <testcase name="@AfterMethod afterMethod" time="0.0" classname="com.dunelm.common.tests.RRTest">
    <skipped/>
  </testcase> <!-- @AfterMethod afterMethod -->
  <testcase name="@AfterMethod afterMethod" time="0.0" classname="com.dunelm.common.tests.RRTest">
    <skipped/>
  </testcase> <!-- @AfterMethod afterMethod -->
  <testcase name="@AfterMethod afterMethod" time="0.0" classname="com.dunelm.common.tests.RRTest">
    <skipped/>
  </testcase> <!-- @AfterMethod afterMethod -->
  <testcase name="@AfterMethod afterMethod" time="0.0" classname="com.dunelm.common.tests.RRTest">
    <skipped/>
  </testcase> <!-- @AfterMethod afterMethod -->
  <testcase name="@AfterMethod afterMethod" time="0.0" classname="com.dunelm.common.tests.RRTest">
    <skipped/>
  </testcase> <!-- @AfterMethod afterMethod -->
  <testcase name="@AfterMethod afterMethod" time="0.0" classname="com.dunelm.common.tests.RRTest">
    <skipped/>
  </testcase> <!-- @AfterMethod afterMethod -->
  <testcase name="@AfterMethod afterMethod" time="0.0" classname="com.dunelm.common.tests.RRTest">
    <skipped/>
  </testcase> <!-- @AfterMethod afterMethod -->
  <testcase name="@AfterMethod afterMethod" time="0.0" classname="com.dunelm.common.tests.RRTest">
    <skipped/>
  </testcase> <!-- @AfterMethod afterMethod -->
  <testcase name="@AfterMethod afterMethod" time="0.0" classname="com.dunelm.common.tests.RRTest">
    <skipped/>
  </testcase> <!-- @AfterMethod afterMethod -->
  <testcase name="navigateToMultiplePDPPriorToTest" time="0.001" classname="com.dunelm.common.tests.RRTest">
    <skipped/>
  </testcase> <!-- navigateToMultiplePDPPriorToTest -->
  <testcase name="ViewRecentlyViewedPlacement" time="0.0" classname="com.dunelm.common.tests.RRTest">
    <skipped/>
  </testcase> <!-- ViewRecentlyViewedPlacement -->
  <testcase name="verifyTheplacementHeading" time="0.0" classname="com.dunelm.common.tests.RRTest">
    <skipped/>
  </testcase> <!-- verifyTheplacementHeading -->
  <testcase name="toVerifyTheScrollBehaviour" time="0.0" classname="com.dunelm.common.tests.RRTest">
    <skipped/>
  </testcase> <!-- toVerifyTheScrollBehaviour -->
  <testcase name="toViewDetailsOrHideDetailsBehaviour" time="0.0" classname="com.dunelm.common.tests.RRTest">
    <skipped/>
  </testcase> <!-- toViewDetailsOrHideDetailsBehaviour -->
  <testcase name="verifyThatEachoftheItemsDisplaysCorrectlyInsideThePlacement" time="0.0" classname="com.dunelm.common.tests.RRTest">
    <skipped/>
  </testcase> <!-- verifyThatEachoftheItemsDisplaysCorrectlyInsideThePlacement -->
  <testcase name="toClickOnSeveralProductsWithinThePlacement" time="0.0" classname="com.dunelm.common.tests.RRTest">
    <skipped/>
  </testcase> <!-- toClickOnSeveralProductsWithinThePlacement -->
  <testcase name="navigateToMultiplePDPPriorToTest1" time="0.0" classname="com.dunelm.common.tests.RRTest">
    <skipped/>
  </testcase> <!-- navigateToMultiplePDPPriorToTest1 -->
  <testcase name="viewingPillowItemsPDP" time="0.001" classname="com.dunelm.common.tests.RRTest">
    <skipped/>
  </testcase> <!-- viewingPillowItemsPDP -->
  <testcase name="navigateToThePagesAndCheckRecentlyViewedItemsDisplayed" time="0.0" classname="com.dunelm.common.tests.RRTest">
    <skipped/>
  </testcase> <!-- navigateToThePagesAndCheckRecentlyViewedItemsDisplayed -->
  <testcase name="navigateToThePagesAndCheckRecentlyViewedItemsDisplayed1" time="0.0" classname="com.dunelm.common.tests.RRTest">
    <skipped/>
  </testcase> <!-- navigateToThePagesAndCheckRecentlyViewedItemsDisplayed1 -->
  <testcase name="toCheckRecentlyViewedItemsIsNotPresent_ReserveandCollect" time="0.0" classname="com.dunelm.common.tests.RRTest">
    <skipped/>
  </testcase> <!-- toCheckRecentlyViewedItemsIsNotPresent_ReserveandCollect -->
  <testcase name="toCheckRecentlyViewedItemsIsNotPresent_Compare" time="0.0" classname="com.dunelm.common.tests.RRTest">
    <skipped/>
  </testcase> <!-- toCheckRecentlyViewedItemsIsNotPresent_Compare -->
  <testcase name="toCheckRecentlyViewedItemsIsNotPresent_BDP" time="0.0" classname="com.dunelm.common.tests.RRTest">
    <skipped/>
  </testcase> <!-- toCheckRecentlyViewedItemsIsNotPresent_BDP -->
  <testcase name="toCheckRecentlyViewedItemsIsNotPresent_ErrorPage" time="0.002" classname="com.dunelm.common.tests.RRTest">
    <skipped/>
  </testcase> <!-- toCheckRecentlyViewedItemsIsNotPresent_ErrorPage -->
  <testcase name="viewTheSuggestionsPlacementOnTheHomepageAndVerifyTheGeneralVisualDesignForAllWidths" time="0.0" classname="com.dunelm.common.tests.RRTest">
    <skipped/>
  </testcase> <!-- viewTheSuggestionsPlacementOnTheHomepageAndVerifyTheGeneralVisualDesignForAllWidths -->
  <testcase name="navigateToThePagesAndCheckSuggestionSectionIsDisplayed" time="0.005" classname="com.dunelm.common.tests.RRTest">
    <skipped/>
  </testcase> <!-- navigateToThePagesAndCheckSuggestionSectionIsDisplayed -->
  <testcase name="verifyTheScrollBehaviour" time="0.0" classname="com.dunelm.common.tests.RRTest">
    <skipped/>
  </testcase> <!-- verifyTheScrollBehaviour -->
  <testcase name="clickOnEachProductWithinThePlacement" time="0.0" classname="com.dunelm.common.tests.RRTest">
    <skipped/>
  </testcase> <!-- clickOnEachProductWithinThePlacement -->
  <testcase name="toCheckSuggestionSectionIsNotPresent_Following" time="0.0" classname="com.dunelm.common.tests.RRTest">
    <skipped/>
  </testcase> <!-- toCheckSuggestionSectionIsNotPresent_Following -->
  <testcase name="toCheckSuggestionSectionIsNotPresent_OrderConfirm" time="0.0" classname="com.dunelm.common.tests.RRTest">
    <skipped/>
  </testcase> <!-- toCheckSuggestionSectionIsNotPresent_OrderConfirm -->
  <testcase name="toCheckSuggestionSectionIsNotPresent_ReserveAndCollect" time="0.0" classname="com.dunelm.common.tests.RRTest">
    <skipped/>
  </testcase> <!-- toCheckSuggestionSectionIsNotPresent_ReserveAndCollect -->
  <testcase name="toCheckSuggestionSectionIsNotPresent_Compare" time="0.0" classname="com.dunelm.common.tests.RRTest">
    <skipped/>
  </testcase> <!-- toCheckSuggestionSectionIsNotPresent_Compare -->
  <testcase name="toCheckSuggestionSectionIsNotPresent_BDP" time="0.0" classname="com.dunelm.common.tests.RRTest">
    <skipped/>
  </testcase> <!-- toCheckSuggestionSectionIsNotPresent_BDP -->
  <testcase name="navigateToPDP" time="0.0" classname="com.dunelm.common.tests.RRTest">
    <skipped/>
  </testcase> <!-- navigateToPDP -->
  <testcase name="addItemToBasket" time="0.0" classname="com.dunelm.common.tests.RRTest">
    <skipped/>
  </testcase> <!-- addItemToBasket -->
  <testcase name="checkDisplayAndScrolling" time="0.0" classname="com.dunelm.common.tests.RRTest">
    <skipped/>
  </testcase> <!-- checkDisplayAndScrolling -->
  <testcase name="navigateToHomepageAndCheckRecentlyViewedItems" time="0.001" classname="com.dunelm.common.tests.RRTest">
    <skipped/>
  </testcase> <!-- navigateToHomepageAndCheckRecentlyViewedItems -->
  <testcase name="navigateToMultipleBDP" time="0.002" classname="com.dunelm.common.tests.RRTest">
    <skipped/>
  </testcase> <!-- navigateToMultipleBDP -->
  <testcase name="navigateToHomepageAndCheckRecentlyViewedItems1" time="0.0" classname="com.dunelm.common.tests.RRTest">
    <skipped/>
  </testcase> <!-- navigateToHomepageAndCheckRecentlyViewedItems1 -->
  <testcase name="navigateToPDP1" time="0.002" classname="com.dunelm.common.tests.RRTest">
    <skipped/>
  </testcase> <!-- navigateToPDP1 -->
  <testcase name="navigateToHomepageAndCheckRecentlyViewedItems2" time="0.0" classname="com.dunelm.common.tests.RRTest">
    <skipped/>
  </testcase> <!-- navigateToHomepageAndCheckRecentlyViewedItems2 -->
  <testcase name="clickOnProductImage" time="0.0" classname="com.dunelm.common.tests.RRTest">
    <skipped/>
  </testcase> <!-- clickOnProductImage -->
  <testcase name="navigateToMultiplePDPPriorToTest_11" time="0.068" classname="com.dunelm.common.tests.RRTest">
    <skipped/>
  </testcase> <!-- navigateToMultiplePDPPriorToTest_11 -->
  <testcase name="navigateToHomepageAndCheckRecentlyViewedItems_11" time="0.0" classname="com.dunelm.common.tests.RRTest">
    <skipped/>
  </testcase> <!-- navigateToHomepageAndCheckRecentlyViewedItems_11 -->
  <testcase name="selectAnyProductfromRecentlyViewedItems_11" time="0.004" classname="com.dunelm.common.tests.RRTest">
    <skipped/>
  </testcase> <!-- selectAnyProductfromRecentlyViewedItems_11 -->
  <testcase name="checkForThePDPpage_11" time="0.0" classname="com.dunelm.common.tests.RRTest">
    <skipped/>
  </testcase> <!-- checkForThePDPpage_11 -->
  <testcase name="checkTheImageDisplayedIntheImage" time="0.0" classname="com.dunelm.common.tests.RRTest">
    <skipped/>
  </testcase> <!-- checkTheImageDisplayedIntheImage -->
  <testcase name="checkTheRatingdisplayedInTheImage" time="0.0" classname="com.dunelm.common.tests.RRTest">
    <skipped/>
  </testcase> <!-- checkTheRatingdisplayedInTheImage -->
</testsuite> <!-- RR -->
