<?xml version="1.0" encoding="UTF-8"?>
<!-- Generated by org.testng.reporters.JUnitXMLReporter -->
<testsuite hostname="BLRTRIBWDTP" name="Scenario" tests="15" failures="0" timestamp="27 Jun 2016 08:50:07 GMT" time="154.132" errors="0">
  <testcase name="openEmail" time="98.035" classname="com.dunelm.common.tests.HDEmailsTestAndroidPhone"/>
  <testcase name="checkHeaderContents" time="0.685" classname="com.dunelm.common.tests.HDEmailsTestAndroidPhone"/>
  <testcase name="checkOrderNumber1" time="0.357" classname="com.dunelm.common.tests.HDEmailsTestAndroidPhone"/>
  <testcase name="checkCustomerFirstNameAndOpeningParagraph" time="1.834" classname="com.dunelm.common.tests.HDEmailsTestAndroidPhone"/>
  <testcase name="checkFooterContent" time="1.759" classname="com.dunelm.common.tests.HDEmailsTestAndroidPhone"/>
  <testcase name="selectFAQLink" time="0.165" classname="com.dunelm.common.tests.HDEmailsTestAndroidPhone"/>
  <testcase name="selectContactUsLink" time="0.159" classname="com.dunelm.common.tests.HDEmailsTestAndroidPhone"/>
  <testcase name="checkOrderNumber2" time="0.336" classname="com.dunelm.common.tests.HDEmailsTestAndroidPhone"/>
  <testcase name="checkDeliveryInstructions" time="0.787" classname="com.dunelm.common.tests.HDEmailsTestAndroidPhone"/>
  <testcase name="checkAddressee" time="0.387" classname="com.dunelm.common.tests.HDEmailsTestAndroidPhone"/>
  <testcase name="checkDeliveryAddress" time="0.496" classname="com.dunelm.common.tests.HDEmailsTestAndroidPhone"/>
  <testcase name="checkContactNumber" time="0.483" classname="com.dunelm.common.tests.HDEmailsTestAndroidPhone"/>
  <testcase name="checkEmailAddress" time="0.369" classname="com.dunelm.common.tests.HDEmailsTestAndroidPhone"/>
  <testcase name="checkEasyReturnEspot" time="0.148" classname="com.dunelm.common.tests.HDEmailsTestAndroidPhone"/>
  <testcase name="signOut" time="16.43" classname="com.dunelm.common.tests.HDEmailsTestAndroidPhone"/>
</testsuite> <!-- Scenario -->
