<?xml version="1.0" encoding="UTF-8"?>
<!-- Generated by org.testng.reporters.JUnitXMLReporter -->
<testsuite hostname="BLRTRIBWDTP" name="Search" tests="154" failures="0" timestamp="13 Jun 2016 05:51:31 GMT" time="0.336" errors="0">
  <testcase name="@BeforeClass initializeTestBaseSetup" time="0.0" classname="com.dunelm.common.tests.SearchTest">
    <failure type="org.testng.TestNGException" message="
Parameter &amp;apos;browserType&amp;apos; is required by @Configuration on method initializeTestBaseSetup but has not been marked @Optional or defined
in D:\Nithya\DunlemWorkspace\Dunelm Framework (Mobile)\text.xml">
      <![CDATA[org.testng.TestNGException: 
Parameter 'browserType' is required by @Configuration on method initializeTestBaseSetup but has not been marked @Optional or defined
in D:\Nithya\DunlemWorkspace\Dunelm Framework (Mobile)\text.xml
... Removed 21 stack frames]]>
    </failure>
  </testcase> <!-- @BeforeClass initializeTestBaseSetup -->
  <testcase name="@AfterMethod afterMethod" time="0.0" classname="com.dunelm.common.tests.SearchTest">
    <skipped/>
  </testcase> <!-- @AfterMethod afterMethod -->
  <testcase name="@AfterMethod afterMethod" time="0.0" classname="com.dunelm.common.tests.SearchTest">
    <skipped/>
  </testcase> <!-- @AfterMethod afterMethod -->
  <testcase name="@AfterMethod afterMethod" time="0.0" classname="com.dunelm.common.tests.SearchTest">
    <skipped/>
  </testcase> <!-- @AfterMethod afterMethod -->
  <testcase name="@AfterMethod afterMethod" time="0.0" classname="com.dunelm.common.tests.SearchTest">
    <skipped/>
  </testcase> <!-- @AfterMethod afterMethod -->
  <testcase name="@AfterMethod afterMethod" time="0.0" classname="com.dunelm.common.tests.SearchTest">
    <skipped/>
  </testcase> <!-- @AfterMethod afterMethod -->
  <testcase name="@AfterMethod afterMethod" time="0.0" classname="com.dunelm.common.tests.SearchTest">
    <skipped/>
  </testcase> <!-- @AfterMethod afterMethod -->
  <testcase name="@AfterMethod afterMethod" time="0.0" classname="com.dunelm.common.tests.SearchTest">
    <skipped/>
  </testcase> <!-- @AfterMethod afterMethod -->
  <testcase name="@AfterMethod afterMethod" time="0.0" classname="com.dunelm.common.tests.SearchTest">
    <skipped/>
  </testcase> <!-- @AfterMethod afterMethod -->
  <testcase name="@AfterMethod afterMethod" time="0.0" classname="com.dunelm.common.tests.SearchTest">
    <skipped/>
  </testcase> <!-- @AfterMethod afterMethod -->
  <testcase name="@AfterMethod afterMethod" time="0.0" classname="com.dunelm.common.tests.SearchTest">
    <skipped/>
  </testcase> <!-- @AfterMethod afterMethod -->
  <testcase name="@AfterMethod afterMethod" time="0.0" classname="com.dunelm.common.tests.SearchTest">
    <skipped/>
  </testcase> <!-- @AfterMethod afterMethod -->
  <testcase name="@AfterMethod afterMethod" time="0.0" classname="com.dunelm.common.tests.SearchTest">
    <skipped/>
  </testcase> <!-- @AfterMethod afterMethod -->
  <testcase name="@AfterMethod afterMethod" time="0.0" classname="com.dunelm.common.tests.SearchTest">
    <skipped/>
  </testcase> <!-- @AfterMethod afterMethod -->
  <testcase name="@AfterMethod afterMethod" time="0.0" classname="com.dunelm.common.tests.SearchTest">
    <skipped/>
  </testcase> <!-- @AfterMethod afterMethod -->
  <testcase name="@AfterMethod afterMethod" time="0.0" classname="com.dunelm.common.tests.SearchTest">
    <skipped/>
  </testcase> <!-- @AfterMethod afterMethod -->
  <testcase name="@AfterMethod afterMethod" time="0.0" classname="com.dunelm.common.tests.SearchTest">
    <skipped/>
  </testcase> <!-- @AfterMethod afterMethod -->
  <testcase name="@AfterMethod afterMethod" time="0.0" classname="com.dunelm.common.tests.SearchTest">
    <skipped/>
  </testcase> <!-- @AfterMethod afterMethod -->
  <testcase name="@AfterMethod afterMethod" time="0.0" classname="com.dunelm.common.tests.SearchTest">
    <skipped/>
  </testcase> <!-- @AfterMethod afterMethod -->
  <testcase name="@AfterMethod afterMethod" time="0.0" classname="com.dunelm.common.tests.SearchTest">
    <skipped/>
  </testcase> <!-- @AfterMethod afterMethod -->
  <testcase name="@AfterMethod afterMethod" time="0.0" classname="com.dunelm.common.tests.SearchTest">
    <skipped/>
  </testcase> <!-- @AfterMethod afterMethod -->
  <testcase name="@AfterMethod afterMethod" time="0.0" classname="com.dunelm.common.tests.SearchTest">
    <skipped/>
  </testcase> <!-- @AfterMethod afterMethod -->
  <testcase name="@AfterMethod afterMethod" time="0.0" classname="com.dunelm.common.tests.SearchTest">
    <skipped/>
  </testcase> <!-- @AfterMethod afterMethod -->
  <testcase name="@AfterMethod afterMethod" time="0.0" classname="com.dunelm.common.tests.SearchTest">
    <skipped/>
  </testcase> <!-- @AfterMethod afterMethod -->
  <testcase name="@AfterMethod afterMethod" time="0.0" classname="com.dunelm.common.tests.SearchTest">
    <skipped/>
  </testcase> <!-- @AfterMethod afterMethod -->
  <testcase name="@AfterMethod afterMethod" time="0.0" classname="com.dunelm.common.tests.SearchTest">
    <skipped/>
  </testcase> <!-- @AfterMethod afterMethod -->
  <testcase name="@AfterMethod afterMethod" time="0.0" classname="com.dunelm.common.tests.SearchTest">
    <skipped/>
  </testcase> <!-- @AfterMethod afterMethod -->
  <testcase name="@AfterMethod afterMethod" time="0.0" classname="com.dunelm.common.tests.SearchTest">
    <skipped/>
  </testcase> <!-- @AfterMethod afterMethod -->
  <testcase name="@AfterMethod afterMethod" time="0.0" classname="com.dunelm.common.tests.SearchTest">
    <skipped/>
  </testcase> <!-- @AfterMethod afterMethod -->
  <testcase name="@AfterMethod afterMethod" time="0.0" classname="com.dunelm.common.tests.SearchTest">
    <skipped/>
  </testcase> <!-- @AfterMethod afterMethod -->
  <testcase name="@AfterMethod afterMethod" time="0.0" classname="com.dunelm.common.tests.SearchTest">
    <skipped/>
  </testcase> <!-- @AfterMethod afterMethod -->
  <testcase name="@AfterMethod afterMethod" time="0.0" classname="com.dunelm.common.tests.SearchTest">
    <skipped/>
  </testcase> <!-- @AfterMethod afterMethod -->
  <testcase name="@AfterMethod afterMethod" time="0.0" classname="com.dunelm.common.tests.SearchTest">
    <skipped/>
  </testcase> <!-- @AfterMethod afterMethod -->
  <testcase name="@AfterMethod afterMethod" time="0.0" classname="com.dunelm.common.tests.SearchTest">
    <skipped/>
  </testcase> <!-- @AfterMethod afterMethod -->
  <testcase name="@AfterMethod afterMethod" time="0.0" classname="com.dunelm.common.tests.SearchTest">
    <skipped/>
  </testcase> <!-- @AfterMethod afterMethod -->
  <testcase name="@AfterMethod afterMethod" time="0.0" classname="com.dunelm.common.tests.SearchTest">
    <skipped/>
  </testcase> <!-- @AfterMethod afterMethod -->
  <testcase name="@AfterMethod afterMethod" time="0.0" classname="com.dunelm.common.tests.SearchTest">
    <skipped/>
  </testcase> <!-- @AfterMethod afterMethod -->
  <testcase name="@AfterMethod afterMethod" time="0.0" classname="com.dunelm.common.tests.SearchTest">
    <skipped/>
  </testcase> <!-- @AfterMethod afterMethod -->
  <testcase name="@AfterMethod afterMethod" time="0.0" classname="com.dunelm.common.tests.SearchTest">
    <skipped/>
  </testcase> <!-- @AfterMethod afterMethod -->
  <testcase name="@AfterMethod afterMethod" time="0.0" classname="com.dunelm.common.tests.SearchTest">
    <skipped/>
  </testcase> <!-- @AfterMethod afterMethod -->
  <testcase name="@AfterMethod afterMethod" time="0.0" classname="com.dunelm.common.tests.SearchTest">
    <skipped/>
  </testcase> <!-- @AfterMethod afterMethod -->
  <testcase name="@AfterMethod afterMethod" time="0.0" classname="com.dunelm.common.tests.SearchTest">
    <skipped/>
  </testcase> <!-- @AfterMethod afterMethod -->
  <testcase name="@AfterMethod afterMethod" time="0.0" classname="com.dunelm.common.tests.SearchTest">
    <skipped/>
  </testcase> <!-- @AfterMethod afterMethod -->
  <testcase name="@AfterMethod afterMethod" time="0.0" classname="com.dunelm.common.tests.SearchTest">
    <skipped/>
  </testcase> <!-- @AfterMethod afterMethod -->
  <testcase name="@AfterMethod afterMethod" time="0.0" classname="com.dunelm.common.tests.SearchTest">
    <skipped/>
  </testcase> <!-- @AfterMethod afterMethod -->
  <testcase name="@AfterMethod afterMethod" time="0.0" classname="com.dunelm.common.tests.SearchTest">
    <skipped/>
  </testcase> <!-- @AfterMethod afterMethod -->
  <testcase name="@AfterMethod afterMethod" time="0.0" classname="com.dunelm.common.tests.SearchTest">
    <skipped/>
  </testcase> <!-- @AfterMethod afterMethod -->
  <testcase name="@AfterMethod afterMethod" time="0.0" classname="com.dunelm.common.tests.SearchTest">
    <skipped/>
  </testcase> <!-- @AfterMethod afterMethod -->
  <testcase name="@AfterMethod afterMethod" time="0.0" classname="com.dunelm.common.tests.SearchTest">
    <skipped/>
  </testcase> <!-- @AfterMethod afterMethod -->
  <testcase name="@AfterMethod afterMethod" time="0.0" classname="com.dunelm.common.tests.SearchTest">
    <skipped/>
  </testcase> <!-- @AfterMethod afterMethod -->
  <testcase name="@AfterMethod afterMethod" time="0.0" classname="com.dunelm.common.tests.SearchTest">
    <skipped/>
  </testcase> <!-- @AfterMethod afterMethod -->
  <testcase name="@AfterMethod afterMethod" time="0.0" classname="com.dunelm.common.tests.SearchTest">
    <skipped/>
  </testcase> <!-- @AfterMethod afterMethod -->
  <testcase name="@AfterMethod afterMethod" time="0.0" classname="com.dunelm.common.tests.SearchTest">
    <skipped/>
  </testcase> <!-- @AfterMethod afterMethod -->
  <testcase name="@AfterMethod afterMethod" time="0.0" classname="com.dunelm.common.tests.SearchTest">
    <skipped/>
  </testcase> <!-- @AfterMethod afterMethod -->
  <testcase name="@AfterMethod afterMethod" time="0.0" classname="com.dunelm.common.tests.SearchTest">
    <skipped/>
  </testcase> <!-- @AfterMethod afterMethod -->
  <testcase name="@AfterMethod afterMethod" time="0.0" classname="com.dunelm.common.tests.SearchTest">
    <skipped/>
  </testcase> <!-- @AfterMethod afterMethod -->
  <testcase name="@AfterMethod afterMethod" time="0.0" classname="com.dunelm.common.tests.SearchTest">
    <skipped/>
  </testcase> <!-- @AfterMethod afterMethod -->
  <testcase name="@AfterMethod afterMethod" time="0.0" classname="com.dunelm.common.tests.SearchTest">
    <skipped/>
  </testcase> <!-- @AfterMethod afterMethod -->
  <testcase name="@AfterMethod afterMethod" time="0.0" classname="com.dunelm.common.tests.SearchTest">
    <skipped/>
  </testcase> <!-- @AfterMethod afterMethod -->
  <testcase name="@AfterMethod afterMethod" time="0.0" classname="com.dunelm.common.tests.SearchTest">
    <skipped/>
  </testcase> <!-- @AfterMethod afterMethod -->
  <testcase name="@AfterMethod afterMethod" time="0.0" classname="com.dunelm.common.tests.SearchTest">
    <skipped/>
  </testcase> <!-- @AfterMethod afterMethod -->
  <testcase name="@AfterMethod afterMethod" time="0.0" classname="com.dunelm.common.tests.SearchTest">
    <skipped/>
  </testcase> <!-- @AfterMethod afterMethod -->
  <testcase name="@AfterMethod afterMethod" time="0.0" classname="com.dunelm.common.tests.SearchTest">
    <skipped/>
  </testcase> <!-- @AfterMethod afterMethod -->
  <testcase name="@AfterMethod afterMethod" time="0.0" classname="com.dunelm.common.tests.SearchTest">
    <skipped/>
  </testcase> <!-- @AfterMethod afterMethod -->
  <testcase name="@AfterMethod afterMethod" time="0.0" classname="com.dunelm.common.tests.SearchTest">
    <skipped/>
  </testcase> <!-- @AfterMethod afterMethod -->
  <testcase name="@AfterMethod afterMethod" time="0.0" classname="com.dunelm.common.tests.SearchTest">
    <skipped/>
  </testcase> <!-- @AfterMethod afterMethod -->
  <testcase name="@AfterMethod afterMethod" time="0.0" classname="com.dunelm.common.tests.SearchTest">
    <skipped/>
  </testcase> <!-- @AfterMethod afterMethod -->
  <testcase name="@AfterMethod afterMethod" time="0.0" classname="com.dunelm.common.tests.SearchTest">
    <skipped/>
  </testcase> <!-- @AfterMethod afterMethod -->
  <testcase name="@AfterMethod afterMethod" time="0.0" classname="com.dunelm.common.tests.SearchTest">
    <skipped/>
  </testcase> <!-- @AfterMethod afterMethod -->
  <testcase name="@AfterMethod afterMethod" time="0.0" classname="com.dunelm.common.tests.SearchTest">
    <skipped/>
  </testcase> <!-- @AfterMethod afterMethod -->
  <testcase name="@AfterMethod afterMethod" time="0.0" classname="com.dunelm.common.tests.SearchTest">
    <skipped/>
  </testcase> <!-- @AfterMethod afterMethod -->
  <testcase name="@AfterMethod afterMethod" time="0.0" classname="com.dunelm.common.tests.SearchTest">
    <skipped/>
  </testcase> <!-- @AfterMethod afterMethod -->
  <testcase name="@AfterMethod afterMethod" time="0.0" classname="com.dunelm.common.tests.SearchTest">
    <skipped/>
  </testcase> <!-- @AfterMethod afterMethod -->
  <testcase name="@AfterMethod afterMethod" time="0.0" classname="com.dunelm.common.tests.SearchTest">
    <skipped/>
  </testcase> <!-- @AfterMethod afterMethod -->
  <testcase name="@AfterMethod afterMethod" time="0.0" classname="com.dunelm.common.tests.SearchTest">
    <skipped/>
  </testcase> <!-- @AfterMethod afterMethod -->
  <testcase name="@AfterMethod afterMethod" time="0.0" classname="com.dunelm.common.tests.SearchTest">
    <skipped/>
  </testcase> <!-- @AfterMethod afterMethod -->
  <testcase name="@AfterMethod afterMethod" time="0.0" classname="com.dunelm.common.tests.SearchTest">
    <skipped/>
  </testcase> <!-- @AfterMethod afterMethod -->
  <testcase name="@AfterMethod afterMethod" time="0.0" classname="com.dunelm.common.tests.SearchTest">
    <skipped/>
  </testcase> <!-- @AfterMethod afterMethod -->
  <testcase name="@AfterMethod afterMethod" time="0.0" classname="com.dunelm.common.tests.SearchTest">
    <skipped/>
  </testcase> <!-- @AfterMethod afterMethod -->
  <testcase name="@AfterMethod afterMethod" time="0.0" classname="com.dunelm.common.tests.SearchTest">
    <skipped/>
  </testcase> <!-- @AfterMethod afterMethod -->
  <testcase name="@AfterMethod afterMethod" time="0.0" classname="com.dunelm.common.tests.SearchTest">
    <skipped/>
  </testcase> <!-- @AfterMethod afterMethod -->
  <testcase name="@AfterMethod afterMethod" time="0.0" classname="com.dunelm.common.tests.SearchTest">
    <skipped/>
  </testcase> <!-- @AfterMethod afterMethod -->
  <testcase name="@AfterMethod afterMethod" time="0.0" classname="com.dunelm.common.tests.SearchTest">
    <skipped/>
  </testcase> <!-- @AfterMethod afterMethod -->
  <testcase name="@AfterMethod afterMethod" time="0.0" classname="com.dunelm.common.tests.SearchTest">
    <skipped/>
  </testcase> <!-- @AfterMethod afterMethod -->
  <testcase name="@AfterMethod afterMethod" time="0.0" classname="com.dunelm.common.tests.SearchTest">
    <skipped/>
  </testcase> <!-- @AfterMethod afterMethod -->
  <testcase name="@AfterMethod afterMethod" time="0.0" classname="com.dunelm.common.tests.SearchTest">
    <skipped/>
  </testcase> <!-- @AfterMethod afterMethod -->
  <testcase name="@AfterMethod afterMethod" time="0.0" classname="com.dunelm.common.tests.SearchTest">
    <skipped/>
  </testcase> <!-- @AfterMethod afterMethod -->
  <testcase name="@AfterMethod afterMethod" time="0.0" classname="com.dunelm.common.tests.SearchTest">
    <skipped/>
  </testcase> <!-- @AfterMethod afterMethod -->
  <testcase name="@AfterMethod afterMethod" time="0.0" classname="com.dunelm.common.tests.SearchTest">
    <skipped/>
  </testcase> <!-- @AfterMethod afterMethod -->
  <testcase name="@AfterMethod afterMethod" time="0.0" classname="com.dunelm.common.tests.SearchTest">
    <skipped/>
  </testcase> <!-- @AfterMethod afterMethod -->
  <testcase name="@AfterMethod afterMethod" time="0.0" classname="com.dunelm.common.tests.SearchTest">
    <skipped/>
  </testcase> <!-- @AfterMethod afterMethod -->
  <testcase name="@AfterMethod afterMethod" time="0.0" classname="com.dunelm.common.tests.SearchTest">
    <skipped/>
  </testcase> <!-- @AfterMethod afterMethod -->
  <testcase name="@AfterMethod afterMethod" time="0.0" classname="com.dunelm.common.tests.SearchTest">
    <skipped/>
  </testcase> <!-- @AfterMethod afterMethod -->
  <testcase name="@AfterMethod afterMethod" time="0.0" classname="com.dunelm.common.tests.SearchTest">
    <skipped/>
  </testcase> <!-- @AfterMethod afterMethod -->
  <testcase name="@AfterMethod afterMethod" time="0.0" classname="com.dunelm.common.tests.SearchTest">
    <skipped/>
  </testcase> <!-- @AfterMethod afterMethod -->
  <testcase name="@AfterMethod afterMethod" time="0.0" classname="com.dunelm.common.tests.SearchTest">
    <skipped/>
  </testcase> <!-- @AfterMethod afterMethod -->
  <testcase name="@AfterMethod afterMethod" time="0.0" classname="com.dunelm.common.tests.SearchTest">
    <skipped/>
  </testcase> <!-- @AfterMethod afterMethod -->
  <testcase name="@AfterMethod afterMethod" time="0.0" classname="com.dunelm.common.tests.SearchTest">
    <skipped/>
  </testcase> <!-- @AfterMethod afterMethod -->
  <testcase name="@AfterMethod afterMethod" time="0.0" classname="com.dunelm.common.tests.SearchTest">
    <skipped/>
  </testcase> <!-- @AfterMethod afterMethod -->
  <testcase name="@AfterMethod afterMethod" time="0.0" classname="com.dunelm.common.tests.SearchTest">
    <skipped/>
  </testcase> <!-- @AfterMethod afterMethod -->
  <testcase name="@AfterMethod afterMethod" time="0.0" classname="com.dunelm.common.tests.SearchTest">
    <skipped/>
  </testcase> <!-- @AfterMethod afterMethod -->
  <testcase name="@AfterMethod afterMethod" time="0.0" classname="com.dunelm.common.tests.SearchTest">
    <skipped/>
  </testcase> <!-- @AfterMethod afterMethod -->
  <testcase name="@AfterMethod afterMethod" time="0.0" classname="com.dunelm.common.tests.SearchTest">
    <skipped/>
  </testcase> <!-- @AfterMethod afterMethod -->
  <testcase name="@AfterMethod afterMethod" time="0.0" classname="com.dunelm.common.tests.SearchTest">
    <skipped/>
  </testcase> <!-- @AfterMethod afterMethod -->
  <testcase name="@AfterMethod afterMethod" time="0.0" classname="com.dunelm.common.tests.SearchTest">
    <skipped/>
  </testcase> <!-- @AfterMethod afterMethod -->
  <testcase name="@AfterMethod afterMethod" time="0.0" classname="com.dunelm.common.tests.SearchTest">
    <skipped/>
  </testcase> <!-- @AfterMethod afterMethod -->
  <testcase name="@AfterMethod afterMethod" time="0.0" classname="com.dunelm.common.tests.SearchTest">
    <skipped/>
  </testcase> <!-- @AfterMethod afterMethod -->
  <testcase name="@AfterMethod afterMethod" time="0.0" classname="com.dunelm.common.tests.SearchTest">
    <skipped/>
  </testcase> <!-- @AfterMethod afterMethod -->
  <testcase name="@AfterMethod afterMethod" time="0.0" classname="com.dunelm.common.tests.SearchTest">
    <skipped/>
  </testcase> <!-- @AfterMethod afterMethod -->
  <testcase name="@AfterMethod afterMethod" time="0.0" classname="com.dunelm.common.tests.SearchTest">
    <skipped/>
  </testcase> <!-- @AfterMethod afterMethod -->
  <testcase name="@AfterMethod afterMethod" time="0.0" classname="com.dunelm.common.tests.SearchTest">
    <skipped/>
  </testcase> <!-- @AfterMethod afterMethod -->
  <testcase name="@AfterMethod afterMethod" time="0.0" classname="com.dunelm.common.tests.SearchTest">
    <skipped/>
  </testcase> <!-- @AfterMethod afterMethod -->
  <testcase name="@AfterMethod afterMethod" time="0.0" classname="com.dunelm.common.tests.SearchTest">
    <skipped/>
  </testcase> <!-- @AfterMethod afterMethod -->
  <testcase name="@AfterMethod afterMethod" time="0.0" classname="com.dunelm.common.tests.SearchTest">
    <skipped/>
  </testcase> <!-- @AfterMethod afterMethod -->
  <testcase name="@AfterMethod afterMethod" time="0.0" classname="com.dunelm.common.tests.SearchTest">
    <skipped/>
  </testcase> <!-- @AfterMethod afterMethod -->
  <testcase name="@AfterMethod afterMethod" time="0.0" classname="com.dunelm.common.tests.SearchTest">
    <skipped/>
  </testcase> <!-- @AfterMethod afterMethod -->
  <testcase name="@AfterMethod afterMethod" time="0.0" classname="com.dunelm.common.tests.SearchTest">
    <skipped/>
  </testcase> <!-- @AfterMethod afterMethod -->
  <testcase name="@AfterMethod afterMethod" time="0.0" classname="com.dunelm.common.tests.SearchTest">
    <skipped/>
  </testcase> <!-- @AfterMethod afterMethod -->
  <testcase name="@AfterMethod afterMethod" time="0.0" classname="com.dunelm.common.tests.SearchTest">
    <skipped/>
  </testcase> <!-- @AfterMethod afterMethod -->
  <testcase name="@AfterMethod afterMethod" time="0.0" classname="com.dunelm.common.tests.SearchTest">
    <skipped/>
  </testcase> <!-- @AfterMethod afterMethod -->
  <testcase name="@AfterMethod afterMethod" time="0.0" classname="com.dunelm.common.tests.SearchTest">
    <skipped/>
  </testcase> <!-- @AfterMethod afterMethod -->
  <testcase name="@AfterMethod afterMethod" time="0.0" classname="com.dunelm.common.tests.SearchTest">
    <skipped/>
  </testcase> <!-- @AfterMethod afterMethod -->
  <testcase name="@AfterMethod afterMethod" time="0.0" classname="com.dunelm.common.tests.SearchTest">
    <skipped/>
  </testcase> <!-- @AfterMethod afterMethod -->
  <testcase name="@AfterMethod afterMethod" time="0.0" classname="com.dunelm.common.tests.SearchTest">
    <skipped/>
  </testcase> <!-- @AfterMethod afterMethod -->
  <testcase name="@AfterMethod afterMethod" time="0.0" classname="com.dunelm.common.tests.SearchTest">
    <skipped/>
  </testcase> <!-- @AfterMethod afterMethod -->
  <testcase name="@AfterMethod afterMethod" time="0.0" classname="com.dunelm.common.tests.SearchTest">
    <skipped/>
  </testcase> <!-- @AfterMethod afterMethod -->
  <testcase name="@AfterMethod afterMethod" time="0.0" classname="com.dunelm.common.tests.SearchTest">
    <skipped/>
  </testcase> <!-- @AfterMethod afterMethod -->
  <testcase name="@AfterMethod afterMethod" time="0.0" classname="com.dunelm.common.tests.SearchTest">
    <skipped/>
  </testcase> <!-- @AfterMethod afterMethod -->
  <testcase name="@AfterMethod afterMethod" time="0.0" classname="com.dunelm.common.tests.SearchTest">
    <skipped/>
  </testcase> <!-- @AfterMethod afterMethod -->
  <testcase name="@AfterMethod afterMethod" time="0.0" classname="com.dunelm.common.tests.SearchTest">
    <skipped/>
  </testcase> <!-- @AfterMethod afterMethod -->
  <testcase name="@AfterMethod afterMethod" time="0.0" classname="com.dunelm.common.tests.SearchTest">
    <skipped/>
  </testcase> <!-- @AfterMethod afterMethod -->
  <testcase name="@AfterMethod afterMethod" time="0.0" classname="com.dunelm.common.tests.SearchTest">
    <skipped/>
  </testcase> <!-- @AfterMethod afterMethod -->
  <testcase name="@AfterMethod afterMethod" time="0.0" classname="com.dunelm.common.tests.SearchTest">
    <skipped/>
  </testcase> <!-- @AfterMethod afterMethod -->
  <testcase name="@AfterMethod afterMethod" time="0.0" classname="com.dunelm.common.tests.SearchTest">
    <skipped/>
  </testcase> <!-- @AfterMethod afterMethod -->
  <testcase name="@AfterMethod afterMethod" time="0.0" classname="com.dunelm.common.tests.SearchTest">
    <skipped/>
  </testcase> <!-- @AfterMethod afterMethod -->
  <testcase name="@AfterMethod afterMethod" time="0.0" classname="com.dunelm.common.tests.SearchTest">
    <skipped/>
  </testcase> <!-- @AfterMethod afterMethod -->
  <testcase name="@AfterMethod afterMethod" time="0.0" classname="com.dunelm.common.tests.SearchTest">
    <skipped/>
  </testcase> <!-- @AfterMethod afterMethod -->
  <testcase name="@AfterMethod afterMethod" time="0.0" classname="com.dunelm.common.tests.SearchTest">
    <skipped/>
  </testcase> <!-- @AfterMethod afterMethod -->
  <testcase name="@AfterMethod afterMethod" time="0.0" classname="com.dunelm.common.tests.SearchTest">
    <skipped/>
  </testcase> <!-- @AfterMethod afterMethod -->
  <testcase name="@AfterMethod afterMethod" time="0.0" classname="com.dunelm.common.tests.SearchTest">
    <skipped/>
  </testcase> <!-- @AfterMethod afterMethod -->
  <testcase name="@AfterMethod afterMethod" time="0.0" classname="com.dunelm.common.tests.SearchTest">
    <skipped/>
  </testcase> <!-- @AfterMethod afterMethod -->
  <testcase name="@AfterMethod afterMethod" time="0.0" classname="com.dunelm.common.tests.SearchTest">
    <skipped/>
  </testcase> <!-- @AfterMethod afterMethod -->
  <testcase name="@AfterMethod afterMethod" time="0.0" classname="com.dunelm.common.tests.SearchTest">
    <skipped/>
  </testcase> <!-- @AfterMethod afterMethod -->
  <testcase name="@AfterMethod afterMethod" time="0.0" classname="com.dunelm.common.tests.SearchTest">
    <skipped/>
  </testcase> <!-- @AfterMethod afterMethod -->
  <testcase name="@AfterMethod afterMethod" time="0.0" classname="com.dunelm.common.tests.SearchTest">
    <skipped/>
  </testcase> <!-- @AfterMethod afterMethod -->
  <testcase name="@AfterMethod afterMethod" time="0.0" classname="com.dunelm.common.tests.SearchTest">
    <skipped/>
  </testcase> <!-- @AfterMethod afterMethod -->
  <testcase name="@AfterMethod afterMethod" time="0.0" classname="com.dunelm.common.tests.SearchTest">
    <skipped/>
  </testcase> <!-- @AfterMethod afterMethod -->
  <testcase name="@AfterMethod afterMethod" time="0.0" classname="com.dunelm.common.tests.SearchTest">
    <skipped/>
  </testcase> <!-- @AfterMethod afterMethod -->
  <testcase name="@AfterMethod afterMethod" time="0.0" classname="com.dunelm.common.tests.SearchTest">
    <skipped/>
  </testcase> <!-- @AfterMethod afterMethod -->
  <testcase name="@AfterMethod afterMethod" time="0.0" classname="com.dunelm.common.tests.SearchTest">
    <skipped/>
  </testcase> <!-- @AfterMethod afterMethod -->
  <testcase name="@AfterMethod afterMethod" time="0.0" classname="com.dunelm.common.tests.SearchTest">
    <skipped/>
  </testcase> <!-- @AfterMethod afterMethod -->
  <testcase name="@AfterMethod afterMethod" time="0.0" classname="com.dunelm.common.tests.SearchTest">
    <skipped/>
  </testcase> <!-- @AfterMethod afterMethod -->
  <testcase name="@AfterMethod afterMethod" time="0.0" classname="com.dunelm.common.tests.SearchTest">
    <skipped/>
  </testcase> <!-- @AfterMethod afterMethod -->
  <testcase name="@AfterMethod afterMethod" time="0.0" classname="com.dunelm.common.tests.SearchTest">
    <skipped/>
  </testcase> <!-- @AfterMethod afterMethod -->
  <testcase name="@AfterMethod afterMethod" time="0.0" classname="com.dunelm.common.tests.SearchTest">
    <skipped/>
  </testcase> <!-- @AfterMethod afterMethod -->
  <testcase name="viewTheHomePage" time="0.0" classname="com.dunelm.common.tests.SearchTest">
    <skipped/>
  </testcase> <!-- viewTheHomePage -->
  <testcase name="observertheSearchIconInTheHeader" time="0.0" classname="com.dunelm.common.tests.SearchTest">
    <skipped/>
  </testcase> <!-- observertheSearchIconInTheHeader -->
  <testcase name="clickTheSearchIcon" time="0.0" classname="com.dunelm.common.tests.SearchTest">
    <skipped/>
  </testcase> <!-- clickTheSearchIcon -->
  <testcase name="typeJugInTheSearchBox" time="0.0" classname="com.dunelm.common.tests.SearchTest">
    <skipped/>
  </testcase> <!-- typeJugInTheSearchBox -->
  <testcase name="clickTheSearchButton" time="0.001" classname="com.dunelm.common.tests.SearchTest">
    <skipped/>
  </testcase> <!-- clickTheSearchButton -->
  <testcase name="remaningOnTheSearchResultsPageClickOnTheSearchIconAndTypeWoodenInTheSearchBox" time="0.0" classname="com.dunelm.common.tests.SearchTest">
    <skipped/>
  </testcase> <!-- remaningOnTheSearchResultsPageClickOnTheSearchIconAndTypeWoodenInTheSearchBox -->
  <testcase name="browseToOtherPageOfTheSiteAndAttemptSearch" time="0.0" classname="com.dunelm.common.tests.SearchTest">
    <skipped/>
  </testcase> <!-- browseToOtherPageOfTheSiteAndAttemptSearch -->
  <testcase name="searchForSdfsdf" time="0.0" classname="com.dunelm.common.tests.SearchTest">
    <skipped/>
  </testcase> <!-- searchForSdfsdf -->
  <testcase name="checkYouSearchedForHeading" time="0.0" classname="com.dunelm.common.tests.SearchTest">
    <skipped/>
  </testcase> <!-- checkYouSearchedForHeading -->
  <testcase name="checkSdfSdfProductsAndArticlesCount" time="0.0" classname="com.dunelm.common.tests.SearchTest">
    <skipped/>
  </testcase> <!-- checkSdfSdfProductsAndArticlesCount -->
  <testcase name="checkIfAnyLinksAppearInTheCentralArea" time="0.0" classname="com.dunelm.common.tests.SearchTest">
    <skipped/>
  </testcase> <!-- checkIfAnyLinksAppearInTheCentralArea -->
  <testcase name="typeTowelInTheSearchBox" time="0.0" classname="com.dunelm.common.tests.SearchTest">
    <skipped/>
  </testcase> <!-- typeTowelInTheSearchBox -->
  <testcase name="typeKiInTheSearchBox" time="0.0" classname="com.dunelm.common.tests.SearchTest">
    <skipped/>
  </testcase> <!-- typeKiInTheSearchBox -->
  <testcase name="selectASuggestedKeywordWithTheMouse" time="0.0" classname="com.dunelm.common.tests.SearchTest">
    <skipped/>
  </testcase> <!-- selectASuggestedKeywordWithTheMouse -->
  <testcase name="typeKiAndSelectTheSameSuggestedKeywordUsingKeyboardArrows" time="0.026" classname="com.dunelm.common.tests.SearchTest">
    <skipped/>
  </testcase> <!-- typeKiAndSelectTheSameSuggestedKeywordUsingKeyboardArrows -->
  <testcase name="typeYourSelectedKeywordIntoTheSearchBarInFull" time="0.0" classname="com.dunelm.common.tests.SearchTest">
    <skipped/>
  </testcase> <!-- typeYourSelectedKeywordIntoTheSearchBarInFull -->
  <testcase name="typeBeInTheSearchBar" time="0.0" classname="com.dunelm.common.tests.SearchTest">
    <skipped/>
  </testcase> <!-- typeBeInTheSearchBar -->
  <testcase name="checkTheCategorySuggested" time="0.003" classname="com.dunelm.common.tests.SearchTest">
    <skipped/>
  </testcase> <!-- checkTheCategorySuggested -->
  <testcase name="selectASuggestedCategoryWithTheMouse" time="0.0" classname="com.dunelm.common.tests.SearchTest">
    <skipped/>
  </testcase> <!-- selectASuggestedCategoryWithTheMouse -->
  <testcase name="typeBeInTheSearchBarAndSelectTheSameSuggestedCategory" time="0.002" classname="com.dunelm.common.tests.SearchTest">
    <skipped/>
  </testcase> <!-- typeBeInTheSearchBarAndSelectTheSameSuggestedCategory -->
  <testcase name="typeHeInTheSearchBox" time="0.001" classname="com.dunelm.common.tests.SearchTest">
    <skipped/>
  </testcase> <!-- typeHeInTheSearchBox -->
  <testcase name="checkArticlesSuggested" time="0.0" classname="com.dunelm.common.tests.SearchTest">
    <skipped/>
  </testcase> <!-- checkArticlesSuggested -->
  <testcase name="selectASuggestedArticleWithTheMouse" time="0.0" classname="com.dunelm.common.tests.SearchTest">
    <skipped/>
  </testcase> <!-- selectASuggestedArticleWithTheMouse -->
  <testcase name="typeHeInTheSearchBarAndSelectTheSameSuggestedArticleUsingKeyboardArrows" time="0.0" classname="com.dunelm.common.tests.SearchTest">
    <skipped/>
  </testcase> <!-- typeHeInTheSearchBarAndSelectTheSameSuggestedArticleUsingKeyboardArrows -->
  <testcase name="searchYellowTowelInTheSearchBar" time="0.0" classname="com.dunelm.common.tests.SearchTest">
    <skipped/>
  </testcase> <!-- searchYellowTowelInTheSearchBar -->
  <testcase name="checkThatSomeProductHaveAlternativeColoursAvailable" time="0.0" classname="com.dunelm.common.tests.SearchTest">
    <skipped/>
  </testcase> <!-- checkThatSomeProductHaveAlternativeColoursAvailable -->
  <testcase name="compareTheStatedProductCountWithTheActualNoOfImagesShown" time="0.0" classname="com.dunelm.common.tests.SearchTest">
    <skipped/>
  </testcase> <!-- compareTheStatedProductCountWithTheActualNoOfImagesShown -->
  <testcase name="searchForLillyBelle" time="0.0" classname="com.dunelm.common.tests.SearchTest">
    <skipped/>
  </testcase> <!-- searchForLillyBelle -->
  <testcase name="checkThatSomeSearchResultsAreBundles" time="0.0" classname="com.dunelm.common.tests.SearchTest">
    <skipped/>
  </testcase> <!-- checkThatSomeSearchResultsAreBundles -->
  <testcase name="compareTheStatedProductCountWithTheActualNumberOfProductImagesShown" time="0.0" classname="com.dunelm.common.tests.SearchTest">
    <skipped/>
  </testcase> <!-- compareTheStatedProductCountWithTheActualNumberOfProductImagesShown -->
  <testcase name="searchForBrbantia" time="0.0" classname="com.dunelm.common.tests.SearchTest">
    <skipped/>
  </testcase> <!-- searchForBrbantia -->
  <testcase name="checkThatSomeResultsAreBundles" time="0.003" classname="com.dunelm.common.tests.SearchTest">
    <skipped/>
  </testcase> <!-- checkThatSomeResultsAreBundles -->
  <testcase name="clickonbrbatialink" time="0.001" classname="com.dunelm.common.tests.SearchTest">
    <skipped/>
  </testcase> <!-- clickonbrbatialink -->
  <testcase name="searchForClippits" time="0.002" classname="com.dunelm.common.tests.SearchTest">
    <skipped/>
  </testcase> <!-- searchForClippits -->
  <testcase name="searchProductCodeInTheSearchBar1000034690" time="0.0" classname="com.dunelm.common.tests.SearchTest">
    <skipped/>
  </testcase> <!-- searchProductCodeInTheSearchBar1000034690 -->
  <testcase name="searchForABarcodeInTheSearchBar5054077098243" time="0.0" classname="com.dunelm.common.tests.SearchTest">
    <skipped/>
  </testcase> <!-- searchForABarcodeInTheSearchBar5054077098243 -->
  <testcase name="SearchForABundleCodeInTheSearchBarb02027" time="0.0" classname="com.dunelm.common.tests.SearchTest">
    <skipped/>
  </testcase> <!-- SearchForABundleCodeInTheSearchBarb02027 -->
  <testcase name="aWatersNoble" time="0.0" classname="com.dunelm.common.tests.SearchTest">
    <skipped/>
  </testcase> <!-- aWatersNoble -->
  <testcase name="b100EgyptianCotton" time="0.0" classname="com.dunelm.common.tests.SearchTest">
    <skipped/>
  </testcase> <!-- b100EgyptianCotton -->
  <testcase name="c8Knife" time="0.0" classname="com.dunelm.common.tests.SearchTest">
    <skipped/>
  </testcase> <!-- c8Knife -->
  <testcase name="dChefn" time="0.0" classname="com.dunelm.common.tests.SearchTest">
    <skipped/>
  </testcase> <!-- dChefn -->
  <testcase name="eEcloth" time="0.0" classname="com.dunelm.common.tests.SearchTest">
    <skipped/>
  </testcase> <!-- eEcloth -->
  <testcase name="searchForChutneyrecipe" time="0.0" classname="com.dunelm.common.tests.SearchTest">
    <skipped/>
  </testcase> <!-- searchForChutneyrecipe -->
  <testcase name="browseToBedSheetsCategory1" time="0.0" classname="com.dunelm.common.tests.SearchTest">
    <skipped/>
  </testcase> <!-- browseToBedSheetsCategory1 -->
  <testcase name="clickOnTheFilterByButton" time="0.0" classname="com.dunelm.common.tests.SearchTest">
    <skipped/>
  </testcase> <!-- clickOnTheFilterByButton -->
  <testcase name="clickOnAFilter" time="0.0" classname="com.dunelm.common.tests.SearchTest">
    <skipped/>
  </testcase> <!-- clickOnAFilter -->
  <testcase name="selectAFilterValue1" time="0.0" classname="com.dunelm.common.tests.SearchTest">
    <skipped/>
  </testcase> <!-- selectAFilterValue1 -->
  <testcase name="browseToBedSheetsCategory2" time="0.0" classname="com.dunelm.common.tests.SearchTest">
    <skipped/>
  </testcase> <!-- browseToBedSheetsCategory2 -->
  <testcase name="selectFilterBy" time="0.0" classname="com.dunelm.common.tests.SearchTest">
    <skipped/>
  </testcase> <!-- selectFilterBy -->
  <testcase name="findAFilterWhichHasMoreValues" time="0.0" classname="com.dunelm.common.tests.SearchTest">
    <skipped/>
  </testcase> <!-- findAFilterWhichHasMoreValues -->
  <testcase name="selectAFilterValue" time="0.0" classname="com.dunelm.common.tests.SearchTest">
    <skipped/>
  </testcase> <!-- selectAFilterValue -->
  <testcase name="clickTheExitCrossToCloseTheFilter" time="0.0" classname="com.dunelm.common.tests.SearchTest">
    <skipped/>
  </testcase> <!-- clickTheExitCrossToCloseTheFilter -->
  <testcase name="clickOnAFilter1" time="0.0" classname="com.dunelm.common.tests.SearchTest">
    <skipped/>
  </testcase> <!-- clickOnAFilter1 -->
  <testcase name="clickTheGreenArrowToCloseTheFilter" time="0.0" classname="com.dunelm.common.tests.SearchTest">
    <skipped/>
  </testcase> <!-- clickTheGreenArrowToCloseTheFilter -->
  <testcase name="clickTheGreenArrowToCloseTheFilterControls" time="0.0" classname="com.dunelm.common.tests.SearchTest">
    <skipped/>
  </testcase> <!-- clickTheGreenArrowToCloseTheFilterControls -->
  <testcase name="browseToBathroomTowels" time="0.024" classname="com.dunelm.common.tests.SearchTest">
    <skipped/>
  </testcase> <!-- browseToBathroomTowels -->
  <testcase name="observeTheCountNextToAnIndividualValueWithinAFilter" time="0.0" classname="com.dunelm.common.tests.SearchTest">
    <skipped/>
  </testcase> <!-- observeTheCountNextToAnIndividualValueWithinAFilter -->
  <testcase name="observeTheCountNextToAnIndividualValueWithinADIFFERENTFilterNowSelectThisValueAndApplyTheFilter" time="0.002" classname="com.dunelm.common.tests.SearchTest">
    <skipped/>
  </testcase> <!-- observeTheCountNextToAnIndividualValueWithinADIFFERENTFilterNowSelectThisValueAndApplyTheFilter -->
  <testcase name="browseToBedSheetsCategory3" time="0.0" classname="com.dunelm.common.tests.SearchTest">
    <skipped/>
  </testcase> <!-- browseToBedSheetsCategory3 -->
  <testcase name="checkOnTheColorFilter" time="0.0" classname="com.dunelm.common.tests.SearchTest">
    <skipped/>
  </testcase> <!-- checkOnTheColorFilter -->
  <testcase name="selectAColourAndApplyTheFilter" time="0.0" classname="com.dunelm.common.tests.SearchTest">
    <skipped/>
  </testcase> <!-- selectAColourAndApplyTheFilter -->
  <testcase name="selectAnotherColourAndApplyTheFilter" time="0.0" classname="com.dunelm.common.tests.SearchTest">
    <skipped/>
  </testcase> <!-- selectAnotherColourAndApplyTheFilter -->
  <testcase name="clickOnTheSecondColourSwatchYouSelectedToeselectIt" time="0.0" classname="com.dunelm.common.tests.SearchTest">
    <skipped/>
  </testcase> <!-- clickOnTheSecondColourSwatchYouSelectedToeselectIt -->
  <testcase name="clicTheResetButtonOnTheColourFilter" time="0.0" classname="com.dunelm.common.tests.SearchTest">
    <skipped/>
  </testcase> <!-- clicTheResetButtonOnTheColourFilter -->
  <testcase name="browseToBedSheetsCategory4" time="0.001" classname="com.dunelm.common.tests.SearchTest">
    <skipped/>
  </testcase> <!-- browseToBedSheetsCategory4 -->
  <testcase name="checkThePriceFilter1" time="0.0" classname="com.dunelm.common.tests.SearchTest">
    <skipped/>
  </testcase> <!-- checkThePriceFilter1 -->
  <testcase name="enterAPriceRangeForExample10To50AndClickApply1" time="0.0" classname="com.dunelm.common.tests.SearchTest">
    <skipped/>
  </testcase> <!-- enterAPriceRangeForExample10To50AndClickApply1 -->
  <testcase name="enterAHigherLowerPriceRangeForExample5To150AndClickApply" time="0.0" classname="com.dunelm.common.tests.SearchTest">
    <skipped/>
  </testcase> <!-- enterAHigherLowerPriceRangeForExample5To150AndClickApply -->
  <testcase name="clickResetOnThePriceFilter" time="0.0" classname="com.dunelm.common.tests.SearchTest">
    <skipped/>
  </testcase> <!-- clickResetOnThePriceFilter -->
  <testcase name="browseToBedSheetsCategory5" time="0.0" classname="com.dunelm.common.tests.SearchTest">
    <skipped/>
  </testcase> <!-- browseToBedSheetsCategory5 -->
  <testcase name="enterApriceRangeContainingANegativeNumberAndClickApply" time="0.0" classname="com.dunelm.common.tests.SearchTest">
    <skipped/>
  </testcase> <!-- enterApriceRangeContainingANegativeNumberAndClickApply -->
  <testcase name="enterAPriceRangeWhereTheMinIsGreaterThanTheMax40To20AndClickApply" time="0.003" classname="com.dunelm.common.tests.SearchTest">
    <skipped/>
  </testcase> <!-- enterAPriceRangeWhereTheMinIsGreaterThanTheMax40To20AndClickApply -->
  <testcase name="enterAPriceRangeUsingSignsEg10to100" time="0.0" classname="com.dunelm.common.tests.SearchTest">
    <skipped/>
  </testcase> <!-- enterAPriceRangeUsingSignsEg10to100 -->
  <testcase name="browseToThePencilPleatCurtainsCategory" time="0.0" classname="com.dunelm.common.tests.SearchTest">
    <skipped/>
  </testcase> <!-- browseToThePencilPleatCurtainsCategory -->
  <testcase name="refineByTheThreeStarRating1" time="0.003" classname="com.dunelm.common.tests.SearchTest">
    <skipped/>
  </testcase> <!-- refineByTheThreeStarRating1 -->
  <testcase name="deselectTheThreeStarRatingAndTickTheFourAndFiveStarRatingsInstead" time="0.0" classname="com.dunelm.common.tests.SearchTest">
    <skipped/>
  </testcase> <!-- deselectTheThreeStarRatingAndTickTheFourAndFiveStarRatingsInstead -->
  <testcase name="clickResetOnTheAverageReviewFilter" time="0.0" classname="com.dunelm.common.tests.SearchTest">
    <skipped/>
  </testcase> <!-- clickResetOnTheAverageReviewFilter -->
  <testcase name="browseToThePencilPleatCurtainsCategory1" time="0.0" classname="com.dunelm.common.tests.SearchTest">
    <skipped/>
  </testcase> <!-- browseToThePencilPleatCurtainsCategory1 -->
  <testcase name="refineByAStyleWhichHasHighProductCount" time="0.0" classname="com.dunelm.common.tests.SearchTest">
    <skipped/>
  </testcase> <!-- refineByAStyleWhichHasHighProductCount -->
  <testcase name="refineByALining" time="0.0" classname="com.dunelm.common.tests.SearchTest">
    <skipped/>
  </testcase> <!-- refineByALining -->
  <testcase name="clickResetOnTheMaterialFilter" time="0.0" classname="com.dunelm.common.tests.SearchTest">
    <skipped/>
  </testcase> <!-- clickResetOnTheMaterialFilter -->
  <testcase name="browseToBathroomTowels1" time="0.0" classname="com.dunelm.common.tests.SearchTest">
    <skipped/>
  </testcase> <!-- browseToBathroomTowels1 -->
  <testcase name="refineByOneOfTheOptionsEgSizeOrColour" time="0.0" classname="com.dunelm.common.tests.SearchTest">
    <skipped/>
  </testcase> <!-- refineByOneOfTheOptionsEgSizeOrColour -->
  <testcase name="onTheBrowserPressTheBackButton1" time="0.001" classname="com.dunelm.common.tests.SearchTest">
    <skipped/>
  </testcase> <!-- onTheBrowserPressTheBackButton1 -->
  <testcase name="searchForBedSpreads" time="0.0" classname="com.dunelm.common.tests.SearchTest">
    <skipped/>
  </testcase> <!-- searchForBedSpreads -->
  <testcase name="clickOnFilterBy2" time="0.0" classname="com.dunelm.common.tests.SearchTest">
    <skipped/>
  </testcase> <!-- clickOnFilterBy2 -->
  <testcase name="checkTheFilterControlsAppearCorrectly" time="0.0" classname="com.dunelm.common.tests.SearchTest">
    <skipped/>
  </testcase> <!-- checkTheFilterControlsAppearCorrectly -->
  <testcase name="clickOnAFilter2" time="0.0" classname="com.dunelm.common.tests.SearchTest">
    <skipped/>
  </testcase> <!-- clickOnAFilter2 -->
  <testcase name="selectAFilterValue2" time="0.003" classname="com.dunelm.common.tests.SearchTest">
    <skipped/>
  </testcase> <!-- selectAFilterValue2 -->
  <testcase name="searchForRedTowels1" time="0.0" classname="com.dunelm.common.tests.SearchTest">
    <skipped/>
  </testcase> <!-- searchForRedTowels1 -->
  <testcase name="refineByColor1" time="0.003" classname="com.dunelm.common.tests.SearchTest">
    <skipped/>
  </testcase> <!-- refineByColor1 -->
  <testcase name="onTheBrowserPressTheBackButton2" time="0.0" classname="com.dunelm.common.tests.SearchTest">
    <skipped/>
  </testcase> <!-- onTheBrowserPressTheBackButton2 -->
  <testcase name="browseToHomewareFurnitureCurtainsReadyMadeCurtainsEyeletCurtains" time="0.0" classname="com.dunelm.common.tests.SearchTest">
    <skipped/>
  </testcase> <!-- browseToHomewareFurnitureCurtainsReadyMadeCurtainsEyeletCurtains -->
  <testcase name="noteTheFirst8ProductsDisplayedSelectTheSortOptionAverageRating" time="0.022" classname="com.dunelm.common.tests.SearchTest">
    <skipped/>
  </testcase> <!-- noteTheFirst8ProductsDisplayedSelectTheSortOptionAverageRating -->
  <testcase name="observeTheProductSortOrder4" time="0.0" classname="com.dunelm.common.tests.SearchTest">
    <skipped/>
  </testcase> <!-- observeTheProductSortOrder4 -->
  <testcase name="selectTheSortOptionDefault" time="0.001" classname="com.dunelm.common.tests.SearchTest">
    <skipped/>
  </testcase> <!-- selectTheSortOptionDefault -->
  <testcase name="observeTheProductSortOrder1" time="0.0" classname="com.dunelm.common.tests.SearchTest">
    <skipped/>
  </testcase> <!-- observeTheProductSortOrder1 -->
  <testcase name="browseToHomewareFurnitureBeddingBedSheets" time="0.0" classname="com.dunelm.common.tests.SearchTest">
    <skipped/>
  </testcase> <!-- browseToHomewareFurnitureBeddingBedSheets -->
  <testcase name="identifyAProductWithAlternativeColoursAvailableClickOnTheMainProductImage4" time="0.0" classname="com.dunelm.common.tests.SearchTest">
    <skipped/>
  </testcase> <!-- identifyAProductWithAlternativeColoursAvailableClickOnTheMainProductImage4 -->
  <testcase name="defaultImageColour2" time="0.0" classname="com.dunelm.common.tests.SearchTest">
    <skipped/>
  </testcase> <!-- defaultImageColour2 -->
  <testcase name="productName2" time="0.001" classname="com.dunelm.common.tests.SearchTest">
    <skipped/>
  </testcase> <!-- productName2 -->
  <testcase name="productPrice2" time="0.0" classname="com.dunelm.common.tests.SearchTest">
    <skipped/>
  </testcase> <!-- productPrice2 -->
  <testcase name="productAlternativeColour2" time="0.001" classname="com.dunelm.common.tests.SearchTest">
    <skipped/>
  </testcase> <!-- productAlternativeColour2 -->
  <testcase name="firstFewLinesOfProductDescription2" time="0.0" classname="com.dunelm.common.tests.SearchTest">
    <skipped/>
  </testcase> <!-- firstFewLinesOfProductDescription2 -->
  <testcase name="clickOnTheBedSheetsCategoryLinkInTheBreadCrumbTrailNearTheTopOfThePage" time="0.0" classname="com.dunelm.common.tests.SearchTest">
    <skipped/>
  </testcase> <!-- clickOnTheBedSheetsCategoryLinkInTheBreadCrumbTrailNearTheTopOfThePage -->
  <testcase name="compareTheDetailsOfTheItemSeenOnThePdpWithThoseDisplayedOnTheSearchResultsPageForTheSameItem2" time="0.0" classname="com.dunelm.common.tests.SearchTest">
    <skipped/>
  </testcase> <!-- compareTheDetailsOfTheItemSeenOnThePdpWithThoseDisplayedOnTheSearchResultsPageForTheSameItem2 -->
  <testcase name="browseToHomeWareFurnitureDecorCusions" time="0.0" classname="com.dunelm.common.tests.SearchTest">
    <skipped/>
  </testcase> <!-- browseToHomeWareFurnitureDecorCusions -->
  <testcase name="scrollDownThePageUntilYouHaveedAllOfTheAvailableFiltersInTheLeftHandNavigation" time="0.003" classname="com.dunelm.common.tests.SearchTest">
    <skipped/>
  </testcase> <!-- scrollDownThePageUntilYouHaveedAllOfTheAvailableFiltersInTheLeftHandNavigation -->
  <testcase name="clickOnFilterBy" time="0.001" classname="com.dunelm.common.tests.SearchTest">
    <skipped/>
  </testcase> <!-- clickOnFilterBy -->
  <testcase name="browseToHomeWareFurnitureDecorCusions1" time="0.002" classname="com.dunelm.common.tests.SearchTest">
    <skipped/>
  </testcase> <!-- browseToHomeWareFurnitureDecorCusions1 -->
  <testcase name="scrollDownUntillAllYouHaveed16Products" time="0.0" classname="com.dunelm.common.tests.SearchTest">
    <skipped/>
  </testcase> <!-- scrollDownUntillAllYouHaveed16Products -->
  <testcase name="nowClickOnOneOfTheProductImages" time="0.0" classname="com.dunelm.common.tests.SearchTest">
    <skipped/>
  </testcase> <!-- nowClickOnOneOfTheProductImages -->
  <testcase name="clickOnTheCushionsCategoryLinkInTheBreadcrumbTrailNearTheTopOfThePage" time="0.0" classname="com.dunelm.common.tests.SearchTest">
    <skipped/>
  </testcase> <!-- clickOnTheCushionsCategoryLinkInTheBreadcrumbTrailNearTheTopOfThePage -->
  <testcase name="scrollUntillTheLoadMoreResultsIsShown" time="0.001" classname="com.dunelm.common.tests.SearchTest">
    <skipped/>
  </testcase> <!-- scrollUntillTheLoadMoreResultsIsShown -->
  <testcase name="scrollALittleFurtherAndSelectTwoCompareButtons" time="0.0" classname="com.dunelm.common.tests.SearchTest">
    <skipped/>
  </testcase> <!-- scrollALittleFurtherAndSelectTwoCompareButtons -->
  <testcase name="clickTheBrowserBackButton" time="0.0" classname="com.dunelm.common.tests.SearchTest">
    <skipped/>
  </testcase> <!-- clickTheBrowserBackButton -->
  <testcase name="searchForBlueTowels2" time="0.0" classname="com.dunelm.common.tests.SearchTest">
    <skipped/>
  </testcase> <!-- searchForBlueTowels2 -->
  <testcase name="searchResultsPageCheckTheControlBarAboveTheProductResults" time="0.0" classname="com.dunelm.common.tests.SearchTest">
    <skipped/>
  </testcase> <!-- searchResultsPageCheckTheControlBarAboveTheProductResults -->
  <testcase name="checkTheSortByOptions" time="0.0" classname="com.dunelm.common.tests.SearchTest">
    <skipped/>
  </testcase> <!-- checkTheSortByOptions -->
  <testcase name="searchForBlueTowels1" time="0.0" classname="com.dunelm.common.tests.SearchTest">
    <skipped/>
  </testcase> <!-- searchForBlueTowels1 -->
  <testcase name="noteTheFirst8ProductsDisplayedSelectTheSortOptionAverageRating1" time="0.0" classname="com.dunelm.common.tests.SearchTest">
    <skipped/>
  </testcase> <!-- noteTheFirst8ProductsDisplayedSelectTheSortOptionAverageRating1 -->
  <testcase name="observeTheProductSortOrder2" time="0.0" classname="com.dunelm.common.tests.SearchTest">
    <skipped/>
  </testcase> <!-- observeTheProductSortOrder2 -->
  <testcase name="selectTheSortOptionRelevance" time="0.0" classname="com.dunelm.common.tests.SearchTest">
    <skipped/>
  </testcase> <!-- selectTheSortOptionRelevance -->
  <testcase name="observeTheProductSortOrder3" time="0.003" classname="com.dunelm.common.tests.SearchTest">
    <skipped/>
  </testcase> <!-- observeTheProductSortOrder3 -->
  <testcase name="searchForFlatSheets1" time="0.0" classname="com.dunelm.common.tests.SearchTest">
    <skipped/>
  </testcase> <!-- searchForFlatSheets1 -->
  <testcase name="identifyAProductWithAlternativeColoursAvailableClickOnTheMainProductImage3" time="0.0" classname="com.dunelm.common.tests.SearchTest">
    <skipped/>
  </testcase> <!-- identifyAProductWithAlternativeColoursAvailableClickOnTheMainProductImage3 -->
  <testcase name="defaultImageColour1" time="0.003" classname="com.dunelm.common.tests.SearchTest">
    <skipped/>
  </testcase> <!-- defaultImageColour1 -->
  <testcase name="productName4" time="0.0" classname="com.dunelm.common.tests.SearchTest">
    <skipped/>
  </testcase> <!-- productName4 -->
  <testcase name="productPrice4" time="0.003" classname="com.dunelm.common.tests.SearchTest">
    <skipped/>
  </testcase> <!-- productPrice4 -->
  <testcase name="productAlternativeColour4" time="0.0" classname="com.dunelm.common.tests.SearchTest">
    <skipped/>
  </testcase> <!-- productAlternativeColour4 -->
  <testcase name="firstFewLinesOfProductDescription5" time="0.0" classname="com.dunelm.common.tests.SearchTest">
    <skipped/>
  </testcase> <!-- firstFewLinesOfProductDescription5 -->
  <testcase name="clickOnTheBackToSearchResultsButtonNearTheTopOfThePage6" time="0.001" classname="com.dunelm.common.tests.SearchTest">
    <skipped/>
  </testcase> <!-- clickOnTheBackToSearchResultsButtonNearTheTopOfThePage6 -->
  <testcase name="compareTheDetailsOfTheItemSeenOnThePdpWithThoseDisplayedOnTheSearchResultsPageForTheSameItem7" time="0.0" classname="com.dunelm.common.tests.SearchTest">
    <skipped/>
  </testcase> <!-- compareTheDetailsOfTheItemSeenOnThePdpWithThoseDisplayedOnTheSearchResultsPageForTheSameItem7 -->
  <testcase name="searchForBedLinen4" time="0.0" classname="com.dunelm.common.tests.SearchTest">
    <skipped/>
  </testcase> <!-- searchForBedLinen4 -->
  <testcase name="scrollDownThePageUntilYouHaveLoadedAllOfTheAvailableFiltersInTheLeftHandNavigation" time="0.0" classname="com.dunelm.common.tests.SearchTest">
    <skipped/>
  </testcase> <!-- scrollDownThePageUntilYouHaveLoadedAllOfTheAvailableFiltersInTheLeftHandNavigation -->
  <testcase name="clickLoadMoreResults3" time="0.0" classname="com.dunelm.common.tests.SearchTest">
    <skipped/>
  </testcase> <!-- clickLoadMoreResults3 -->
  <testcase name="keepScrollingDownThePageUntilYouReachTheEndOfTheProducts3" time="0.0" classname="com.dunelm.common.tests.SearchTest">
    <skipped/>
  </testcase> <!-- keepScrollingDownThePageUntilYouReachTheEndOfTheProducts3 -->
  <testcase name="clickOnFilterBy1" time="0.0" classname="com.dunelm.common.tests.SearchTest">
    <skipped/>
  </testcase> <!-- clickOnFilterBy1 -->
  <testcase name="searchForSoftCushions" time="0.0" classname="com.dunelm.common.tests.SearchTest">
    <skipped/>
  </testcase> <!-- searchForSoftCushions -->
  <testcase name="sortByAverageRating1" time="0.0" classname="com.dunelm.common.tests.SearchTest">
    <skipped/>
  </testcase> <!-- sortByAverageRating1 -->
  <testcase name="scrollDownUntilYouHaveEd16Products1" time="0.003" classname="com.dunelm.common.tests.SearchTest">
    <skipped/>
  </testcase> <!-- scrollDownUntilYouHaveEd16Products1 -->
  <testcase name="noteTheProductsWhichAreVisibleOnTheScreenNowClickOnOneOfTheProductImages1" time="0.0" classname="com.dunelm.common.tests.SearchTest">
    <skipped/>
  </testcase> <!-- noteTheProductsWhichAreVisibleOnTheScreenNowClickOnOneOfTheProductImages1 -->
  <testcase name="clickTheSeeSearchResultsButtonAtTheTopOfThePage" time="0.002" classname="com.dunelm.common.tests.SearchTest">
    <skipped/>
  </testcase> <!-- clickTheSeeSearchResultsButtonAtTheTopOfThePage -->
  <testcase name="scrollUntilTheLoadMoreResultsButtonIsShownClickTheButtonToLoadMore1" time="0.0" classname="com.dunelm.common.tests.SearchTest">
    <skipped/>
  </testcase> <!-- scrollUntilTheLoadMoreResultsButtonIsShownClickTheButtonToLoadMore1 -->
  <testcase name="scrollALittleFurtherAndSelectTwoCompareButtonsNoteTheProductsWhichAreVisibleOnTheScreenNowClickOnOneOfTheProductImages1" time="0.0" classname="com.dunelm.common.tests.SearchTest">
    <skipped/>
  </testcase> <!-- scrollALittleFurtherAndSelectTwoCompareButtonsNoteTheProductsWhichAreVisibleOnTheScreenNowClickOnOneOfTheProductImages1 -->
  <testcase name="clickTheBrowserBackButton1" time="0.0" classname="com.dunelm.common.tests.SearchTest">
    <skipped/>
  </testcase> <!-- clickTheBrowserBackButton1 -->
  <testcase name="searchForBeddingCollection" time="0.0" classname="com.dunelm.common.tests.SearchTest">
    <skipped/>
  </testcase> <!-- searchForBeddingCollection -->
  <testcase name="sortByPriceHighToLow" time="0.0" classname="com.dunelm.common.tests.SearchTest">
    <skipped/>
  </testcase> <!-- sortByPriceHighToLow -->
  <testcase name="scrollDownUntilYouHaveEd16ProductsAndYouCanSeeAnImageWhichHasAViewCollectionLabel" time="0.0" classname="com.dunelm.common.tests.SearchTest">
    <skipped/>
  </testcase> <!-- scrollDownUntilYouHaveEd16ProductsAndYouCanSeeAnImageWhichHasAViewCollectionLabel -->
  <testcase name="noteTheProductsWhichAreVisibleOnTheScreenNowClickOnOneOfTheImagesWhichHasAViewCollectionLabel" time="0.0" classname="com.dunelm.common.tests.SearchTest">
    <skipped/>
  </testcase> <!-- noteTheProductsWhichAreVisibleOnTheScreenNowClickOnOneOfTheImagesWhichHasAViewCollectionLabel -->
  <testcase name="clickTheSeeSearchResultsButtonAtTheTopOfThePage1" time="0.0" classname="com.dunelm.common.tests.SearchTest">
    <skipped/>
  </testcase> <!-- clickTheSeeSearchResultsButtonAtTheTopOfThePage1 -->
  <testcase name="scrollUntilTheLoadMoreResultsButtonIsShownClickTheButtonToLoadMore2" time="0.0" classname="com.dunelm.common.tests.SearchTest">
    <skipped/>
  </testcase> <!-- scrollUntilTheLoadMoreResultsButtonIsShownClickTheButtonToLoadMore2 -->
  <testcase name="scrollALittleFurtherUntilYouCanSeeAnotherImageWithAViewCollectionLabelNoteTheProductsWhichAreVisibleOnTheScreenNowClickOnOneOfTheImagesWithAViewCollectionLabel" time="0.0" classname="com.dunelm.common.tests.SearchTest">
    <skipped/>
  </testcase> <!-- scrollALittleFurtherUntilYouCanSeeAnotherImageWithAViewCollectionLabelNoteTheProductsWhichAreVisibleOnTheScreenNowClickOnOneOfTheImagesWithAViewCollectionLabel -->
  <testcase name="clickTheBrowserBackButton2" time="0.0" classname="com.dunelm.common.tests.SearchTest">
    <skipped/>
  </testcase> <!-- clickTheBrowserBackButton2 -->
</testsuite> <!-- Search -->
