<?xml version="1.0" encoding="UTF-8"?>
<!-- Generated by org.testng.reporters.JUnitXMLReporter -->
<testsuite hostname="BLRTRIBWDTP" name="StoreLocator" tests="31" failures="0" timestamp="13 Jun 2016 05:51:31 GMT" time="0.042" errors="0">
  <testcase name="@BeforeClass initializeTestBaseSetup" time="0.0" classname="com.dunelm.common.tests.StoreLocatorTestAndroidPhone">
    <failure type="org.testng.TestNGException" message="
Parameter &amp;apos;browserType&amp;apos; is required by @Configuration on method initializeTestBaseSetup but has not been marked @Optional or defined
in D:\Nithya\DunlemWorkspace\Dunelm Framework (Mobile)\text.xml">
      <![CDATA[org.testng.TestNGException: 
Parameter 'browserType' is required by @Configuration on method initializeTestBaseSetup but has not been marked @Optional or defined
in D:\Nithya\DunlemWorkspace\Dunelm Framework (Mobile)\text.xml
... Removed 21 stack frames]]>
    </failure>
  </testcase> <!-- @BeforeClass initializeTestBaseSetup -->
  <testcase name="clickOnStoreLocatorLink" time="0.001" classname="com.dunelm.common.tests.StoreLocatorTestAndroidPhone">
    <skipped/>
  </testcase> <!-- clickOnStoreLocatorLink -->
  <testcase name="writeTownOrPostcode" time="0.0" classname="com.dunelm.common.tests.StoreLocatorTestAndroidPhone">
    <skipped/>
  </testcase> <!-- writeTownOrPostcode -->
  <testcase name="clickOnFindAStore" time="0.0" classname="com.dunelm.common.tests.StoreLocatorTestAndroidPhone">
    <skipped/>
  </testcase> <!-- clickOnFindAStore -->
  <testcase name="verifySpecs" time="0.0" classname="com.dunelm.common.tests.StoreLocatorTestAndroidPhone">
    <skipped/>
  </testcase> <!-- verifySpecs -->
  <testcase name="clickOnAStoreInMap" time="0.0" classname="com.dunelm.common.tests.StoreLocatorTestAndroidPhone">
    <skipped/>
  </testcase> <!-- clickOnAStoreInMap -->
  <testcase name="clickOnGetDirectionsMap" time="0.001" classname="com.dunelm.common.tests.StoreLocatorTestAndroidPhone">
    <skipped/>
  </testcase> <!-- clickOnGetDirectionsMap -->
  <testcase name="clickOnHyperlinkOfStoreName" time="0.005" classname="com.dunelm.common.tests.StoreLocatorTestAndroidPhone">
    <skipped/>
  </testcase> <!-- clickOnHyperlinkOfStoreName -->
  <testcase name="verifyAddressAndTelephone" time="0.0" classname="com.dunelm.common.tests.StoreLocatorTestAndroidPhone">
    <skipped/>
  </testcase> <!-- verifyAddressAndTelephone -->
  <testcase name="clickOnGetDirections1" time="0.0" classname="com.dunelm.common.tests.StoreLocatorTestAndroidPhone">
    <skipped/>
  </testcase> <!-- clickOnGetDirections1 -->
  <testcase name="verifyStartingAndEndingPoint" time="0.009" classname="com.dunelm.common.tests.StoreLocatorTestAndroidPhone">
    <skipped/>
  </testcase> <!-- verifyStartingAndEndingPoint -->
  <testcase name="navigateToHomePage2" time="0.0" classname="com.dunelm.common.tests.StoreLocatorTestAndroidPhone">
    <skipped/>
  </testcase> <!-- navigateToHomePage2 -->
  <testcase name="clickOnStoreLocatorLink2" time="0.001" classname="com.dunelm.common.tests.StoreLocatorTestAndroidPhone">
    <skipped/>
  </testcase> <!-- clickOnStoreLocatorLink2 -->
  <testcase name="writeTownOrPostcode1" time="0.0" classname="com.dunelm.common.tests.StoreLocatorTestAndroidPhone">
    <skipped/>
  </testcase> <!-- writeTownOrPostcode1 -->
  <testcase name="clickOnFindAStore1" time="0.003" classname="com.dunelm.common.tests.StoreLocatorTestAndroidPhone">
    <skipped/>
  </testcase> <!-- clickOnFindAStore1 -->
  <testcase name="verifyLocationDropownMenuSize" time="0.0" classname="com.dunelm.common.tests.StoreLocatorTestAndroidPhone">
    <skipped/>
  </testcase> <!-- verifyLocationDropownMenuSize -->
  <testcase name="clickOnDropDownLocation" time="0.0" classname="com.dunelm.common.tests.StoreLocatorTestAndroidPhone">
    <skipped/>
  </testcase> <!-- clickOnDropDownLocation -->
  <testcase name="clickOnLIstViewButton" time="0.001" classname="com.dunelm.common.tests.StoreLocatorTestAndroidPhone">
    <skipped/>
  </testcase> <!-- clickOnLIstViewButton -->
  <testcase name="verifyStoreSpecs" time="0.0" classname="com.dunelm.common.tests.StoreLocatorTestAndroidPhone">
    <skipped/>
  </testcase> <!-- verifyStoreSpecs -->
  <testcase name="verifyStoreSpecs2" time="0.0" classname="com.dunelm.common.tests.StoreLocatorTestAndroidPhone">
    <skipped/>
  </testcase> <!-- verifyStoreSpecs2 -->
  <testcase name="writeTownOrPostcode2" time="0.0" classname="com.dunelm.common.tests.StoreLocatorTestAndroidPhone">
    <skipped/>
  </testcase> <!-- writeTownOrPostcode2 -->
  <testcase name="clickOnFindAStore2" time="0.0" classname="com.dunelm.common.tests.StoreLocatorTestAndroidPhone">
    <skipped/>
  </testcase> <!-- clickOnFindAStore2 -->
  <testcase name="clickOnStoreInfoAccordion" time="0.0" classname="com.dunelm.common.tests.StoreLocatorTestAndroidPhone">
    <skipped/>
  </testcase> <!-- clickOnStoreInfoAccordion -->
  <testcase name="clickOnStoreInfoAccordionAgain" time="0.0" classname="com.dunelm.common.tests.StoreLocatorTestAndroidPhone">
    <skipped/>
  </testcase> <!-- clickOnStoreInfoAccordionAgain -->
  <testcase name="clickOnViewStoreDetails" time="0.0" classname="com.dunelm.common.tests.StoreLocatorTestAndroidPhone">
    <skipped/>
  </testcase> <!-- clickOnViewStoreDetails -->
  <testcase name="clickOnGetDirections2" time="0.0" classname="com.dunelm.common.tests.StoreLocatorTestAndroidPhone">
    <skipped/>
  </testcase> <!-- clickOnGetDirections2 -->
  <testcase name="navigateToHomePage3" time="0.0" classname="com.dunelm.common.tests.StoreLocatorTestAndroidPhone">
    <skipped/>
  </testcase> <!-- navigateToHomePage3 -->
  <testcase name="clickOnStoreLocatorLink3" time="0.001" classname="com.dunelm.common.tests.StoreLocatorTestAndroidPhone">
    <skipped/>
  </testcase> <!-- clickOnStoreLocatorLink3 -->
  <testcase name="clickOnAToZStore" time="0.0" classname="com.dunelm.common.tests.StoreLocatorTestAndroidPhone">
    <skipped/>
  </testcase> <!-- clickOnAToZStore -->
  <testcase name="clickOnAStoreName" time="0.0" classname="com.dunelm.common.tests.StoreLocatorTestAndroidPhone">
    <skipped/>
  </testcase> <!-- clickOnAStoreName -->
  <testcase name="clickOnGetDirections" time="0.0" classname="com.dunelm.common.tests.StoreLocatorTestAndroidPhone">
    <skipped/>
  </testcase> <!-- clickOnGetDirections -->
  <testcase name="verifyStartingAndEndingPoint2" time="0.001" classname="com.dunelm.common.tests.StoreLocatorTestAndroidPhone">
    <skipped/>
  </testcase> <!-- verifyStartingAndEndingPoint2 -->
</testsuite> <!-- StoreLocator -->
